#
# There is insufficient memory for the Java Runtime Environment to continue.
# Native memory allocation (malloc) failed to allocate 1266736 bytes for Chunk::new
# Possible reasons:
#   The system is out of physical RAM or swap space
#   In 32 bit mode, the process size limit was hit
# Possible solutions:
#   Reduce memory load on the system
#   Increase physical memory or swap space
#   Check if swap backing store is full
#   Use 64 bit Java on a 64 bit OS
#   Decrease Java heap size (-Xmx/-Xms)
#   Decrease number of Java threads
#   Decrease Java thread stack sizes (-Xss)
#   Set larger code cache with -XX:ReservedCodeCacheSize=
# This output file may be truncated or incomplete.
#
#  Out of Memory Error (allocation.cpp:390), pid=7584, tid=0x0000000000001190
#
# JRE version: OpenJDK Runtime Environment (8.0_152-b02) (build 1.8.0_152-release-1024-b02)
# Java VM: OpenJDK 64-Bit Server VM (25.152-b02 mixed mode windows-amd64 compressed oops)
# Failed to write core dump. Minidumps are not enabled by default on client versions of Windows
#

---------------  T H R E A D  ---------------

Current thread (0x000000001510f000):  JavaThread "C2 CompilerThread1" daemon [_thread_in_native, id=4496, stack(0x0000000016850000,0x0000000016950000)]

Stack: [0x0000000016850000,0x0000000016950000]
[error occurred during error reporting (printing stack bounds), id 0xc0000005]

Native frames: (J=compiled Java code, j=interpreted, Vv=VM code, C=native code)


Current CompileTask:
C2:  10943 9295       4       org.jetbrains.kotlin.resolve.calls.CandidateResolver::checkReceiver (695 bytes)


---------------  P R O C E S S  ---------------

Java Threads: ( => current thread )
  0x0000000015119000 JavaThread "Service Thread" daemon [_thread_blocked, id=8160, stack(0x0000000016e50000,0x0000000016f50000)]
  0x0000000015115000 JavaThread "C1 CompilerThread2" daemon [_thread_in_vm, id=7344, stack(0x0000000016950000,0x0000000016a50000)]
=>0x000000001510f000 JavaThread "C2 CompilerThread1" daemon [_thread_in_native, id=4496, stack(0x0000000016850000,0x0000000016950000)]
  0x000000001511d800 JavaThread "C2 CompilerThread0" daemon [_thread_in_native, id=2096, stack(0x0000000016750000,0x0000000016850000)]
  0x000000001511c000 JavaThread "Attach Listener" daemon [_thread_blocked, id=8104, stack(0x0000000016650000,0x0000000016750000)]
  0x000000001511b000 JavaThread "Signal Dispatcher" daemon [_thread_blocked, id=7368, stack(0x0000000016550000,0x0000000016650000)]
  0x00000000150fe000 JavaThread "Finalizer" daemon [_thread_blocked, id=7044, stack(0x0000000016370000,0x0000000016470000)]
  0x0000000002b06800 JavaThread "Reference Handler" daemon [_thread_blocked, id=5916, stack(0x0000000016270000,0x0000000016370000)]
  0x0000000002a14800 JavaThread "main" [_thread_in_Java, id=5484, stack(0x0000000002910000,0x0000000002a10000)]

Other Threads:
  0x00000000150d5000 VMThread [stack: 0x0000000016170000,0x0000000016270000] [id=6300]
  0x000000001516d000 WatcherThread [stack: 0x0000000016f50000,0x0000000017050000] [id=3352]

VM state:not at safepoint (normal execution)

VM Mutex/Monitor currently owned by a thread: None

Heap:
 PSYoungGen      total 109056K, used 38534K [0x00000000eb200000, 0x00000000f4980000, 0x0000000100000000)
  eden space 80384K, 28% used [0x00000000eb200000,0x00000000ec819438,0x00000000f0080000)
  from space 28672K, 55% used [0x00000000f0080000,0x00000000f10085c0,0x00000000f1c80000)
  to   space 28160K, 0% used [0x00000000f2e00000,0x00000000f2e00000,0x00000000f4980000)
 ParOldGen       total 75776K, used 46327K [0x00000000c1600000, 0x00000000c6000000, 0x00000000eb200000)
  object space 75776K, 61% used [0x00000000c1600000,0x00000000c433dcf8,0x00000000c6000000)
 Metaspace       used 46969K, capacity 47841K, committed 48088K, reserved 1091584K
  class space    used 5643K, capacity 5850K, committed 5888K, reserved 1048576K

Card table byte_map: [0x0000000011ed0000,0x00000000120d0000] byte_map_base: 0x00000000118c5000

Marking Bits: (ParMarkBitMap*) 0x0000000071f04970
 Begin Bits: [0x0000000012620000, 0x00000000135c8000)
 End Bits:   [0x00000000135c8000, 0x0000000014570000)

Polling page: 0x0000000000fa0000

CodeCache: size=245760Kb used=28349Kb max_used=28349Kb free=217410Kb
 bounds [0x0000000002b10000, 0x00000000046e0000, 0x0000000011b10000]
 total_blobs=8944 nmethods=8495 adapters=361
 compilation: enabled

Compilation events (10 events):
Event: 10.933 Thread 0x0000000015115000 nmethod 9381 0x00000000046d6c10 code [0x00000000046d6d80, 0x00000000046d7008]
Event: 10.933 Thread 0x0000000015115000 9382       3       sun.reflect.generics.reflectiveObjects.WildcardTypeImpl::hashCode (20 bytes)
Event: 10.934 Thread 0x0000000015115000 nmethod 9382 0x00000000046d7110 code [0x00000000046d72a0, 0x00000000046d74f8]
Event: 10.935 Thread 0x0000000015115000 9383       3       org.jetbrains.kotlin.psi.KtVisitorVoid::visitNamedFunction (10 bytes)
Event: 10.935 Thread 0x0000000015115000 nmethod 9383 0x00000000046d7610 code [0x00000000046d7780, 0x00000000046d7b68]
Event: 10.935 Thread 0x0000000015115000 9384       3       org.jetbrains.kotlin.psi.KtVisitorVoid::visitNamedFunction (7 bytes)
Event: 10.935 Thread 0x0000000015115000 nmethod 9384 0x00000000046d7c50 code [0x00000000046d7dc0, 0x00000000046d7fe8]
Event: 10.938 Thread 0x0000000015115000 9385       3       org.jetbrains.kotlin.resolve.scopes.LexicalScopeImpl$InitializeHandler::addVariableDescriptor (18 bytes)
Event: 10.938 Thread 0x0000000015115000 nmethod 9385 0x00000000046d8090 code [0x00000000046d8220, 0x00000000046d8518]
Event: 10.938 Thread 0x0000000015115000 9386       3       org.jetbrains.kotlin.resolve.VariableTypeAndInitializerResolver::resolveTypeNullable (197 bytes)

GC Heap History (10 events):
Event: 4.513 GC heap before
{Heap before GC invocations=11 (full 2):
 PSYoungGen      total 75264K, used 60928K [0x00000000eb200000, 0x00000000f2f00000, 0x0000000100000000)
  eden space 60928K, 100% used [0x00000000eb200000,0x00000000eed80000,0x00000000eed80000)
  from space 14336K, 0% used [0x00000000eff80000,0x00000000eff80000,0x00000000f0d80000)
  to   space 18432K, 0% used [0x00000000eed80000,0x00000000eed80000,0x00000000eff80000)
 ParOldGen       total 75776K, used 26042K [0x00000000c1600000, 0x00000000c6000000, 0x00000000eb200000)
  object space 75776K, 34% used [0x00000000c1600000,0x00000000c2f6e860,0x00000000c6000000)
 Metaspace       used 36412K, capacity 36985K, committed 37336K, reserved 1081344K
  class space    used 4386K, capacity 4538K, committed 4608K, reserved 1048576K
Event: 4.525 GC heap after
Heap after GC invocations=11 (full 2):
 PSYoungGen      total 79360K, used 10164K [0x00000000eb200000, 0x00000000f1d00000, 0x0000000100000000)
  eden space 60928K, 0% used [0x00000000eb200000,0x00000000eb200000,0x00000000eed80000)
  from space 18432K, 55% used [0x00000000eed80000,0x00000000ef76d058,0x00000000eff80000)
  to   space 17920K, 0% used [0x00000000f0b80000,0x00000000f0b80000,0x00000000f1d00000)
 ParOldGen       total 75776K, used 26050K [0x00000000c1600000, 0x00000000c6000000, 0x00000000eb200000)
  object space 75776K, 34% used [0x00000000c1600000,0x00000000c2f70860,0x00000000c6000000)
 Metaspace       used 36412K, capacity 36985K, committed 37336K, reserved 1081344K
  class space    used 4386K, capacity 4538K, committed 4608K, reserved 1048576K
}
Event: 5.480 GC heap before
{Heap before GC invocations=12 (full 2):
 PSYoungGen      total 79360K, used 71092K [0x00000000eb200000, 0x00000000f1d00000, 0x0000000100000000)
  eden space 60928K, 100% used [0x00000000eb200000,0x00000000eed80000,0x00000000eed80000)
  from space 18432K, 55% used [0x00000000eed80000,0x00000000ef76d058,0x00000000eff80000)
  to   space 17920K, 0% used [0x00000000f0b80000,0x00000000f0b80000,0x00000000f1d00000)
 ParOldGen       total 75776K, used 26050K [0x00000000c1600000, 0x00000000c6000000, 0x00000000eb200000)
  object space 75776K, 34% used [0x00000000c1600000,0x00000000c2f70860,0x00000000c6000000)
 Metaspace       used 40919K, capacity 41645K, committed 41816K, reserved 1085440K
  class space    used 5039K, capacity 5192K, committed 5248K, reserved 1048576K
Event: 5.504 GC heap after
Heap after GC invocations=12 (full 2):
 PSYoungGen      total 89088K, used 17905K [0x00000000eb200000, 0x00000000f2280000, 0x0000000100000000)
  eden space 71168K, 0% used [0x00000000eb200000,0x00000000eb200000,0x00000000ef780000)
  from space 17920K, 99% used [0x00000000f0b80000,0x00000000f1cfc658,0x00000000f1d00000)
  to   space 20480K, 0% used [0x00000000ef780000,0x00000000ef780000,0x00000000f0b80000)
 ParOldGen       total 75776K, used 27349K [0x00000000c1600000, 0x00000000c6000000, 0x00000000eb200000)
  object space 75776K, 36% used [0x00000000c1600000,0x00000000c30b5648,0x00000000c6000000)
 Metaspace       used 40919K, capacity 41645K, committed 41816K, reserved 1085440K
  class space    used 5039K, capacity 5192K, committed 5248K, reserved 1048576K
}
Event: 7.774 GC heap before
{Heap before GC invocations=13 (full 2):
 PSYoungGen      total 89088K, used 89073K [0x00000000eb200000, 0x00000000f2280000, 0x0000000100000000)
  eden space 71168K, 100% used [0x00000000eb200000,0x00000000ef780000,0x00000000ef780000)
  from space 17920K, 99% used [0x00000000f0b80000,0x00000000f1cfc658,0x00000000f1d00000)
  to   space 20480K, 0% used [0x00000000ef780000,0x00000000ef780000,0x00000000f0b80000)
 ParOldGen       total 75776K, used 27349K [0x00000000c1600000, 0x00000000c6000000, 0x00000000eb200000)
  object space 75776K, 36% used [0x00000000c1600000,0x00000000c30b5648,0x00000000c6000000)
 Metaspace       used 44594K, capacity 45309K, committed 45400K, reserved 1089536K
  class space    used 5329K, capacity 5486K, committed 5504K, reserved 1048576K
Event: 7.801 GC heap after
Heap after GC invocations=13 (full 2):
 PSYoungGen      total 91648K, used 20448K [0x00000000eb200000, 0x00000000f3400000, 0x0000000100000000)
  eden space 71168K, 0% used [0x00000000eb200000,0x00000000eb200000,0x00000000ef780000)
  from space 20480K, 99% used [0x00000000ef780000,0x00000000f0b78320,0x00000000f0b80000)
  to   space 24064K, 0% used [0x00000000f1c80000,0x00000000f1c80000,0x00000000f3400000)
 ParOldGen       total 75776K, used 29557K [0x00000000c1600000, 0x00000000c6000000, 0x00000000eb200000)
  object space 75776K, 39% used [0x00000000c1600000,0x00000000c32dd718,0x00000000c6000000)
 Metaspace       used 44594K, capacity 45309K, committed 45400K, reserved 1089536K
  class space    used 5329K, capacity 5486K, committed 5504K, reserved 1048576K
}
Event: 8.960 GC heap before
{Heap before GC invocations=14 (full 2):
 PSYoungGen      total 91648K, used 91616K [0x00000000eb200000, 0x00000000f3400000, 0x0000000100000000)
  eden space 71168K, 100% used [0x00000000eb200000,0x00000000ef780000,0x00000000ef780000)
  from space 20480K, 99% used [0x00000000ef780000,0x00000000f0b78320,0x00000000f0b80000)
  to   space 24064K, 0% used [0x00000000f1c80000,0x00000000f1c80000,0x00000000f3400000)
 ParOldGen       total 75776K, used 29557K [0x00000000c1600000, 0x00000000c6000000, 0x00000000eb200000)
  object space 75776K, 39% used [0x00000000c1600000,0x00000000c32dd718,0x00000000c6000000)
 Metaspace       used 45187K, capacity 45979K, committed 46296K, reserved 1089536K
  class space    used 5366K, capacity 5555K, committed 5632K, reserved 1048576K
Event: 9.002 GC heap after
Heap after GC invocations=14 (full 2):
 PSYoungGen      total 104448K, used 24044K [0x00000000eb200000, 0x00000000f3e80000, 0x0000000100000000)
  eden space 80384K, 0% used [0x00000000eb200000,0x00000000eb200000,0x00000000f0080000)
  from space 24064K, 99% used [0x00000000f1c80000,0x00000000f33fb278,0x00000000f3400000)
  to   space 28672K, 0% used [0x00000000f0080000,0x00000000f0080000,0x00000000f1c80000)
 ParOldGen       total 75776K, used 31603K [0x00000000c1600000, 0x00000000c6000000, 0x00000000eb200000)
  object space 75776K, 41% used [0x00000000c1600000,0x00000000c34dcdf0,0x00000000c6000000)
 Metaspace       used 45187K, capacity 45979K, committed 46296K, reserved 1089536K
  class space    used 5366K, capacity 5555K, committed 5632K, reserved 1048576K
}
Event: 10.500 GC heap before
{Heap before GC invocations=15 (full 2):
 PSYoungGen      total 104448K, used 104428K [0x00000000eb200000, 0x00000000f3e80000, 0x0000000100000000)
  eden space 80384K, 100% used [0x00000000eb200000,0x00000000f0080000,0x00000000f0080000)
  from space 24064K, 99% used [0x00000000f1c80000,0x00000000f33fb278,0x00000000f3400000)
  to   space 28672K, 0% used [0x00000000f0080000,0x00000000f0080000,0x00000000f1c80000)
 ParOldGen       total 75776K, used 31603K [0x00000000c1600000, 0x00000000c6000000, 0x00000000eb200000)
  object space 75776K, 41% used [0x00000000c1600000,0x00000000c34dcdf0,0x00000000c6000000)
 Metaspace       used 46875K, capacity 47713K, committed 47832K, reserved 1091584K
  class space    used 5643K, capacity 5850K, committed 5888K, reserved 1048576K
Event: 10.552 GC heap after
Heap after GC invocations=15 (full 2):
 PSYoungGen      total 109056K, used 15905K [0x00000000eb200000, 0x00000000f4980000, 0x0000000100000000)
  eden space 80384K, 0% used [0x00000000eb200000,0x00000000eb200000,0x00000000f0080000)
  from space 28672K, 55% used [0x00000000f0080000,0x00000000f10085c0,0x00000000f1c80000)
  to   space 28160K, 0% used [0x00000000f2e00000,0x00000000f2e00000,0x00000000f4980000)
 ParOldGen       total 75776K, used 46327K [0x00000000c1600000, 0x00000000c6000000, 0x00000000eb200000)
  object space 75776K, 61% used [0x00000000c1600000,0x00000000c433dcf8,0x00000000c6000000)
 Metaspace       used 46875K, capacity 47713K, committed 47832K, reserved 1091584K
  class space    used 5643K, capacity 5850K, committed 5888K, reserved 1048576K
}

Deoptimization events (10 events):
Event: 10.672 Thread 0x0000000002a14800 Uncommon trap: reason=class_check action=maybe_recompile pc=0x00000000044eda6c method=org.jetbrains.kotlin.resolve.DeprecationResolver.isDeprecatedHidden(Lorg/jetbrains/kotlin/descriptors/DeclarationDescriptor;)Z @ 11
Event: 10.672 Thread 0x0000000002a14800 Uncommon trap: reason=class_check action=maybe_recompile pc=0x00000000044eda6c method=org.jetbrains.kotlin.resolve.DeprecationResolver.isDeprecatedHidden(Lorg/jetbrains/kotlin/descriptors/DeclarationDescriptor;)Z @ 11
Event: 10.675 Thread 0x0000000002a14800 Uncommon trap: reason=class_check action=maybe_recompile pc=0x0000000004650780 method=org.jetbrains.kotlin.resolve.bindingContextUtil.BindingContextUtilsKt.recordScope(Lorg/jetbrains/kotlin/resolve/BindingTrace;Lorg/jetbrains/kotlin/resolve/scopes/Lexical
Event: 10.675 Thread 0x0000000002a14800 Uncommon trap: reason=class_check action=maybe_recompile pc=0x0000000004650780 method=org.jetbrains.kotlin.resolve.bindingContextUtil.BindingContextUtilsKt.recordScope(Lorg/jetbrains/kotlin/resolve/BindingTrace;Lorg/jetbrains/kotlin/resolve/scopes/Lexical
Event: 10.675 Thread 0x0000000002a14800 Uncommon trap: reason=class_check action=maybe_recompile pc=0x0000000004650780 method=org.jetbrains.kotlin.resolve.bindingContextUtil.BindingContextUtilsKt.recordScope(Lorg/jetbrains/kotlin/resolve/BindingTrace;Lorg/jetbrains/kotlin/resolve/scopes/Lexical
Event: 10.676 Thread 0x0000000002a14800 Uncommon trap: reason=class_check action=maybe_recompile pc=0x0000000004650780 method=org.jetbrains.kotlin.resolve.bindingContextUtil.BindingContextUtilsKt.recordScope(Lorg/jetbrains/kotlin/resolve/BindingTrace;Lorg/jetbrains/kotlin/resolve/scopes/Lexical
Event: 10.891 Thread 0x0000000002a14800 Uncommon trap: reason=class_check action=maybe_recompile pc=0x000000000460faac method=org.jetbrains.kotlin.resolve.calls.smartcasts.DataFlowValueFactory.propertyKind(Lorg/jetbrains/kotlin/descriptors/PropertyDescriptor;Lorg/jetbrains/kotlin/descriptors/Mo
Event: 10.891 Thread 0x0000000002a14800 Uncommon trap: reason=class_check action=maybe_recompile pc=0x000000000460faac method=org.jetbrains.kotlin.resolve.calls.smartcasts.DataFlowValueFactory.propertyKind(Lorg/jetbrains/kotlin/descriptors/PropertyDescriptor;Lorg/jetbrains/kotlin/descriptors/Mo
Event: 10.892 Thread 0x0000000002a14800 Uncommon trap: reason=class_check action=maybe_recompile pc=0x000000000460faac method=org.jetbrains.kotlin.resolve.calls.smartcasts.DataFlowValueFactory.propertyKind(Lorg/jetbrains/kotlin/descriptors/PropertyDescriptor;Lorg/jetbrains/kotlin/descriptors/Mo
Event: 10.893 Thread 0x0000000002a14800 Uncommon trap: reason=class_check action=maybe_recompile pc=0x000000000460faac method=org.jetbrains.kotlin.resolve.calls.smartcasts.DataFlowValueFactory.propertyKind(Lorg/jetbrains/kotlin/descriptors/PropertyDescriptor;Lorg/jetbrains/kotlin/descriptors/Mo

Classes redefined (0 events):
No events

Internal exceptions (10 events):
Event: 5.267 Thread 0x0000000002a14800 Exception <a 'java/lang/NoSuchMethodError': java.lang.Object.lambda$static$0(I)[Lorg/jetbrains/kotlin/com/intellij/psi/PsiTypeParameter;> (0x00000000ee5e7068) thrown at [D:\src\AOSP-openjdk-cygwin\jdk8u\hotspot\src\share\vm\interpreter\linkResolver.cpp, l
Event: 5.288 Thread 0x0000000002a14800 Exception <a 'java/lang/NoSuchMethodError': java.lang.Object.lambda$static$0(I)[Lorg/jetbrains/kotlin/com/intellij/psi/PsiMethod;> (0x00000000ee6bb450) thrown at [D:\src\AOSP-openjdk-cygwin\jdk8u\hotspot\src\share\vm\interpreter\linkResolver.cpp, line 584
Event: 5.289 Thread 0x0000000002a14800 Exception <a 'java/lang/NoSuchMethodError': java.lang.Object.lambda$static$0(I)[Lorg/jetbrains/kotlin/com/intellij/psi/PsiField;> (0x00000000ee6c5e40) thrown at [D:\src\AOSP-openjdk-cygwin\jdk8u\hotspot\src\share\vm\interpreter\linkResolver.cpp, line 584]
Event: 5.324 Thread 0x0000000002a14800 Exception <a 'java/lang/NoSuchMethodError': java.lang.Object.lambda$static$0(I)[Lorg/jetbrains/kotlin/com/intellij/psi/PsiJavaCodeReferenceElement;> (0x00000000ee7cbbc0) thrown at [D:\src\AOSP-openjdk-cygwin\jdk8u\hotspot\src\share\vm\interpreter\linkReso
Event: 5.519 Thread 0x0000000002a14800 Implicit null exception at 0x000000000355af8c to 0x000000000355b041
Event: 6.401 Thread 0x0000000002a14800 Implicit null exception at 0x0000000003ac05ef to 0x0000000003ac0e0b
Event: 6.826 Thread 0x0000000002a14800 Implicit null exception at 0x0000000003e0981b to 0x0000000003e09d19
Event: 7.878 Thread 0x0000000002a14800 Implicit null exception at 0x0000000002db9c96 to 0x0000000002dba031
Event: 7.913 Thread 0x0000000002a14800 Implicit null exception at 0x0000000002d1fa57 to 0x0000000002d1fe61
Event: 8.496 Thread 0x0000000002a14800 Implicit null exception at 0x00000000043b2450 to 0x00000000043b247d

Events (10 events):
Event: 10.891 Thread 0x0000000002a14800 DEOPT UNPACKING pc=0x0000000002b5557b sp=0x0000000002a0a918 mode 2
Event: 10.891 Thread 0x0000000002a14800 Uncommon trap: trap_request=0xffffffde fr.pc=0x000000000460faac
Event: 10.891 Thread 0x0000000002a14800 DEOPT PACKING pc=0x000000000460faac sp=0x0000000002a0bad0
Event: 10.891 Thread 0x0000000002a14800 DEOPT UNPACKING pc=0x0000000002b5557b sp=0x0000000002a0b928 mode 2
Event: 10.892 Thread 0x0000000002a14800 Uncommon trap: trap_request=0xffffffde fr.pc=0x000000000460faac
Event: 10.892 Thread 0x0000000002a14800 DEOPT PACKING pc=0x000000000460faac sp=0x0000000002a0bdf0
Event: 10.892 Thread 0x0000000002a14800 DEOPT UNPACKING pc=0x0000000002b5557b sp=0x0000000002a0bc48 mode 2
Event: 10.893 Thread 0x0000000002a14800 Uncommon trap: trap_request=0xffffffde fr.pc=0x000000000460faac
Event: 10.893 Thread 0x0000000002a14800 DEOPT PACKING pc=0x000000000460faac sp=0x0000000002a0c110
Event: 10.893 Thread 0x0000000002a14800 DEOPT UNPACKING pc=0x0000000002b5557b sp=0x0000000002a0bf68 mode 2


Dynamic libraries:
0x00007ff72d7a0000 - 0x00007ff72d7d1000 	E:\Android\jre\jre\bin\java.exe
0x00007ffa723c0000 - 0x00007ffa7256d000 	C:\Windows\SYSTEM32\ntdll.dll
0x00007ffa6fea0000 - 0x00007ffa6ffde000 	C:\Windows\system32\KERNEL32.DLL
0x00007ffa4f1f0000 - 0x00007ffa4f224000 	C:\Program Files\AVAST Software\Avast\x64\aswhooka.dll
0x00007ffa6f7b0000 - 0x00007ffa6f8c5000 	C:\Windows\system32\KERNELBASE.dll
0x00007ffa6ffe0000 - 0x00007ffa7008a000 	C:\Windows\system32\ADVAPI32.dll
0x00007ffa71a80000 - 0x00007ffa71bf7000 	C:\Windows\system32\USER32.dll
0x00007ffa6d430000 - 0x00007ffa6d6aa000 	C:\Windows\WinSxS\amd64_microsoft.windows.common-controls_6595b64144ccf1df_6.0.9600.17810_none_6240b9c7ecbd0bda\COMCTL32.dll
0x00007ffa6fdf0000 - 0x00007ffa6fe9a000 	C:\Windows\system32\msvcrt.dll
0x00007ffa701f0000 - 0x00007ffa70249000 	C:\Windows\SYSTEM32\sechost.dll
0x00007ffa70250000 - 0x00007ffa70391000 	C:\Windows\system32\RPCRT4.dll
0x00007ffa71c00000 - 0x00007ffa71d4f000 	C:\Windows\system32\GDI32.dll
0x00007ffa72380000 - 0x00007ffa723b6000 	C:\Windows\system32\IMM32.DLL
0x00007ffa70090000 - 0x00007ffa701e2000 	C:\Windows\system32\MSCTF.dll
0x00000000715e0000 - 0x00000000716b2000 	E:\Android\jre\jre\bin\msvcr100.dll
0x0000000071740000 - 0x0000000071f7f000 	E:\Android\jre\jre\bin\server\jvm.dll
0x00007ffa61820000 - 0x00007ffa61829000 	C:\Windows\SYSTEM32\WSOCK32.dll
0x00007ffa673b0000 - 0x00007ffa673d2000 	C:\Windows\SYSTEM32\WINMM.dll
0x00007ffa65aa0000 - 0x00007ffa65aaa000 	C:\Windows\SYSTEM32\VERSION.dll
0x00007ffa71e80000 - 0x00007ffa71e87000 	C:\Windows\system32\PSAPI.DLL
0x00007ffa72320000 - 0x00007ffa7237a000 	C:\Windows\system32\WS2_32.dll
0x00007ffa67380000 - 0x00007ffa673aa000 	C:\Windows\SYSTEM32\WINMMBASE.dll
0x00007ffa71a70000 - 0x00007ffa71a79000 	C:\Windows\system32\NSI.dll
0x00007ffa6f8d0000 - 0x00007ffa6f91f000 	C:\Windows\SYSTEM32\cfgmgr32.dll
0x00007ffa6e2e0000 - 0x00007ffa6e308000 	C:\Windows\SYSTEM32\DEVOBJ.dll
0x00007ffa4eca0000 - 0x00007ffa4ecaf000 	E:\Android\jre\jre\bin\verify.dll
0x00007ffa4ec70000 - 0x00007ffa4ec99000 	E:\Android\jre\jre\bin\java.dll
0x00007ffa4ec50000 - 0x00007ffa4ec66000 	E:\Android\jre\jre\bin\zip.dll
0x00007ffa703a0000 - 0x00007ffa718c8000 	C:\Windows\system32\SHELL32.dll
0x00007ffa6fa30000 - 0x00007ffa6fc42000 	C:\Windows\SYSTEM32\combase.dll
0x00007ffa6fd20000 - 0x00007ffa6fd74000 	C:\Windows\system32\SHLWAPI.dll
0x00007ffa6dd20000 - 0x00007ffa6ddd2000 	C:\Windows\SYSTEM32\SHCORE.dll
0x00007ffa6f500000 - 0x00007ffa6f515000 	C:\Windows\SYSTEM32\profapi.dll
0x00007ffa4ec30000 - 0x00007ffa4ec4a000 	E:\Android\jre\jre\bin\net.dll
0x00007ffa6edd0000 - 0x00007ffa6ee29000 	C:\Windows\system32\mswsock.dll
0x00007ffa4ec10000 - 0x00007ffa4ec21000 	E:\Android\jre\jre\bin\nio.dll

VM Arguments:
java_command: org.jetbrains.kotlin.cli.jvm.K2JVMCompiler -Xadd-compiler-builtins -Xbuild-file=C:\Users\BILALI~1\AppData\Local\Temp\kjps7960724989678135126app_debug.script.xml -classpath C:\Users\Bilal Idrees\.gradle\caches\modules-2\files-2.1\org.jetbrains.kotlin\kotlin-stdlib-jre7\1.2.30\b38fc19e670ebef931fef3ccdcb94eac2b65bb7d\kotlin-stdlib-jre7-1.2.30.jar;C:\Users\Bilal Idrees\.gradle\caches\transforms-1\files-1.1\appcompat-v7-27.1.1.aar\bd01ed5e84a1a8fea46b8b0683a59a0f\jars\classes.jar;C:\Users\Bilal Idrees\.gradle\caches\transforms-1\files-1.1\constraint-layout-1.1.3.aar\628a0c9fb6ecc2b86dce116a8734f79e\jars\classes.jar;C:\Users\Bilal Idrees\.gradle\caches\transforms-1\files-1.1\recyclerview-v7-27.1.1.aar\f4a06f19b14c1a9266b25cab6e62af96\jars\classes.jar;C:\Users\Bilal Idrees\.gradle\caches\transforms-1\files-1.1\cardview-v7-27.1.1.aar\e8c75a925ccd4b5eb1d7fe537e130265\jars\classes.jar;C:\Users\Bilal Idrees\.gradle\caches\modules-2\files-2.1\com.squareup.picasso\picasso\2.5.2\7446d06ec8d4f7ffcc53f1da37c95f200dcb9387\picasso-2.5.2.jar;C:\Users\Bilal Idrees\.gradle\caches\transforms-1\files-1.1\firebase-core-16.0.3.aar\b3fda79f3c29b62645cc16f6a1e361e5\jars\classes.jar;C:\Users\Bilal Idrees\.gradle\caches\transforms-1\files-1.1\firebase-database-16.0.1.aar\ba7710fc6661e7c96aaeb3d52aeb2ad0\jars\classes.jar;C:\Users\Bilal Idrees\.gradle\caches\transforms-1\files-1.1\firebase-storage-16.0.1.aar\f592471b97058c79f4508d7de12c3754\jars\classes.jar;C:\Users\Bilal Idrees\.gradle\caches\transforms-1\files-1.1\firebase-auth-16.0.3.aar\80a7a740c3beca25d246535992c991f7\jars\classes.jar;C:\Users\Bilal Idrees\.gradle\caches\modules-2\files-2.1\org.jetbrains.kotlin\kotlin-stdlib\1.2.30\2dfac33f8b4e92c9dd1422cd286834701a6f6d6\kotlin-stdlib-1.2.30.jar;C:\Users\Bilal Idrees\.gradle\caches\transforms-1\files-1.1\animated-vector-drawable-27.1.1.aar\3e9408be25d452976302c272c64ca27b\jars\classes.jar;C:\Users\Bilal Idrees\.gradle\caches\transforms-1\files-1.1\support-vector-drawable-27.
java_class_path (initial): C:\Users\Bilal Idrees\.gradle\caches\modules-2\files-2.1\org.jetbrains.kotlin\kotlin-compiler-embeddable\1.2.30\9b3f10d4717b9ac238b287e9b6eb2b4eadd8e870\kotlin-compiler-embeddable-1.2.30.jar;C:\Users\Bilal Idrees\.gradle\caches\modules-2\files-2.1\org.jetbrains.kotlin\kotlin-stdlib\1.2.30\2dfac33f8b4e92c9dd1422cd286834701a6f6d6\kotlin-stdlib-1.2.30.jar;C:\Users\Bilal Idrees\.gradle\caches\modules-2\files-2.1\org.jetbrains.kotlin\kotlin-script-runtime\1.2.30\37ee7531a636e99b639f8b1544cdda27d0ee30b0\kotlin-script-runtime-1.2.30.jar;C:\Users\Bilal Idrees\.gradle\caches\modules-2\files-2.1\org.jetbrains.kotlin\kotlin-reflect\1.2.30\9758025a415ee400e1f90ff222bcfec247779133\kotlin-reflect-1.2.30.jar;E:\Android\jre\lib\tools.jar
Launcher Type: SUN_STANDARD

Environment Variables:
JAVA_HOME=C:\Program Files\Java\jdk1.8.0_131
PATH=C:\ProgramData\Oracle\Java\javapath;C:\Windows\system32;C:\Windows;C:\Windows\System32\Wbem;C:\Windows\System32\WindowsPowerShell\v1.0\;C:\Program Files (x86)\Windows Kits\8.1\Windows Performance Toolkit\;C:\Program Files\Microsoft SQL Server\110\Tools\Binn\;C:\Program Files (x86)\Microsoft SQL Server\100\Tools\Binn\;C:\Program Files\Microsoft SQL Server\100\Tools\Binn\;C:\Program Files\Microsoft SQL Server\100\DTS\Binn\;C:\Program Files (x86)\Microsoft SQL Server\100\Tools\Binn\VSShell\Common7\IDE\;C:\Program Files (x86)\Microsoft SQL Server\100\DTS\Binn\;C:\Program Files (x86)\GtkSharp\2.12\bin;C:\Program Files\Git\cmd;;C:\Program Files\Microsoft VS Code\bin
USERNAME=Bilal Idrees
OS=Windows_NT
PROCESSOR_IDENTIFIER=Intel64 Family 6 Model 69 Stepping 1, GenuineIntel



---------------  S Y S T E M  ---------------

OS: Windows 8.1 , 64 bit Build 9600 (6.3.9600.17415)

CPU:total 4 (initial active 4) (2 cores per cpu, 2 threads per core) family 6 model 69 stepping 1, cmov, cx8, fxsr, mmx, sse, sse2, sse3, ssse3, sse4.1, sse4.2, popcnt, avx, avx2, aes, clmul, erms, rtm, lzcnt, ht, tsc, tscinvbit, bmi1, bmi2

Memory: 4k page, physical 4097580k(587032k free), swap 6711484k(5760k free)

vm_info: OpenJDK 64-Bit Server VM (25.152-b02) for windows-amd64 JRE (1.8.0_152-release-1024-b02), built by "builder" with MS VC++ 10.0 (VS2010)

time: Mon Oct 01 17:35:36 2018
elapsed time: 10 seconds (0d 0h 0m 10s)

