#
# There is insufficient memory for the Java Runtime Environment to continue.
# Native memory allocation (malloc) failed to allocate 2174576 bytes for Chunk::new
# Possible reasons:
#   The system is out of physical RAM or swap space
#   In 32 bit mode, the process size limit was hit
# Possible solutions:
#   Reduce memory load on the system
#   Increase physical memory or swap space
#   Check if swap backing store is full
#   Use 64 bit Java on a 64 bit OS
#   Decrease Java heap size (-Xmx/-Xms)
#   Decrease number of Java threads
#   Decrease Java thread stack sizes (-Xss)
#   Set larger code cache with -XX:ReservedCodeCacheSize=
# This output file may be truncated or incomplete.
#
#  Out of Memory Error (allocation.cpp:390), pid=6220, tid=0x0000000000001e78
#
# JRE version: OpenJDK Runtime Environment (8.0_152-b02) (build 1.8.0_152-release-1024-b02)
# Java VM: OpenJDK 64-Bit Server VM (25.152-b02 mixed mode windows-amd64 compressed oops)
# Failed to write core dump. Minidumps are not enabled by default on client versions of Windows
#

---------------  T H R E A D  ---------------

Current thread (0x000000001632d800):  JavaThread "C2 CompilerThread0" daemon [_thread_in_native, id=7800, stack(0x0000000017970000,0x0000000017a70000)]

Stack: [0x0000000017970000,0x0000000017a70000]
[error occurred during error reporting (printing stack bounds), id 0xc0000005]

Native frames: (J=compiled Java code, j=interpreted, Vv=VM code, C=native code)


Current CompileTask:
C2:  18120 2022   !   4       java.net.URLClassLoader$1::run (63 bytes)


---------------  P R O C E S S  ---------------

Java Threads: ( => current thread )
  0x0000000017edc800 JavaThread "RMI RenewClean-[localhost:1618,org.jetbrains.kotlin.daemon.common.LoopbackNetworkInterface$ClientLoopbackSocketFactory@455e8200]" daemon [_thread_blocked, id=5440, stack(0x0000000019740000,0x0000000019840000)]
  0x0000000018495800 JavaThread "RMI TCP Connection(2)-127.0.0.1" daemon [_thread_in_Java, id=6128, stack(0x0000000019640000,0x0000000019740000)]
  0x0000000018495000 JavaThread "RMI Scheduler(0)" daemon [_thread_blocked, id=204, stack(0x0000000019540000,0x0000000019640000)]
  0x0000000018461800 JavaThread "RMI TCP Connection(1)-127.0.0.1" daemon [_thread_in_native, id=6136, stack(0x0000000018f50000,0x0000000019050000)]
  0x00000000028be800 JavaThread "DestroyJavaVM" [_thread_blocked, id=7124, stack(0x00000000026e0000,0x00000000027e0000)]
  0x0000000018405800 JavaThread "GC Daemon" daemon [_thread_blocked, id=8076, stack(0x0000000019150000,0x0000000019250000)]
  0x0000000018405000 JavaThread "RMI Reaper" [_thread_blocked, id=4464, stack(0x0000000019050000,0x0000000019150000)]
  0x00000000182bd000 JavaThread "Timer-0" daemon [_thread_blocked, id=8024, stack(0x0000000018e50000,0x0000000018f50000)]
  0x00000000182bc800 JavaThread "RMI TCP Accept-17514" daemon [_thread_in_native, id=1676, stack(0x0000000018d50000,0x0000000018e50000)]
  0x0000000017c90800 JavaThread "Service Thread" daemon [_thread_blocked, id=2320, stack(0x0000000018070000,0x0000000018170000)]
  0x0000000016337800 JavaThread "C1 CompilerThread2" daemon [_thread_in_native, id=2300, stack(0x0000000017b70000,0x0000000017c70000)]
  0x0000000016331800 JavaThread "C2 CompilerThread1" daemon [_thread_in_native, id=6072, stack(0x0000000017a70000,0x0000000017b70000)]
=>0x000000001632d800 JavaThread "C2 CompilerThread0" daemon [_thread_in_native, id=7800, stack(0x0000000017970000,0x0000000017a70000)]
  0x000000001632b800 JavaThread "Attach Listener" daemon [_thread_blocked, id=6648, stack(0x0000000017870000,0x0000000017970000)]
  0x000000001632a000 JavaThread "Signal Dispatcher" daemon [_thread_blocked, id=7704, stack(0x0000000017770000,0x0000000017870000)]
  0x00000000029bc800 JavaThread "Finalizer" daemon [_thread_blocked, id=528, stack(0x0000000017590000,0x0000000017690000)]
  0x00000000029b1800 JavaThread "Reference Handler" daemon [_thread_blocked, id=7240, stack(0x0000000017490000,0x0000000017590000)]

Other Threads:
  0x00000000162f5800 VMThread [stack: 0x0000000017390000,0x0000000017490000] [id=5312]
  0x0000000017c92000 WatcherThread [stack: 0x0000000018170000,0x0000000018270000] [id=8116]

VM state:not at safepoint (normal execution)

VM Mutex/Monitor currently owned by a thread: None

Heap:
 PSYoungGen      total 62464K, used 51688K [0x00000000e0000000, 0x00000000e4e00000, 0x0000000100000000)
  eden space 59904K, 82% used [0x00000000e0000000,0x00000000e2ffab98,0x00000000e3a80000)
  from space 2560K, 99% used [0x00000000e4280000,0x00000000e44ff508,0x00000000e4500000)
  to   space 8192K, 0% used [0x00000000e3a80000,0x00000000e3a80000,0x00000000e4280000)
 ParOldGen       total 30208K, used 11549K [0x00000000a0000000, 0x00000000a1d80000, 0x00000000e0000000)
  object space 30208K, 38% used [0x00000000a0000000,0x00000000a0b474a8,0x00000000a1d80000)
 Metaspace       used 32726K, capacity 33152K, committed 33536K, reserved 1079296K
  class space    used 4124K, capacity 4248K, committed 4352K, reserved 1048576K

Card table byte_map: [0x0000000011d80000,0x0000000012090000] byte_map_base: 0x0000000011880000

Marking Bits: (ParMarkBitMap*) 0x0000000071f04970
 Begin Bits: [0x0000000012690000, 0x0000000013e90000)
 End Bits:   [0x0000000013e90000, 0x0000000015690000)

Polling page: 0x00000000027e0000

CodeCache: size=245760Kb used=6831Kb max_used=6831Kb free=238928Kb
 bounds [0x00000000029c0000, 0x0000000003070000, 0x00000000119c0000]
 total_blobs=2758 nmethods=2308 adapters=363
 compilation: enabled

Compilation events (10 events):
Event: 18.111 Thread 0x0000000016337800 nmethod 2327 0x000000000306b810 code [0x000000000306b980, 0x000000000306bc68]
Event: 18.111 Thread 0x0000000016337800 2325       1       org.jetbrains.kotlin.com.intellij.psi.impl.source.tree.CompositeElement::getFirstChildNode (5 bytes)
Event: 18.111 Thread 0x0000000016337800 nmethod 2325 0x000000000306bd50 code [0x000000000306bea0, 0x000000000306bfb0]
Event: 18.111 Thread 0x0000000016337800 2326       1       org.jetbrains.kotlin.com.intellij.psi.impl.source.tree.CompositeElement::getCachedLength (5 bytes)
Event: 18.111 Thread 0x0000000016337800 nmethod 2326 0x000000000306c010 code [0x000000000306c160, 0x000000000306c270]
Event: 18.114 Thread 0x0000000016337800 2330       3       org.jetbrains.kotlin.com.intellij.lang.impl.PsiBuilderImpl::rawLookup (30 bytes)
Event: 18.114 Thread 0x0000000016337800 nmethod 2330 0x000000000306c2d0 code [0x000000000306c440, 0x000000000306c650]
Event: 18.114 Thread 0x0000000016337800 2331       3       org.jetbrains.kotlin.com.intellij.lang.impl.PsiBuilderImpl::getCurrentOffset (27 bytes)
Event: 18.114 Thread 0x0000000016337800 nmethod 2331 0x000000000306c750 code [0x000000000306c8e0, 0x000000000306cd58]
Event: 18.114 Thread 0x0000000016337800 2332       3       org.jetbrains.kotlin.com.intellij.lang.impl.PsiBuilderImpl$StartMarker::done (24 bytes)

GC Heap History (10 events):
Event: 16.247 GC heap before
{Heap before GC invocations=4 (full 1):
 PSYoungGen      total 18944K, used 18913K [0x00000000e0000000, 0x00000000e1500000, 0x0000000100000000)
  eden space 16384K, 100% used [0x00000000e0000000,0x00000000e1000000,0x00000000e1000000)
  from space 2560K, 98% used [0x00000000e1280000,0x00000000e14f8550,0x00000000e1500000)
  to   space 2560K, 0% used [0x00000000e1000000,0x00000000e1000000,0x00000000e1280000)
 ParOldGen       total 44032K, used 4016K [0x00000000a0000000, 0x00000000a2b00000, 0x00000000e0000000)
  object space 44032K, 9% used [0x00000000a0000000,0x00000000a03ec220,0x00000000a2b00000)
 Metaspace       used 14232K, capacity 14458K, committed 14592K, reserved 1062912K
  class space    used 1651K, capacity 1727K, committed 1792K, reserved 1048576K
Event: 16.253 GC heap after
Heap after GC invocations=4 (full 1):
 PSYoungGen      total 18944K, used 2531K [0x00000000e0000000, 0x00000000e2500000, 0x0000000100000000)
  eden space 16384K, 0% used [0x00000000e0000000,0x00000000e0000000,0x00000000e1000000)
  from space 2560K, 98% used [0x00000000e1000000,0x00000000e1278da0,0x00000000e1280000)
  to   space 2560K, 0% used [0x00000000e2280000,0x00000000e2280000,0x00000000e2500000)
 ParOldGen       total 44032K, used 6650K [0x00000000a0000000, 0x00000000a2b00000, 0x00000000e0000000)
  object space 44032K, 15% used [0x00000000a0000000,0x00000000a067e850,0x00000000a2b00000)
 Metaspace       used 14232K, capacity 14458K, committed 14592K, reserved 1062912K
  class space    used 1651K, capacity 1727K, committed 1792K, reserved 1048576K
}
Event: 16.513 GC heap before
{Heap before GC invocations=5 (full 1):
 PSYoungGen      total 18944K, used 18915K [0x00000000e0000000, 0x00000000e2500000, 0x0000000100000000)
  eden space 16384K, 100% used [0x00000000e0000000,0x00000000e1000000,0x00000000e1000000)
  from space 2560K, 98% used [0x00000000e1000000,0x00000000e1278da0,0x00000000e1280000)
  to   space 2560K, 0% used [0x00000000e2280000,0x00000000e2280000,0x00000000e2500000)
 ParOldGen       total 44032K, used 6650K [0x00000000a0000000, 0x00000000a2b00000, 0x00000000e0000000)
  object space 44032K, 15% used [0x00000000a0000000,0x00000000a067e850,0x00000000a2b00000)
 Metaspace       used 18455K, capacity 18718K, committed 18944K, reserved 1067008K
  class space    used 2171K, capacity 2249K, committed 2304K, reserved 1048576K
Event: 16.520 GC heap after
Heap after GC invocations=5 (full 1):
 PSYoungGen      total 35328K, used 2540K [0x00000000e0000000, 0x00000000e2500000, 0x0000000100000000)
  eden space 32768K, 0% used [0x00000000e0000000,0x00000000e0000000,0x00000000e2000000)
  from space 2560K, 99% used [0x00000000e2280000,0x00000000e24fb3e0,0x00000000e2500000)
  to   space 2560K, 0% used [0x00000000e2000000,0x00000000e2000000,0x00000000e2280000)
 ParOldGen       total 44032K, used 10471K [0x00000000a0000000, 0x00000000a2b00000, 0x00000000e0000000)
  object space 44032K, 23% used [0x00000000a0000000,0x00000000a0a39d18,0x00000000a2b00000)
 Metaspace       used 18455K, capacity 18718K, committed 18944K, reserved 1067008K
  class space    used 2171K, capacity 2249K, committed 2304K, reserved 1048576K
}
Event: 16.659 GC heap before
{Heap before GC invocations=6 (full 1):
 PSYoungGen      total 35328K, used 14095K [0x00000000e0000000, 0x00000000e2500000, 0x0000000100000000)
  eden space 32768K, 35% used [0x00000000e0000000,0x00000000e0b48838,0x00000000e2000000)
  from space 2560K, 99% used [0x00000000e2280000,0x00000000e24fb3e0,0x00000000e2500000)
  to   space 2560K, 0% used [0x00000000e2000000,0x00000000e2000000,0x00000000e2280000)
 ParOldGen       total 44032K, used 10471K [0x00000000a0000000, 0x00000000a2b00000, 0x00000000e0000000)
  object space 44032K, 23% used [0x00000000a0000000,0x00000000a0a39d18,0x00000000a2b00000)
 Metaspace       used 20686K, capacity 20998K, committed 21296K, reserved 1069056K
  class space    used 2479K, capacity 2585K, committed 2688K, reserved 1048576K
Event: 16.664 GC heap after
Heap after GC invocations=6 (full 1):
 PSYoungGen      total 35328K, used 2544K [0x00000000e0000000, 0x00000000e4500000, 0x0000000100000000)
  eden space 32768K, 0% used [0x00000000e0000000,0x00000000e0000000,0x00000000e2000000)
  from space 2560K, 99% used [0x00000000e2000000,0x00000000e227c010,0x00000000e2280000)
  to   space 2560K, 0% used [0x00000000e4280000,0x00000000e4280000,0x00000000e4500000)
 ParOldGen       total 44032K, used 12950K [0x00000000a0000000, 0x00000000a2b00000, 0x00000000e0000000)
  object space 44032K, 29% used [0x00000000a0000000,0x00000000a0ca5bf8,0x00000000a2b00000)
 Metaspace       used 20686K, capacity 20998K, committed 21296K, reserved 1069056K
  class space    used 2479K, capacity 2585K, committed 2688K, reserved 1048576K
}
Event: 16.664 GC heap before
{Heap before GC invocations=7 (full 2):
 PSYoungGen      total 35328K, used 2544K [0x00000000e0000000, 0x00000000e4500000, 0x0000000100000000)
  eden space 32768K, 0% used [0x00000000e0000000,0x00000000e0000000,0x00000000e2000000)
  from space 2560K, 99% used [0x00000000e2000000,0x00000000e227c010,0x00000000e2280000)
  to   space 2560K, 0% used [0x00000000e4280000,0x00000000e4280000,0x00000000e4500000)
 ParOldGen       total 44032K, used 12950K [0x00000000a0000000, 0x00000000a2b00000, 0x00000000e0000000)
  object space 44032K, 29% used [0x00000000a0000000,0x00000000a0ca5bf8,0x00000000a2b00000)
 Metaspace       used 20686K, capacity 20998K, committed 21296K, reserved 1069056K
  class space    used 2479K, capacity 2585K, committed 2688K, reserved 1048576K
Event: 16.694 GC heap after
Heap after GC invocations=7 (full 2):
 PSYoungGen      total 35328K, used 0K [0x00000000e0000000, 0x00000000e4500000, 0x0000000100000000)
  eden space 32768K, 0% used [0x00000000e0000000,0x00000000e0000000,0x00000000e2000000)
  from space 2560K, 0% used [0x00000000e2000000,0x00000000e2000000,0x00000000e2280000)
  to   space 2560K, 0% used [0x00000000e4280000,0x00000000e4280000,0x00000000e4500000)
 ParOldGen       total 30208K, used 7456K [0x00000000a0000000, 0x00000000a1d80000, 0x00000000e0000000)
  object space 30208K, 24% used [0x00000000a0000000,0x00000000a07480d8,0x00000000a1d80000)
 Metaspace       used 20686K, capacity 20998K, committed 21296K, reserved 1069056K
  class space    used 2479K, capacity 2585K, committed 2688K, reserved 1048576K
}
Event: 17.186 GC heap before
{Heap before GC invocations=8 (full 2):
 PSYoungGen      total 35328K, used 32768K [0x00000000e0000000, 0x00000000e4500000, 0x0000000100000000)
  eden space 32768K, 100% used [0x00000000e0000000,0x00000000e2000000,0x00000000e2000000)
  from space 2560K, 0% used [0x00000000e2000000,0x00000000e2000000,0x00000000e2280000)
  to   space 2560K, 0% used [0x00000000e4280000,0x00000000e4280000,0x00000000e4500000)
 ParOldGen       total 30208K, used 7456K [0x00000000a0000000, 0x00000000a1d80000, 0x00000000e0000000)
  object space 30208K, 24% used [0x00000000a0000000,0x00000000a07480d8,0x00000000a1d80000)
 Metaspace       used 24815K, capacity 25260K, committed 25600K, reserved 1071104K
  class space    used 3147K, capacity 3310K, committed 3328K, reserved 1048576K
Event: 17.199 GC heap after
Heap after GC invocations=8 (full 2):
 PSYoungGen      total 62464K, used 2557K [0x00000000e0000000, 0x00000000e4e00000, 0x0000000100000000)
  eden space 59904K, 0% used [0x00000000e0000000,0x00000000e0000000,0x00000000e3a80000)
  from space 2560K, 99% used [0x00000000e4280000,0x00000000e44ff508,0x00000000e4500000)
  to   space 8192K, 0% used [0x00000000e3a80000,0x00000000e3a80000,0x00000000e4280000)
 ParOldGen       total 30208K, used 11549K [0x00000000a0000000, 0x00000000a1d80000, 0x00000000e0000000)
  object space 30208K, 38% used [0x00000000a0000000,0x00000000a0b474a8,0x00000000a1d80000)
 Metaspace       used 24815K, capacity 25260K, committed 25600K, reserved 1071104K
  class space    used 3147K, capacity 3310K, committed 3328K, reserved 1048576K
}

Deoptimization events (10 events):
Event: 16.641 Thread 0x0000000018495800 Uncommon trap: reason=bimorphic action=maybe_recompile pc=0x0000000002c1bfa8 method=java.io.FilterInputStream.read([B)I @ 5
Event: 16.713 Thread 0x0000000018495800 Uncommon trap: reason=range_check action=make_not_entrant pc=0x0000000002da2ea0 method=sun.reflect.generics.parser.SignatureParser.current()C @ 34
Event: 16.868 Thread 0x0000000018495800 Uncommon trap: reason=bimorphic action=maybe_recompile pc=0x0000000002c1bfa8 method=java.io.FilterInputStream.read([B)I @ 5
Event: 17.099 Thread 0x0000000018495800 Uncommon trap: reason=unstable_if action=reinterpret pc=0x0000000002ece57c method=org.jetbrains.kotlin.com.intellij.openapi.vfs.impl.ZipEntryMap.isTheOne(Lorg/jetbrains/kotlin/com/intellij/openapi/vfs/impl/ArchiveHandler$EntryInfo;Ljava/lang/CharSequence;
Event: 17.126 Thread 0x0000000018495800 Uncommon trap: reason=unstable_if action=reinterpret pc=0x0000000002eda66c method=org.jetbrains.kotlin.com.intellij.openapi.vfs.impl.ZipEntryMap.isTheOne(Lorg/jetbrains/kotlin/com/intellij/openapi/vfs/impl/ArchiveHandler$EntryInfo;Ljava/lang/CharSequence;
Event: 17.477 Thread 0x0000000018495800 Uncommon trap: reason=class_check action=maybe_recompile pc=0x0000000002f21a8c method=org.jetbrains.kotlin.protobuf.CodedInputStream.tryRefillBuffer(I)Z @ 177
Event: 17.478 Thread 0x0000000018495800 Uncommon trap: reason=class_check action=maybe_recompile pc=0x0000000002f21a8c method=org.jetbrains.kotlin.protobuf.CodedInputStream.tryRefillBuffer(I)Z @ 177
Event: 17.480 Thread 0x0000000018495800 Uncommon trap: reason=unstable_if action=reinterpret pc=0x0000000002b46a78 method=java.lang.String.startsWith(Ljava/lang/String;I)Z @ 25
Event: 17.481 Thread 0x0000000018495800 Uncommon trap: reason=class_check action=maybe_recompile pc=0x0000000002f21a8c method=org.jetbrains.kotlin.protobuf.CodedInputStream.tryRefillBuffer(I)Z @ 177
Event: 17.481 Thread 0x0000000018495800 Uncommon trap: reason=class_check action=maybe_recompile pc=0x0000000002f21a8c method=org.jetbrains.kotlin.protobuf.CodedInputStream.tryRefillBuffer(I)Z @ 177

Classes redefined (0 events):
No events

Internal exceptions (10 events):
Event: 15.812 Thread 0x0000000018495800 Exception <a 'java/lang/NoSuchMethodError': <clinit>> (0x00000000e02bb3d8) thrown at [D:\src\AOSP-openjdk-cygwin\jdk8u\hotspot\src\share\vm\prims\jni.cpp, line 1613]
Event: 15.843 Thread 0x0000000018495800 Exception <a 'java/lang/NoSuchMethodError': <clinit>> (0x00000000e03e0340) thrown at [D:\src\AOSP-openjdk-cygwin\jdk8u\hotspot\src\share\vm\prims\jni.cpp, line 1613]
Event: 15.847 Thread 0x0000000017edc800 Exception <a 'java/lang/InterruptedException'> (0x00000000e03e9a18) thrown at [D:\src\AOSP-openjdk-cygwin\jdk8u\hotspot\src\share\vm\runtime\objectMonitor.cpp, line 1684]
Event: 16.122 Thread 0x0000000018495800 Exception <a 'java/lang/ArrayIndexOutOfBoundsException'> (0x00000000e083c160) thrown at [D:\src\AOSP-openjdk-cygwin\jdk8u\hotspot\src\share\vm\runtime\sharedRuntime.cpp, line 605]
Event: 16.541 Thread 0x0000000018495800 Implicit null exception at 0x0000000002daec6f to 0x0000000002daecd9
Event: 16.588 Thread 0x0000000018495800 Exception <a 'java/lang/NoSuchMethodError': java.lang.Object.lambda$comparing$77a9974f$1(Ljava/util/function/Function;Ljava/lang/Object;Ljava/lang/Object;)I> (0x00000000e05db118) thrown at [D:\src\AOSP-openjdk-cygwin\jdk8u\hotspot\src\share\vm\interpreter
Event: 16.713 Thread 0x0000000018495800 Exception <a 'java/lang/ArrayIndexOutOfBoundsException': 60> (0x00000000e018cf40) thrown at [D:\src\AOSP-openjdk-cygwin\jdk8u\hotspot\src\share\vm\interpreter\interpreterRuntime.cpp, line 366]
Event: 16.721 Thread 0x0000000018495800 Exception <a 'java/lang/ArrayIndexOutOfBoundsException': 67> (0x00000000e01b9758) thrown at [D:\src\AOSP-openjdk-cygwin\jdk8u\hotspot\src\share\vm\interpreter\interpreterRuntime.cpp, line 366]
Event: 16.836 Thread 0x0000000018495800 Exception <a 'java/lang/NoSuchMethodError': java.lang.Object.lambda$static$0(I)[Lorg/jetbrains/kotlin/com/intellij/openapi/editor/event/DocumentListener;> (0x00000000e09fa9d8) thrown at [D:\src\AOSP-openjdk-cygwin\jdk8u\hotspot\src\share\vm\interpreter\li
Event: 16.858 Thread 0x0000000018495800 Exception <a 'java/lang/NoSuchMethodError': java.lang.Object.lambda$static$0(I)[Lorg/jetbrains/kotlin/com/intellij/psi/PsiAnnotation;> (0x00000000e0be75c0) thrown at [D:\src\AOSP-openjdk-cygwin\jdk8u\hotspot\src\share\vm\interpreter\linkResolver.cpp, line

Events (10 events):
Event: 18.107 loading class org/jetbrains/kotlin/com/intellij/psi/impl/source/SubstrateRef$1
Event: 18.107 loading class org/jetbrains/kotlin/com/intellij/psi/impl/source/SubstrateRef$1 done
Event: 18.108 loading class org/jetbrains/kotlin/com/intellij/psi/impl/source/SubstrateRef$2
Event: 18.108 loading class org/jetbrains/kotlin/com/intellij/psi/impl/source/SubstrateRef$2 done
Event: 18.108 loading class org/jetbrains/kotlin/com/intellij/psi/impl/source/tree/AstPath$1
Event: 18.108 loading class org/jetbrains/kotlin/com/intellij/psi/impl/source/tree/AstPath$1 done
Event: 18.110 loading class org/jetbrains/kotlin/com/intellij/psi/impl/source/tree/AstPath$RootPath
Event: 18.110 loading class org/jetbrains/kotlin/com/intellij/psi/impl/source/tree/AstPath$RootPath done
Event: 18.111 loading class org/jetbrains/kotlin/com/intellij/psi/impl/source/SourceTreeToPsiMap
Event: 18.111 loading class org/jetbrains/kotlin/com/intellij/psi/impl/source/SourceTreeToPsiMap done


Dynamic libraries:
0x00007ff643a90000 - 0x00007ff643ac1000 	E:\Android\jre\jre\bin\java.exe
0x00007ffa723c0000 - 0x00007ffa7256d000 	C:\Windows\SYSTEM32\ntdll.dll
0x00007ffa6fea0000 - 0x00007ffa6ffde000 	C:\Windows\system32\KERNEL32.DLL
0x00007ffa4f1f0000 - 0x00007ffa4f224000 	C:\Program Files\AVAST Software\Avast\x64\aswhooka.dll
0x00007ffa6f7b0000 - 0x00007ffa6f8c5000 	C:\Windows\system32\KERNELBASE.dll
0x00007ffa6ffe0000 - 0x00007ffa7008a000 	C:\Windows\system32\ADVAPI32.dll
0x00007ffa71a80000 - 0x00007ffa71bf7000 	C:\Windows\system32\USER32.dll
0x00007ffa6d430000 - 0x00007ffa6d6aa000 	C:\Windows\WinSxS\amd64_microsoft.windows.common-controls_6595b64144ccf1df_6.0.9600.17810_none_6240b9c7ecbd0bda\COMCTL32.dll
0x00007ffa6fdf0000 - 0x00007ffa6fe9a000 	C:\Windows\system32\msvcrt.dll
0x00007ffa701f0000 - 0x00007ffa70249000 	C:\Windows\SYSTEM32\sechost.dll
0x00007ffa70250000 - 0x00007ffa70391000 	C:\Windows\system32\RPCRT4.dll
0x00007ffa71c00000 - 0x00007ffa71d4f000 	C:\Windows\system32\GDI32.dll
0x00007ffa72380000 - 0x00007ffa723b6000 	C:\Windows\system32\IMM32.DLL
0x00007ffa70090000 - 0x00007ffa701e2000 	C:\Windows\system32\MSCTF.dll
0x00000000715e0000 - 0x00000000716b2000 	E:\Android\jre\jre\bin\msvcr100.dll
0x0000000071740000 - 0x0000000071f7f000 	E:\Android\jre\jre\bin\server\jvm.dll
0x00007ffa61820000 - 0x00007ffa61829000 	C:\Windows\SYSTEM32\WSOCK32.dll
0x00007ffa673b0000 - 0x00007ffa673d2000 	C:\Windows\SYSTEM32\WINMM.dll
0x00007ffa65aa0000 - 0x00007ffa65aaa000 	C:\Windows\SYSTEM32\VERSION.dll
0x00007ffa71e80000 - 0x00007ffa71e87000 	C:\Windows\system32\PSAPI.DLL
0x00007ffa72320000 - 0x00007ffa7237a000 	C:\Windows\system32\WS2_32.dll
0x00007ffa67380000 - 0x00007ffa673aa000 	C:\Windows\SYSTEM32\WINMMBASE.dll
0x00007ffa71a70000 - 0x00007ffa71a79000 	C:\Windows\system32\NSI.dll
0x00007ffa6f8d0000 - 0x00007ffa6f91f000 	C:\Windows\SYSTEM32\cfgmgr32.dll
0x00007ffa6e2e0000 - 0x00007ffa6e308000 	C:\Windows\SYSTEM32\DEVOBJ.dll
0x00007ffa4eca0000 - 0x00007ffa4ecaf000 	E:\Android\jre\jre\bin\verify.dll
0x00007ffa4ec70000 - 0x00007ffa4ec99000 	E:\Android\jre\jre\bin\java.dll
0x00007ffa4ec50000 - 0x00007ffa4ec66000 	E:\Android\jre\jre\bin\zip.dll
0x00007ffa703a0000 - 0x00007ffa718c8000 	C:\Windows\system32\SHELL32.dll
0x00007ffa6fa30000 - 0x00007ffa6fc42000 	C:\Windows\SYSTEM32\combase.dll
0x00007ffa6fd20000 - 0x00007ffa6fd74000 	C:\Windows\system32\SHLWAPI.dll
0x00007ffa6dd20000 - 0x00007ffa6ddd2000 	C:\Windows\SYSTEM32\SHCORE.dll
0x00007ffa6f500000 - 0x00007ffa6f515000 	C:\Windows\SYSTEM32\profapi.dll
0x00007ffa43fe0000 - 0x00007ffa43fed000 	E:\Android\jre\jre\bin\management.dll
0x00007ffa4ec30000 - 0x00007ffa4ec4a000 	E:\Android\jre\jre\bin\net.dll
0x00007ffa6edd0000 - 0x00007ffa6ee29000 	C:\Windows\system32\mswsock.dll
0x00007ffa4ec10000 - 0x00007ffa4ec21000 	E:\Android\jre\jre\bin\nio.dll
0x00007ffa6ee30000 - 0x00007ffa6ee50000 	C:\Windows\SYSTEM32\CRYPTSP.dll
0x00007ffa6ea00000 - 0x00007ffa6ea36000 	C:\Windows\system32\rsaenh.dll
0x00007ffa6f080000 - 0x00007ffa6f0a6000 	C:\Windows\SYSTEM32\bcrypt.dll
0x00007ffa6eb10000 - 0x00007ffa6eb31000 	C:\Windows\SYSTEM32\USERENV.dll
0x00007ffa6f3d0000 - 0x00007ffa6f433000 	C:\Windows\system32\bcryptprimitives.dll
0x00007ffa6f440000 - 0x00007ffa6f44b000 	C:\Windows\SYSTEM32\CRYPTBASE.dll
0x00007ffa69e10000 - 0x00007ffa69e3a000 	C:\Windows\SYSTEM32\IPHLPAPI.DLL
0x00007ffa69e00000 - 0x00007ffa69e0a000 	C:\Windows\SYSTEM32\WINNSI.DLL
0x00007ffa698d0000 - 0x00007ffa698e6000 	C:\Windows\SYSTEM32\dhcpcsvc6.DLL
0x00007ffa69ad0000 - 0x00007ffa69aea000 	C:\Windows\SYSTEM32\dhcpcsvc.DLL

VM Arguments:
jvm_args: -Djava.awt.headless=true -Djava.rmi.server.hostname=localhost -Xmx1536m -Dkotlin.environment.keepalive 
java_command: org.jetbrains.kotlin.daemon.KotlinCompileDaemon --daemon-runFilesPath C:\Users\Bilal Idrees\AppData\Local\kotlin\daemon --daemon-autoshutdownIdleSeconds=7200 --daemon-compilerClasspath C:\Users\Bilal Idrees\.gradle\caches\modules-2\files-2.1\org.jetbrains.kotlin\kotlin-compiler-embeddable\1.2.30\9b3f10d4717b9ac238b287e9b6eb2b4eadd8e870\kotlin-compiler-embeddable-1.2.30.jar;C:\Users\Bilal Idrees\.gradle\caches\modules-2\files-2.1\org.jetbrains.kotlin\kotlin-stdlib\1.2.30\2dfac33f8b4e92c9dd1422cd286834701a6f6d6\kotlin-stdlib-1.2.30.jar;C:\Users\Bilal Idrees\.gradle\caches\modules-2\files-2.1\org.jetbrains.kotlin\kotlin-script-runtime\1.2.30\37ee7531a636e99b639f8b1544cdda27d0ee30b0\kotlin-script-runtime-1.2.30.jar;C:\Users\Bilal Idrees\.gradle\caches\modules-2\files-2.1\org.jetbrains.kotlin\kotlin-reflect\1.2.30\9758025a415ee400e1f90ff222bcfec247779133\kotlin-reflect-1.2.30.jar;E:\Android\jre\lib\tools.jar
java_class_path (initial): C:\Users\Bilal Idrees\.gradle\caches\modules-2\files-2.1\org.jetbrains.kotlin\kotlin-compiler-embeddable\1.2.30\9b3f10d4717b9ac238b287e9b6eb2b4eadd8e870\kotlin-compiler-embeddable-1.2.30.jar;C:\Users\Bilal Idrees\.gradle\caches\modules-2\files-2.1\org.jetbrains.kotlin\kotlin-stdlib\1.2.30\2dfac33f8b4e92c9dd1422cd286834701a6f6d6\kotlin-stdlib-1.2.30.jar;C:\Users\Bilal Idrees\.gradle\caches\modules-2\files-2.1\org.jetbrains.kotlin\kotlin-script-runtime\1.2.30\37ee7531a636e99b639f8b1544cdda27d0ee30b0\kotlin-script-runtime-1.2.30.jar;C:\Users\Bilal Idrees\.gradle\caches\modules-2\files-2.1\org.jetbrains.kotlin\kotlin-reflect\1.2.30\9758025a415ee400e1f90ff222bcfec247779133\kotlin-reflect-1.2.30.jar;E:\Android\jre\lib\tools.jar
Launcher Type: SUN_STANDARD

Environment Variables:
JAVA_HOME=C:\Program Files\Java\jdk1.8.0_131
PATH=C:\ProgramData\Oracle\Java\javapath;C:\Windows\system32;C:\Windows;C:\Windows\System32\Wbem;C:\Windows\System32\WindowsPowerShell\v1.0\;C:\Program Files (x86)\Windows Kits\8.1\Windows Performance Toolkit\;C:\Program Files\Microsoft SQL Server\110\Tools\Binn\;C:\Program Files (x86)\Microsoft SQL Server\100\Tools\Binn\;C:\Program Files\Microsoft SQL Server\100\Tools\Binn\;C:\Program Files\Microsoft SQL Server\100\DTS\Binn\;C:\Program Files (x86)\Microsoft SQL Server\100\Tools\Binn\VSShell\Common7\IDE\;C:\Program Files (x86)\Microsoft SQL Server\100\DTS\Binn\;C:\Program Files (x86)\GtkSharp\2.12\bin;C:\Program Files\Git\cmd;;C:\Program Files\Microsoft VS Code\bin
USERNAME=Bilal Idrees
OS=Windows_NT
PROCESSOR_IDENTIFIER=Intel64 Family 6 Model 69 Stepping 1, GenuineIntel



---------------  S Y S T E M  ---------------

OS: Windows 8.1 , 64 bit Build 9600 (6.3.9600.17415)

CPU:total 4 (initial active 4) (2 cores per cpu, 2 threads per core) family 6 model 69 stepping 1, cmov, cx8, fxsr, mmx, sse, sse2, sse3, ssse3, sse4.1, sse4.2, popcnt, avx, avx2, aes, clmul, erms, rtm, lzcnt, ht, tsc, tscinvbit, bmi1, bmi2

Memory: 4k page, physical 4097580k(275404k free), swap 6711484k(5768k free)

vm_info: OpenJDK 64-Bit Server VM (25.152-b02) for windows-amd64 JRE (1.8.0_152-release-1024-b02), built by "builder" with MS VC++ 10.0 (VS2010)

time: Mon Oct 01 18:02:46 2018
elapsed time: 18 seconds (0d 0h 0m 18s)

