#
# There is insufficient memory for the Java Runtime Environment to continue.
# Native memory allocation (malloc) failed to allocate 929456 bytes for Chunk::new
# Possible reasons:
#   The system is out of physical RAM or swap space
#   In 32 bit mode, the process size limit was hit
# Possible solutions:
#   Reduce memory load on the system
#   Increase physical memory or swap space
#   Check if swap backing store is full
#   Use 64 bit Java on a 64 bit OS
#   Decrease Java heap size (-Xmx/-Xms)
#   Decrease number of Java threads
#   Decrease Java thread stack sizes (-Xss)
#   Set larger code cache with -XX:ReservedCodeCacheSize=
# This output file may be truncated or incomplete.
#
#  Out of Memory Error (allocation.cpp:390), pid=4224, tid=0x0000000000001d38
#
# JRE version: OpenJDK Runtime Environment (8.0_152-b02) (build 1.8.0_152-release-1024-b02)
# Java VM: OpenJDK 64-Bit Server VM (25.152-b02 mixed mode windows-amd64 compressed oops)
# Failed to write core dump. Minidumps are not enabled by default on client versions of Windows
#

---------------  T H R E A D  ---------------

Current thread (0x0000000014ee0000):  JavaThread "C2 CompilerThread0" daemon [_thread_in_native, id=7480, stack(0x0000000016520000,0x0000000016620000)]

Stack: [0x0000000016520000,0x0000000016620000]
[error occurred during error reporting (printing stack bounds), id 0xc0000005]

Native frames: (J=compiled Java code, j=interpreted, Vv=VM code, C=native code)


Current CompileTask:
C2:   8820 8546       4       org.jetbrains.kotlin.load.java.typeEnhancement.TypeEnhancementKt::enhanceInflexible (623 bytes)


---------------  P R O C E S S  ---------------

Java Threads: ( => current thread )
  0x0000000016849000 JavaThread "Service Thread" daemon [_thread_blocked, id=3672, stack(0x0000000016c20000,0x0000000016d20000)]
  0x0000000014f0b800 JavaThread "C1 CompilerThread2" daemon [_thread_in_vm, id=2604, stack(0x0000000016720000,0x0000000016820000)]
  0x0000000014ee8000 JavaThread "C2 CompilerThread1" daemon [_thread_in_native, id=3632, stack(0x0000000016620000,0x0000000016720000)]
=>0x0000000014ee0000 JavaThread "C2 CompilerThread0" daemon [_thread_in_native, id=7480, stack(0x0000000016520000,0x0000000016620000)]
  0x0000000014ede800 JavaThread "Attach Listener" daemon [_thread_blocked, id=1720, stack(0x0000000016420000,0x0000000016520000)]
  0x0000000014edd000 JavaThread "Signal Dispatcher" daemon [_thread_blocked, id=6328, stack(0x0000000016320000,0x0000000016420000)]
  0x00000000028de800 JavaThread "Finalizer" daemon [_thread_blocked, id=5964, stack(0x0000000016140000,0x0000000016240000)]
  0x00000000028d5000 JavaThread "Reference Handler" daemon [_thread_blocked, id=3644, stack(0x0000000016040000,0x0000000016140000)]
  0x00000000027e4800 JavaThread "main" [_thread_in_Java, id=5456, stack(0x00000000026e0000,0x00000000027e0000)]

Other Threads:
  0x0000000014ea5800 VMThread [stack: 0x0000000015f40000,0x0000000016040000] [id=7644]
  0x0000000014f3a800 WatcherThread [stack: 0x0000000016d20000,0x0000000016e20000] [id=768]

VM state:not at safepoint (normal execution)

VM Mutex/Monitor currently owned by a thread: None

Heap:
 PSYoungGen      total 99328K, used 32587K [0x00000000eb200000, 0x00000000f3780000, 0x0000000100000000)
  eden space 75776K, 11% used [0x00000000eb200000,0x00000000ebad5a58,0x00000000efc00000)
  from space 23552K, 99% used [0x00000000f1700000,0x00000000f2dfd340,0x00000000f2e00000)
  to   space 27648K, 0% used [0x00000000efc00000,0x00000000efc00000,0x00000000f1700000)
 ParOldGen       total 77312K, used 30571K [0x00000000c1600000, 0x00000000c6180000, 0x00000000eb200000)
  object space 77312K, 39% used [0x00000000c1600000,0x00000000c33dafd8,0x00000000c6180000)
 Metaspace       used 45086K, capacity 45867K, committed 46040K, reserved 1089536K
  class space    used 5357K, capacity 5521K, committed 5632K, reserved 1048576K

Card table byte_map: [0x0000000011ca0000,0x0000000011ea0000] byte_map_base: 0x0000000011695000

Marking Bits: (ParMarkBitMap*) 0x0000000071f04970
 Begin Bits: [0x00000000123f0000, 0x0000000013398000)
 End Bits:   [0x0000000013398000, 0x0000000014340000)

Polling page: 0x0000000000c70000

CodeCache: size=245760Kb used=25563Kb max_used=25563Kb free=220196Kb
 bounds [0x00000000028e0000, 0x0000000004220000, 0x00000000118e0000]
 total_blobs=8136 nmethods=7693 adapters=354
 compilation: enabled

Compilation events (10 events):
Event: 8.811 Thread 0x0000000014f0b800 8614       3       org.jetbrains.kotlin.com.intellij.psi.impl.source.tree.LazyParseablePsiElement::getParent (28 bytes)
Event: 8.811 Thread 0x0000000014f0b800 nmethod 8614 0x0000000002bd0dd0 code [0x0000000002bd0f60, 0x0000000002bd14a8]
Event: 8.813 Thread 0x0000000014f0b800 8615       3       org.jetbrains.kotlin.psi.KtProperty::getReceiverTypeReference (39 bytes)
Event: 8.813 Thread 0x0000000014f0b800 nmethod 8615 0x0000000003290f50 code [0x0000000003291140, 0x0000000003291b28]
Event: 8.813 Thread 0x0000000014f0b800 8618       3       org.jetbrains.kotlin.resolve.constants.evaluate.ConstantExpressionEvaluatorKt::access$getReceiverExpressionType (5 bytes)
Event: 8.813 Thread 0x0000000014f0b800 nmethod 8618 0x0000000002e2f490 code [0x0000000002e2f600, 0x0000000002e2f768]
Event: 8.813 Thread 0x0000000014f0b800 8619       3       org.jetbrains.kotlin.resolve.constants.evaluate.ConstantExpressionEvaluatorKt::getReceiverExpressionType (110 bytes)
Event: 8.814 Thread 0x0000000014f0b800 nmethod 8619 0x000000000368c910 code [0x000000000368cbc0, 0x000000000368dbc8]
Event: 8.814 Thread 0x0000000014f0b800 8620       3       org.jetbrains.kotlin.resolve.calls.tower.SyntheticScopeBasedTowerLevel::getFunctions (13 bytes)
Event: 8.814 Thread 0x0000000014f0b800 nmethod 8620 0x0000000003086810 code [0x0000000003086980, 0x0000000003086c08]

GC Heap History (10 events):
Event: 3.976 GC heap before
{Heap before GC invocations=10 (full 2):
 PSYoungGen      total 70144K, used 13807K [0x00000000eb200000, 0x00000000f2b00000, 0x0000000100000000)
  eden space 56320K, 0% used [0x00000000eb200000,0x00000000eb200000,0x00000000ee900000)
  from space 13824K, 99% used [0x00000000efa80000,0x00000000f07fbcc0,0x00000000f0800000)
  to   space 17920K, 0% used [0x00000000ee900000,0x00000000ee900000,0x00000000efa80000)
 ParOldGen       total 44032K, used 18780K [0x00000000c1600000, 0x00000000c4100000, 0x00000000eb200000)
  object space 44032K, 42% used [0x00000000c1600000,0x00000000c28572c8,0x00000000c4100000)
 Metaspace       used 34696K, capacity 35168K, committed 35416K, reserved 1081344K
  class space    used 4286K, capacity 4424K, committed 4480K, reserved 1048576K
Event: 4.131 GC heap after
Heap after GC invocations=10 (full 2):
 PSYoungGen      total 70144K, used 0K [0x00000000eb200000, 0x00000000f2b00000, 0x0000000100000000)
  eden space 56320K, 0% used [0x00000000eb200000,0x00000000eb200000,0x00000000ee900000)
  from space 13824K, 0% used [0x00000000efa80000,0x00000000efa80000,0x00000000f0800000)
  to   space 17920K, 0% used [0x00000000ee900000,0x00000000ee900000,0x00000000efa80000)
 ParOldGen       total 77312K, used 26044K [0x00000000c1600000, 0x00000000c6180000, 0x00000000eb200000)
  object space 77312K, 33% used [0x00000000c1600000,0x00000000c2f6f0c0,0x00000000c6180000)
 Metaspace       used 34696K, capacity 35168K, committed 35416K, reserved 1081344K
  class space    used 4286K, capacity 4424K, committed 4480K, reserved 1048576K
}
Event: 4.893 GC heap before
{Heap before GC invocations=11 (full 2):
 PSYoungGen      total 70144K, used 56320K [0x00000000eb200000, 0x00000000f2b00000, 0x0000000100000000)
  eden space 56320K, 100% used [0x00000000eb200000,0x00000000ee900000,0x00000000ee900000)
  from space 13824K, 0% used [0x00000000efa80000,0x00000000efa80000,0x00000000f0800000)
  to   space 17920K, 0% used [0x00000000ee900000,0x00000000ee900000,0x00000000efa80000)
 ParOldGen       total 77312K, used 26044K [0x00000000c1600000, 0x00000000c6180000, 0x00000000eb200000)
  object space 77312K, 33% used [0x00000000c1600000,0x00000000c2f6f0c0,0x00000000c6180000)
 Metaspace       used 36450K, capacity 36985K, committed 37336K, reserved 1081344K
  class space    used 4386K, capacity 4538K, committed 4608K, reserved 1048576K
Event: 4.907 GC heap after
Heap after GC invocations=11 (full 2):
 PSYoungGen      total 74240K, used 9727K [0x00000000eb200000, 0x00000000f1700000, 0x0000000100000000)
  eden space 56320K, 0% used [0x00000000eb200000,0x00000000eb200000,0x00000000ee900000)
  from space 17920K, 54% used [0x00000000ee900000,0x00000000ef27fc20,0x00000000efa80000)
  to   space 17408K, 0% used [0x00000000f0600000,0x00000000f0600000,0x00000000f1700000)
 ParOldGen       total 77312K, used 26052K [0x00000000c1600000, 0x00000000c6180000, 0x00000000eb200000)
  object space 77312K, 33% used [0x00000000c1600000,0x00000000c2f710c0,0x00000000c6180000)
 Metaspace       used 36450K, capacity 36985K, committed 37336K, reserved 1081344K
  class space    used 4386K, capacity 4538K, committed 4608K, reserved 1048576K
}
Event: 5.562 GC heap before
{Heap before GC invocations=12 (full 2):
 PSYoungGen      total 74240K, used 66047K [0x00000000eb200000, 0x00000000f1700000, 0x0000000100000000)
  eden space 56320K, 100% used [0x00000000eb200000,0x00000000ee900000,0x00000000ee900000)
  from space 17920K, 54% used [0x00000000ee900000,0x00000000ef27fc20,0x00000000efa80000)
  to   space 17408K, 0% used [0x00000000f0600000,0x00000000f0600000,0x00000000f1700000)
 ParOldGen       total 77312K, used 26052K [0x00000000c1600000, 0x00000000c6180000, 0x00000000eb200000)
  object space 77312K, 33% used [0x00000000c1600000,0x00000000c2f710c0,0x00000000c6180000)
 Metaspace       used 39168K, capacity 39771K, committed 40024K, reserved 1085440K
  class space    used 4796K, capacity 4943K, committed 4992K, reserved 1048576K
Event: 5.587 GC heap after
Heap after GC invocations=12 (full 2):
 PSYoungGen      total 83456K, used 17224K [0x00000000eb200000, 0x00000000f1c80000, 0x0000000100000000)
  eden space 66048K, 0% used [0x00000000eb200000,0x00000000eb200000,0x00000000ef280000)
  from space 17408K, 98% used [0x00000000f0600000,0x00000000f16d2190,0x00000000f1700000)
  to   space 19968K, 0% used [0x00000000ef280000,0x00000000ef280000,0x00000000f0600000)
 ParOldGen       total 77312K, used 26060K [0x00000000c1600000, 0x00000000c6180000, 0x00000000eb200000)
  object space 77312K, 33% used [0x00000000c1600000,0x00000000c2f730c0,0x00000000c6180000)
 Metaspace       used 39168K, capacity 39771K, committed 40024K, reserved 1085440K
  class space    used 4796K, capacity 4943K, committed 4992K, reserved 1048576K
}
Event: 7.434 GC heap before
{Heap before GC invocations=13 (full 2):
 PSYoungGen      total 83456K, used 83272K [0x00000000eb200000, 0x00000000f1c80000, 0x0000000100000000)
  eden space 66048K, 100% used [0x00000000eb200000,0x00000000ef280000,0x00000000ef280000)
  from space 17408K, 98% used [0x00000000f0600000,0x00000000f16d2190,0x00000000f1700000)
  to   space 19968K, 0% used [0x00000000ef280000,0x00000000ef280000,0x00000000f0600000)
 ParOldGen       total 77312K, used 26060K [0x00000000c1600000, 0x00000000c6180000, 0x00000000eb200000)
  object space 77312K, 33% used [0x00000000c1600000,0x00000000c2f730c0,0x00000000c6180000)
 Metaspace       used 43534K, capacity 44319K, committed 44632K, reserved 1089536K
  class space    used 5236K, capacity 5417K, committed 5504K, reserved 1048576K
Event: 7.458 GC heap after
Heap after GC invocations=13 (full 2):
 PSYoungGen      total 86016K, used 19948K [0x00000000eb200000, 0x00000000f2e00000, 0x0000000100000000)
  eden space 66048K, 0% used [0x00000000eb200000,0x00000000eb200000,0x00000000ef280000)
  from space 19968K, 99% used [0x00000000ef280000,0x00000000f05fb268,0x00000000f0600000)
  to   space 23552K, 0% used [0x00000000f1700000,0x00000000f1700000,0x00000000f2e00000)
 ParOldGen       total 77312K, used 29367K [0x00000000c1600000, 0x00000000c6180000, 0x00000000eb200000)
  object space 77312K, 37% used [0x00000000c1600000,0x00000000c32adee0,0x00000000c6180000)
 Metaspace       used 43534K, capacity 44319K, committed 44632K, reserved 1089536K
  class space    used 5236K, capacity 5417K, committed 5504K, reserved 1048576K
}
Event: 8.586 GC heap before
{Heap before GC invocations=14 (full 2):
 PSYoungGen      total 86016K, used 85996K [0x00000000eb200000, 0x00000000f2e00000, 0x0000000100000000)
  eden space 66048K, 100% used [0x00000000eb200000,0x00000000ef280000,0x00000000ef280000)
  from space 19968K, 99% used [0x00000000ef280000,0x00000000f05fb268,0x00000000f0600000)
  to   space 23552K, 0% used [0x00000000f1700000,0x00000000f1700000,0x00000000f2e00000)
 ParOldGen       total 77312K, used 29367K [0x00000000c1600000, 0x00000000c6180000, 0x00000000eb200000)
  object space 77312K, 37% used [0x00000000c1600000,0x00000000c32adee0,0x00000000c6180000)
 Metaspace       used 45007K, capacity 45791K, committed 46040K, reserved 1089536K
  class space    used 5354K, capacity 5519K, committed 5632K, reserved 1048576K
Event: 8.637 GC heap after
Heap after GC invocations=14 (full 2):
 PSYoungGen      total 99328K, used 23540K [0x00000000eb200000, 0x00000000f3780000, 0x0000000100000000)
  eden space 75776K, 0% used [0x00000000eb200000,0x00000000eb200000,0x00000000efc00000)
  from space 23552K, 99% used [0x00000000f1700000,0x00000000f2dfd340,0x00000000f2e00000)
  to   space 27648K, 0% used [0x00000000efc00000,0x00000000efc00000,0x00000000f1700000)
 ParOldGen       total 77312K, used 30571K [0x00000000c1600000, 0x00000000c6180000, 0x00000000eb200000)
  object space 77312K, 39% used [0x00000000c1600000,0x00000000c33dafd8,0x00000000c6180000)
 Metaspace       used 45007K, capacity 45791K, committed 46040K, reserved 1089536K
  class space    used 5354K, capacity 5519K, committed 5632K, reserved 1048576K
}

Deoptimization events (10 events):
Event: 8.132 Thread 0x00000000027e4800 Uncommon trap: reason=class_check action=maybe_recompile pc=0x000000000417587c method=org.jetbrains.kotlin.resolve.lazy.LazyImportScope.getParent()Lorg/jetbrains/kotlin/resolve/scopes/HierarchicalScope; @ 4
Event: 8.132 Thread 0x00000000027e4800 Uncommon trap: reason=null_check action=make_not_entrant pc=0x0000000004175888 method=org.jetbrains.kotlin.resolve.lazy.LazyImportScope.getParent()Lorg/jetbrains/kotlin/resolve/scopes/HierarchicalScope; @ 4
Event: 8.201 Thread 0x00000000027e4800 Uncommon trap: reason=unstable_if action=reinterpret pc=0x000000000328fa08 method=org.jetbrains.kotlin.gnu.trove.TObjectHash.insertionIndex(Ljava/lang/Object;)I @ 182
Event: 8.202 Thread 0x00000000027e4800 Uncommon trap: reason=unstable_if action=reinterpret pc=0x000000000328e444 method=org.jetbrains.kotlin.gnu.trove.TObjectHash.insertionIndex(Ljava/lang/Object;)I @ 182
Event: 8.267 Thread 0x00000000027e4800 Uncommon trap: reason=bimorphic action=maybe_recompile pc=0x00000000041aaaa0 method=kotlin.SafePublicationLazyImpl.getValue()Ljava/lang/Object; @ 24
Event: 8.267 Thread 0x00000000027e4800 Uncommon trap: reason=bimorphic action=maybe_recompile pc=0x00000000041aaaa0 method=kotlin.SafePublicationLazyImpl.getValue()Ljava/lang/Object; @ 24
Event: 8.267 Thread 0x00000000027e4800 Uncommon trap: reason=bimorphic action=maybe_recompile pc=0x00000000041aaaa0 method=kotlin.SafePublicationLazyImpl.getValue()Ljava/lang/Object; @ 24
Event: 8.267 Thread 0x00000000027e4800 Uncommon trap: reason=bimorphic action=maybe_recompile pc=0x00000000041aaaa0 method=kotlin.SafePublicationLazyImpl.getValue()Ljava/lang/Object; @ 24
Event: 8.286 Thread 0x00000000027e4800 Uncommon trap: reason=bimorphic action=maybe_recompile pc=0x00000000041e9dd0 method=org.jetbrains.kotlin.resolve.calls.CallCompleter.completeCall(Lorg/jetbrains/kotlin/resolve/calls/context/BasicCallResolutionContext;Lorg/jetbrains/kotlin/resolve/calls/re
Event: 8.319 Thread 0x00000000027e4800 Uncommon trap: reason=unstable_if action=reinterpret pc=0x00000000032acc70 method=org.jetbrains.kotlin.name.Name.hashCode()I @ 16

Classes redefined (0 events):
No events

Internal exceptions (10 events):
Event: 5.540 Thread 0x00000000027e4800 Exception <a 'java/lang/NoSuchMethodError': java.lang.Object.lambda$static$0(I)[Lorg/jetbrains/kotlin/com/intellij/psi/PsiTypeElement;> (0x00000000ee73ece8) thrown at [D:\src\AOSP-openjdk-cygwin\jdk8u\hotspot\src\share\vm\interpreter\linkResolver.cpp, lin
Event: 5.624 Thread 0x00000000027e4800 Exception <a 'java/lang/NoSuchMethodError': java.lang.Object.lambda$static$0(I)[Lorg/jetbrains/kotlin/com/intellij/psi/PsiTypeParameter;> (0x00000000eb447258) thrown at [D:\src\AOSP-openjdk-cygwin\jdk8u\hotspot\src\share\vm\interpreter\linkResolver.cpp, l
Event: 5.643 Thread 0x00000000027e4800 Exception <a 'java/lang/NoSuchMethodError': java.lang.Object.lambda$static$0(I)[Lorg/jetbrains/kotlin/com/intellij/psi/PsiMethod;> (0x00000000eb51a590) thrown at [D:\src\AOSP-openjdk-cygwin\jdk8u\hotspot\src\share\vm\interpreter\linkResolver.cpp, line 584
Event: 5.644 Thread 0x00000000027e4800 Exception <a 'java/lang/NoSuchMethodError': java.lang.Object.lambda$static$0(I)[Lorg/jetbrains/kotlin/com/intellij/psi/PsiField;> (0x00000000eb524f80) thrown at [D:\src\AOSP-openjdk-cygwin\jdk8u\hotspot\src\share\vm\interpreter\linkResolver.cpp, line 584]
Event: 5.672 Thread 0x00000000027e4800 Exception <a 'java/lang/NoSuchMethodError': java.lang.Object.lambda$static$0(I)[Lorg/jetbrains/kotlin/com/intellij/psi/PsiJavaCodeReferenceElement;> (0x00000000eb633730) thrown at [D:\src\AOSP-openjdk-cygwin\jdk8u\hotspot\src\share\vm\interpreter\linkReso
Event: 5.820 Thread 0x00000000027e4800 Implicit null exception at 0x000000000300834c to 0x00000000030083dd
Event: 7.858 Thread 0x00000000027e4800 Implicit null exception at 0x0000000002b10b16 to 0x0000000002b10eb1
Event: 7.870 Thread 0x00000000027e4800 Implicit null exception at 0x0000000002aec616 to 0x0000000002aec9b1
Event: 7.925 Thread 0x00000000027e4800 Implicit null exception at 0x0000000003ffaeab to 0x0000000003ffb39d
Event: 8.132 Thread 0x00000000027e4800 Implicit null exception at 0x0000000004175850 to 0x000000000417587d

Events (10 events):
Event: 8.714 loading class org/jetbrains/kotlin/diagnostics/SimpleDiagnostic
Event: 8.714 loading class org/jetbrains/kotlin/diagnostics/SimpleDiagnostic done
Event: 8.714 loading class org/jetbrains/kotlin/resolve/calls/model/VarargValueArgument
Event: 8.714 loading class org/jetbrains/kotlin/resolve/calls/model/VarargValueArgument done
Event: 8.718 loading class org/jetbrains/kotlin/resolve/constants/CompileTimeConstantChecker$CharacterWithDiagnostic
Event: 8.718 loading class org/jetbrains/kotlin/resolve/constants/CompileTimeConstantChecker$CharacterWithDiagnostic done
Event: 8.719 loading class org/jetbrains/kotlin/resolve/constants/CharValue
Event: 8.719 loading class org/jetbrains/kotlin/resolve/constants/CharValue done
Event: 8.817 Thread 0x00000000027e4800 DEOPT PACKING pc=0x00000000037fb4b1 sp=0x00000000027d8b30
Event: 8.817 Thread 0x00000000027e4800 DEOPT UNPACKING pc=0x00000000029275d0 sp=0x00000000027d8848 mode 0


Dynamic libraries:
0x00007ff643a90000 - 0x00007ff643ac1000 	E:\Android\jre\jre\bin\java.exe
0x00007ffa723c0000 - 0x00007ffa7256d000 	C:\Windows\SYSTEM32\ntdll.dll
0x00007ffa6fea0000 - 0x00007ffa6ffde000 	C:\Windows\system32\KERNEL32.DLL
0x00007ffa4f1f0000 - 0x00007ffa4f224000 	C:\Program Files\AVAST Software\Avast\x64\aswhooka.dll
0x00007ffa6f7b0000 - 0x00007ffa6f8c5000 	C:\Windows\system32\KERNELBASE.dll
0x00007ffa6ffe0000 - 0x00007ffa7008a000 	C:\Windows\system32\ADVAPI32.dll
0x00007ffa71a80000 - 0x00007ffa71bf7000 	C:\Windows\system32\USER32.dll
0x00007ffa6d430000 - 0x00007ffa6d6aa000 	C:\Windows\WinSxS\amd64_microsoft.windows.common-controls_6595b64144ccf1df_6.0.9600.17810_none_6240b9c7ecbd0bda\COMCTL32.dll
0x00007ffa6fdf0000 - 0x00007ffa6fe9a000 	C:\Windows\system32\msvcrt.dll
0x00007ffa701f0000 - 0x00007ffa70249000 	C:\Windows\SYSTEM32\sechost.dll
0x00007ffa70250000 - 0x00007ffa70391000 	C:\Windows\system32\RPCRT4.dll
0x00007ffa71c00000 - 0x00007ffa71d4f000 	C:\Windows\system32\GDI32.dll
0x00007ffa72380000 - 0x00007ffa723b6000 	C:\Windows\system32\IMM32.DLL
0x00007ffa70090000 - 0x00007ffa701e2000 	C:\Windows\system32\MSCTF.dll
0x00000000715e0000 - 0x00000000716b2000 	E:\Android\jre\jre\bin\msvcr100.dll
0x0000000071740000 - 0x0000000071f7f000 	E:\Android\jre\jre\bin\server\jvm.dll
0x00007ffa61820000 - 0x00007ffa61829000 	C:\Windows\SYSTEM32\WSOCK32.dll
0x00007ffa673b0000 - 0x00007ffa673d2000 	C:\Windows\SYSTEM32\WINMM.dll
0x00007ffa65aa0000 - 0x00007ffa65aaa000 	C:\Windows\SYSTEM32\VERSION.dll
0x00007ffa71e80000 - 0x00007ffa71e87000 	C:\Windows\system32\PSAPI.DLL
0x00007ffa72320000 - 0x00007ffa7237a000 	C:\Windows\system32\WS2_32.dll
0x00007ffa67380000 - 0x00007ffa673aa000 	C:\Windows\SYSTEM32\WINMMBASE.dll
0x00007ffa71a70000 - 0x00007ffa71a79000 	C:\Windows\system32\NSI.dll
0x00007ffa6f8d0000 - 0x00007ffa6f91f000 	C:\Windows\SYSTEM32\cfgmgr32.dll
0x00007ffa6e2e0000 - 0x00007ffa6e308000 	C:\Windows\SYSTEM32\DEVOBJ.dll
0x00007ffa4eca0000 - 0x00007ffa4ecaf000 	E:\Android\jre\jre\bin\verify.dll
0x00007ffa4ec70000 - 0x00007ffa4ec99000 	E:\Android\jre\jre\bin\java.dll
0x00007ffa4ec50000 - 0x00007ffa4ec66000 	E:\Android\jre\jre\bin\zip.dll
0x00007ffa703a0000 - 0x00007ffa718c8000 	C:\Windows\system32\SHELL32.dll
0x00007ffa6fa30000 - 0x00007ffa6fc42000 	C:\Windows\SYSTEM32\combase.dll
0x00007ffa6fd20000 - 0x00007ffa6fd74000 	C:\Windows\system32\SHLWAPI.dll
0x00007ffa6dd20000 - 0x00007ffa6ddd2000 	C:\Windows\SYSTEM32\SHCORE.dll
0x00007ffa6f500000 - 0x00007ffa6f515000 	C:\Windows\SYSTEM32\profapi.dll
0x00007ffa4ec30000 - 0x00007ffa4ec4a000 	E:\Android\jre\jre\bin\net.dll
0x00007ffa6edd0000 - 0x00007ffa6ee29000 	C:\Windows\system32\mswsock.dll
0x00007ffa4ec10000 - 0x00007ffa4ec21000 	E:\Android\jre\jre\bin\nio.dll

VM Arguments:
java_command: org.jetbrains.kotlin.cli.jvm.K2JVMCompiler -Xadd-compiler-builtins -Xbuild-file=C:\Users\BILALI~1\AppData\Local\Temp\kjps9200295253792991491app_debug.script.xml -classpath C:\Users\Bilal Idrees\.gradle\caches\modules-2\files-2.1\org.jetbrains.kotlin\kotlin-stdlib-jre7\1.2.30\b38fc19e670ebef931fef3ccdcb94eac2b65bb7d\kotlin-stdlib-jre7-1.2.30.jar;C:\Users\Bilal Idrees\.gradle\caches\transforms-1\files-1.1\appcompat-v7-27.1.1.aar\bd01ed5e84a1a8fea46b8b0683a59a0f\jars\classes.jar;C:\Users\Bilal Idrees\.gradle\caches\transforms-1\files-1.1\constraint-layout-1.1.3.aar\628a0c9fb6ecc2b86dce116a8734f79e\jars\classes.jar;C:\Users\Bilal Idrees\.gradle\caches\transforms-1\files-1.1\recyclerview-v7-27.1.1.aar\f4a06f19b14c1a9266b25cab6e62af96\jars\classes.jar;C:\Users\Bilal Idrees\.gradle\caches\transforms-1\files-1.1\cardview-v7-27.1.1.aar\e8c75a925ccd4b5eb1d7fe537e130265\jars\classes.jar;C:\Users\Bilal Idrees\.gradle\caches\modules-2\files-2.1\com.squareup.picasso\picasso\2.5.2\7446d06ec8d4f7ffcc53f1da37c95f200dcb9387\picasso-2.5.2.jar;C:\Users\Bilal Idrees\.gradle\caches\transforms-1\files-1.1\firebase-core-16.0.3.aar\b3fda79f3c29b62645cc16f6a1e361e5\jars\classes.jar;C:\Users\Bilal Idrees\.gradle\caches\transforms-1\files-1.1\firebase-database-16.0.1.aar\ba7710fc6661e7c96aaeb3d52aeb2ad0\jars\classes.jar;C:\Users\Bilal Idrees\.gradle\caches\transforms-1\files-1.1\firebase-storage-16.0.1.aar\f592471b97058c79f4508d7de12c3754\jars\classes.jar;C:\Users\Bilal Idrees\.gradle\caches\transforms-1\files-1.1\firebase-auth-16.0.3.aar\80a7a740c3beca25d246535992c991f7\jars\classes.jar;C:\Users\Bilal Idrees\.gradle\caches\modules-2\files-2.1\org.jetbrains.kotlin\kotlin-stdlib\1.2.30\2dfac33f8b4e92c9dd1422cd286834701a6f6d6\kotlin-stdlib-1.2.30.jar;C:\Users\Bilal Idrees\.gradle\caches\transforms-1\files-1.1\animated-vector-drawable-27.1.1.aar\3e9408be25d452976302c272c64ca27b\jars\classes.jar;C:\Users\Bilal Idrees\.gradle\caches\transforms-1\files-1.1\support-vector-drawable-27.
java_class_path (initial): C:\Users\Bilal Idrees\.gradle\caches\modules-2\files-2.1\org.jetbrains.kotlin\kotlin-compiler-embeddable\1.2.30\9b3f10d4717b9ac238b287e9b6eb2b4eadd8e870\kotlin-compiler-embeddable-1.2.30.jar;C:\Users\Bilal Idrees\.gradle\caches\modules-2\files-2.1\org.jetbrains.kotlin\kotlin-stdlib\1.2.30\2dfac33f8b4e92c9dd1422cd286834701a6f6d6\kotlin-stdlib-1.2.30.jar;C:\Users\Bilal Idrees\.gradle\caches\modules-2\files-2.1\org.jetbrains.kotlin\kotlin-script-runtime\1.2.30\37ee7531a636e99b639f8b1544cdda27d0ee30b0\kotlin-script-runtime-1.2.30.jar;C:\Users\Bilal Idrees\.gradle\caches\modules-2\files-2.1\org.jetbrains.kotlin\kotlin-reflect\1.2.30\9758025a415ee400e1f90ff222bcfec247779133\kotlin-reflect-1.2.30.jar;E:\Android\jre\lib\tools.jar
Launcher Type: SUN_STANDARD

Environment Variables:
JAVA_HOME=C:\Program Files\Java\jdk1.8.0_131
PATH=C:\ProgramData\Oracle\Java\javapath;C:\Windows\system32;C:\Windows;C:\Windows\System32\Wbem;C:\Windows\System32\WindowsPowerShell\v1.0\;C:\Program Files (x86)\Windows Kits\8.1\Windows Performance Toolkit\;C:\Program Files\Microsoft SQL Server\110\Tools\Binn\;C:\Program Files (x86)\Microsoft SQL Server\100\Tools\Binn\;C:\Program Files\Microsoft SQL Server\100\Tools\Binn\;C:\Program Files\Microsoft SQL Server\100\DTS\Binn\;C:\Program Files (x86)\Microsoft SQL Server\100\Tools\Binn\VSShell\Common7\IDE\;C:\Program Files (x86)\Microsoft SQL Server\100\DTS\Binn\;C:\Program Files (x86)\GtkSharp\2.12\bin;C:\Program Files\Git\cmd;;C:\Program Files\Microsoft VS Code\bin
USERNAME=Bilal Idrees
OS=Windows_NT
PROCESSOR_IDENTIFIER=Intel64 Family 6 Model 69 Stepping 1, GenuineIntel



---------------  S Y S T E M  ---------------

OS: Windows 8.1 , 64 bit Build 9600 (6.3.9600.17415)

CPU:total 4 (initial active 4) (2 cores per cpu, 2 threads per core) family 6 model 69 stepping 1, cmov, cx8, fxsr, mmx, sse, sse2, sse3, ssse3, sse4.1, sse4.2, popcnt, avx, avx2, aes, clmul, erms, rtm, lzcnt, ht, tsc, tscinvbit, bmi1, bmi2

Memory: 4k page, physical 4097580k(224576k free), swap 6711484k(4156k free)

vm_info: OpenJDK 64-Bit Server VM (25.152-b02) for windows-amd64 JRE (1.8.0_152-release-1024-b02), built by "builder" with MS VC++ 10.0 (VS2010)

time: Mon Oct 01 17:56:23 2018
elapsed time: 8 seconds (0d 0h 0m 8s)

