#
# There is insufficient memory for the Java Runtime Environment to continue.
# Native memory allocation (malloc) failed to allocate 1048576 bytes for AllocateHeap
# Possible reasons:
#   The system is out of physical RAM or swap space
#   In 32 bit mode, the process size limit was hit
# Possible solutions:
#   Reduce memory load on the system
#   Increase physical memory or swap space
#   Check if swap backing store is full
#   Use 64 bit Java on a 64 bit OS
#   Decrease Java heap size (-Xmx/-Xms)
#   Decrease number of Java threads
#   Decrease Java thread stack sizes (-Xss)
#   Set larger code cache with -XX:ReservedCodeCacheSize=
# This output file may be truncated or incomplete.
#
#  Out of Memory Error (memory/allocation.inline.hpp:61), pid=5568, tid=0x00000000000009c4
#
# JRE version:  (8.0_152-b02) (build )
# Java VM: OpenJDK 64-Bit Server VM (25.152-b02 mixed mode windows-amd64 compressed oops)
# Failed to write core dump. Minidumps are not enabled by default on client versions of Windows
#

---------------  T H R E A D  ---------------

Current thread (0x0000000001dce800):  JavaThread "Unknown thread" [_thread_in_vm, id=2500, stack(0x0000000001ed0000,0x0000000001fd0000)]

Stack: [0x0000000001ed0000,0x0000000001fd0000]
[error occurred during error reporting (printing stack bounds), id 0xc0000005]

Native frames: (J=compiled Java code, j=interpreted, Vv=VM code, C=native code)


---------------  P R O C E S S  ---------------

Java Threads: ( => current thread )

Other Threads:

=>0x0000000001dce800 (exited) JavaThread "Unknown thread" [_thread_in_vm, id=2500, stack(0x0000000001ed0000,0x0000000001fd0000)]

VM state:not at safepoint (normal execution)

VM Mutex/Monitor currently owned by a thread: None

Heap:
 PSYoungGen      total 18944K, used 327K [0x00000000e0000000, 0x00000000e1500000, 0x0000000100000000)
  eden space 16384K, 2% used [0x00000000e0000000,0x00000000e0051ec8,0x00000000e1000000)
  from space 2560K, 0% used [0x00000000e1280000,0x00000000e1280000,0x00000000e1500000)
  to   space 2560K, 0% used [0x00000000e1000000,0x00000000e1000000,0x00000000e1280000)
 ParOldGen       total 44032K, used 0K [0x00000000a0000000, 0x00000000a2b00000, 0x00000000e0000000)
  object space 44032K, 0% used [0x00000000a0000000,0x00000000a0000000,0x00000000a2b00000)
 Metaspace       used 772K, capacity 4480K, committed 4480K, reserved 1056768K
  class space    used 73K, capacity 384K, committed 384K, reserved 1048576K

Card table byte_map: [0x0000000011490000,0x00000000117a0000] byte_map_base: 0x0000000010f90000

Marking Bits: (ParMarkBitMap*) 0x0000000057014970
 Begin Bits: [0x0000000011da0000, 0x00000000135a0000)
 End Bits:   [0x00000000135a0000, 0x0000000014da0000)

Polling page: 0x0000000001d90000

CodeCache: size=245760Kb used=328Kb max_used=328Kb free=245431Kb
 bounds [0x00000000020d0000, 0x0000000002340000, 0x00000000110d0000]
 total_blobs=57 nmethods=0 adapters=38
 compilation: enabled

Compilation events (0 events):
No events

GC Heap History (0 events):
No events

Deoptimization events (0 events):
No events

Classes redefined (0 events):
No events

Internal exceptions (0 events):
No events

Events (10 events):
Event: 0.255 loading class java/lang/Short
Event: 0.255 loading class java/lang/Short done
Event: 0.255 loading class java/lang/Integer
Event: 0.255 loading class java/lang/Integer done
Event: 0.255 loading class java/lang/Long
Event: 0.256 loading class java/lang/Long done
Event: 0.259 loading class java/lang/NullPointerException
Event: 0.259 loading class java/lang/NullPointerException done
Event: 0.259 loading class java/lang/ArithmeticException
Event: 0.259 loading class java/lang/ArithmeticException done


Dynamic libraries:
0x00007ff794180000 - 0x00007ff7941b1000 	E:\Android\jre\jre\bin\java.exe
0x00007ffa06ea0000 - 0x00007ffa0704d000 	C:\Windows\SYSTEM32\ntdll.dll
0x00007ffa06a10000 - 0x00007ffa06b4e000 	C:\Windows\system32\KERNEL32.DLL
0x00007ff9e5670000 - 0x00007ff9e56a4000 	C:\Program Files\AVAST Software\Avast\x64\aswhooka.dll
0x00007ffa04340000 - 0x00007ffa04455000 	C:\Windows\system32\KERNELBASE.dll
0x00007ffa065d0000 - 0x00007ffa0667a000 	C:\Windows\system32\ADVAPI32.dll
0x00007ffa06340000 - 0x00007ffa064b7000 	C:\Windows\system32\USER32.dll
0x00007ffa01a70000 - 0x00007ffa01cea000 	C:\Windows\WinSxS\amd64_microsoft.windows.common-controls_6595b64144ccf1df_6.0.9600.17810_none_6240b9c7ecbd0bda\COMCTL32.dll
0x00007ffa06b60000 - 0x00007ffa06c0a000 	C:\Windows\system32\msvcrt.dll
0x00007ffa04c60000 - 0x00007ffa04cb9000 	C:\Windows\SYSTEM32\sechost.dll
0x00007ffa04cc0000 - 0x00007ffa04e01000 	C:\Windows\system32\RPCRT4.dll
0x00007ffa066b0000 - 0x00007ffa067ff000 	C:\Windows\system32\GDI32.dll
0x00007ffa06580000 - 0x00007ffa065b6000 	C:\Windows\system32\IMM32.DLL
0x00007ffa06d40000 - 0x00007ffa06e92000 	C:\Windows\system32\MSCTF.dll
0x00000000566f0000 - 0x00000000567c2000 	E:\Android\jre\jre\bin\msvcr100.dll
0x0000000056850000 - 0x000000005708f000 	E:\Android\jre\jre\bin\server\jvm.dll
0x00007ff9f6e40000 - 0x00007ff9f6e49000 	C:\Windows\SYSTEM32\WSOCK32.dll
0x00007ff9fbe20000 - 0x00007ff9fbe42000 	C:\Windows\SYSTEM32\WINMM.dll
0x00007ff9fa230000 - 0x00007ff9fa23a000 	C:\Windows\SYSTEM32\VERSION.dll
0x00007ffa06b50000 - 0x00007ffa06b57000 	C:\Windows\system32\PSAPI.DLL
0x00007ffa06ce0000 - 0x00007ffa06d3a000 	C:\Windows\system32\WS2_32.dll
0x00007ff9fbdf0000 - 0x00007ff9fbe1a000 	C:\Windows\SYSTEM32\WINMMBASE.dll
0x00007ffa06cd0000 - 0x00007ffa06cd9000 	C:\Windows\system32\NSI.dll
0x00007ffa04460000 - 0x00007ffa044af000 	C:\Windows\SYSTEM32\cfgmgr32.dll
0x00007ffa02dc0000 - 0x00007ffa02de8000 	C:\Windows\SYSTEM32\DEVOBJ.dll
0x00007ff9e9760000 - 0x00007ff9e976f000 	E:\Android\jre\jre\bin\verify.dll
0x00007ff9e5280000 - 0x00007ff9e52a9000 	E:\Android\jre\jre\bin\java.dll
0x00007ff9e5260000 - 0x00007ff9e5276000 	E:\Android\jre\jre\bin\zip.dll

VM Arguments:
jvm_args: -Djava.awt.headless=true -Djava.rmi.server.hostname=localhost -Xmx1536m -Dkotlin.environment.keepalive 
java_command: org.jetbrains.kotlin.daemon.KotlinCompileDaemon --daemon-runFilesPath C:\Users\Bilal Idrees\AppData\Local\kotlin\daemon --daemon-autoshutdownIdleSeconds=7200 --daemon-compilerClasspath C:\Users\Bilal Idrees\.gradle\caches\modules-2\files-2.1\org.jetbrains.kotlin\kotlin-compiler-embeddable\1.2.30\9b3f10d4717b9ac238b287e9b6eb2b4eadd8e870\kotlin-compiler-embeddable-1.2.30.jar;C:\Users\Bilal Idrees\.gradle\caches\modules-2\files-2.1\org.jetbrains.kotlin\kotlin-stdlib\1.2.30\2dfac33f8b4e92c9dd1422cd286834701a6f6d6\kotlin-stdlib-1.2.30.jar;C:\Users\Bilal Idrees\.gradle\caches\modules-2\files-2.1\org.jetbrains.kotlin\kotlin-script-runtime\1.2.30\37ee7531a636e99b639f8b1544cdda27d0ee30b0\kotlin-script-runtime-1.2.30.jar;C:\Users\Bilal Idrees\.gradle\caches\modules-2\files-2.1\org.jetbrains.kotlin\kotlin-reflect\1.2.30\9758025a415ee400e1f90ff222bcfec247779133\kotlin-reflect-1.2.30.jar;E:\Android\jre\lib\tools.jar
java_class_path (initial): C:\Users\Bilal Idrees\.gradle\caches\modules-2\files-2.1\org.jetbrains.kotlin\kotlin-compiler-embeddable\1.2.30\9b3f10d4717b9ac238b287e9b6eb2b4eadd8e870\kotlin-compiler-embeddable-1.2.30.jar;C:\Users\Bilal Idrees\.gradle\caches\modules-2\files-2.1\org.jetbrains.kotlin\kotlin-stdlib\1.2.30\2dfac33f8b4e92c9dd1422cd286834701a6f6d6\kotlin-stdlib-1.2.30.jar;C:\Users\Bilal Idrees\.gradle\caches\modules-2\files-2.1\org.jetbrains.kotlin\kotlin-script-runtime\1.2.30\37ee7531a636e99b639f8b1544cdda27d0ee30b0\kotlin-script-runtime-1.2.30.jar;C:\Users\Bilal Idrees\.gradle\caches\modules-2\files-2.1\org.jetbrains.kotlin\kotlin-reflect\1.2.30\9758025a415ee400e1f90ff222bcfec247779133\kotlin-reflect-1.2.30.jar;E:\Android\jre\lib\tools.jar
Launcher Type: SUN_STANDARD

Environment Variables:
JAVA_HOME=C:\Program Files\Java\jdk1.8.0_131
PATH=C:\ProgramData\Oracle\Java\javapath;C:\Windows\system32;C:\Windows;C:\Windows\System32\Wbem;C:\Windows\System32\WindowsPowerShell\v1.0\;C:\Program Files (x86)\Windows Kits\8.1\Windows Performance Toolkit\;C:\Program Files\Microsoft SQL Server\110\Tools\Binn\;C:\Program Files (x86)\Microsoft SQL Server\100\Tools\Binn\;C:\Program Files\Microsoft SQL Server\100\Tools\Binn\;C:\Program Files\Microsoft SQL Server\100\DTS\Binn\;C:\Program Files (x86)\Microsoft SQL Server\100\Tools\Binn\VSShell\Common7\IDE\;C:\Program Files (x86)\Microsoft SQL Server\100\DTS\Binn\;C:\Program Files (x86)\GtkSharp\2.12\bin;C:\Program Files\Git\cmd;;C:\Program Files\Microsoft VS Code\bin
USERNAME=Bilal Idrees
OS=Windows_NT
PROCESSOR_IDENTIFIER=Intel64 Family 6 Model 69 Stepping 1, GenuineIntel



---------------  S Y S T E M  ---------------

OS: Windows 8.1 , 64 bit Build 9600 (6.3.9600.17415)

CPU:total 4 (initial active 4) (2 cores per cpu, 2 threads per core) family 6 model 69 stepping 1, cmov, cx8, fxsr, mmx, sse, sse2, sse3, ssse3, sse4.1, sse4.2, popcnt, avx, avx2, aes, clmul, erms, rtm, lzcnt, ht, tsc, tscinvbit, bmi1, bmi2

Memory: 4k page, physical 4097580k(249780k free), swap 6788272k(5980k free)

vm_info: OpenJDK 64-Bit Server VM (25.152-b02) for windows-amd64 JRE (1.8.0_152-release-1024-b02), built by "builder" with MS VC++ 10.0 (VS2010)

time: Tue Oct 02 00:31:13 2018
elapsed time: 0 seconds (0d 0h 0m 0s)

