#
# There is insufficient memory for the Java Runtime Environment to continue.
# Native memory allocation (malloc) failed to allocate 1302736 bytes for Chunk::new
# Possible reasons:
#   The system is out of physical RAM or swap space
#   In 32 bit mode, the process size limit was hit
# Possible solutions:
#   Reduce memory load on the system
#   Increase physical memory or swap space
#   Check if swap backing store is full
#   Use 64 bit Java on a 64 bit OS
#   Decrease Java heap size (-Xmx/-Xms)
#   Decrease number of Java threads
#   Decrease Java thread stack sizes (-Xss)
#   Set larger code cache with -XX:ReservedCodeCacheSize=
# This output file may be truncated or incomplete.
#
#  Out of Memory Error (allocation.cpp:390), pid=2476, tid=0x00000000000018a4
#
# JRE version: OpenJDK Runtime Environment (8.0_152-b02) (build 1.8.0_152-release-1024-b02)
# Java VM: OpenJDK 64-Bit Server VM (25.152-b02 mixed mode windows-amd64 compressed oops)
# Failed to write core dump. Minidumps are not enabled by default on client versions of Windows
#

---------------  T H R E A D  ---------------

Current thread (0x00000000160ad800):  JavaThread "C2 CompilerThread0" daemon [_thread_in_native, id=6308, stack(0x00000000176f0000,0x00000000177f0000)]

Stack: [0x00000000176f0000,0x00000000177f0000]
[error occurred during error reporting (printing stack bounds), id 0xc0000005]

Native frames: (J=compiled Java code, j=interpreted, Vv=VM code, C=native code)


Current CompileTask:
C2:   9000 5319       4       org.jetbrains.kotlin.com.intellij.lang.java.parser.ExpressionParser::parseBinary (164 bytes)


---------------  P R O C E S S  ---------------

Java Threads: ( => current thread )
  0x000000001823a000 JavaThread "RMI RenewClean-[localhost:1618,org.jetbrains.kotlin.daemon.common.LoopbackNetworkInterface$ClientLoopbackSocketFactory@3f658ef9]" daemon [_thread_blocked, id=7216, stack(0x00000000194c0000,0x00000000195c0000)]
  0x0000000018276000 JavaThread "RMI TCP Connection(2)-127.0.0.1" daemon [_thread_in_vm, id=5952, stack(0x00000000193c0000,0x00000000194c0000)]
  0x0000000018275000 JavaThread "RMI Scheduler(0)" daemon [_thread_blocked, id=7876, stack(0x00000000192c0000,0x00000000193c0000)]
  0x0000000017ded000 JavaThread "RMI TCP Connection(1)-127.0.0.1" daemon [_thread_in_native, id=3708, stack(0x0000000018cd0000,0x0000000018dd0000)]
  0x000000000246e800 JavaThread "DestroyJavaVM" [_thread_blocked, id=6412, stack(0x0000000002540000,0x0000000002640000)]
  0x00000000181b6800 JavaThread "GC Daemon" daemon [_thread_blocked, id=6892, stack(0x0000000018ed0000,0x0000000018fd0000)]
  0x0000000018212000 JavaThread "RMI Reaper" [_thread_blocked, id=96, stack(0x0000000018dd0000,0x0000000018ed0000)]
  0x000000001819e800 JavaThread "Timer-0" daemon [_thread_blocked, id=300, stack(0x0000000018bd0000,0x0000000018cd0000)]
  0x000000001819d800 JavaThread "RMI TCP Accept-17013" daemon [_thread_in_native, id=2648, stack(0x0000000018ad0000,0x0000000018bd0000)]
  0x0000000017a18800 JavaThread "Service Thread" daemon [_thread_blocked, id=2300, stack(0x0000000017df0000,0x0000000017ef0000)]
  0x00000000160b8000 JavaThread "C1 CompilerThread2" daemon [_thread_blocked, id=7108, stack(0x00000000178f0000,0x00000000179f0000)]
  0x00000000160b1800 JavaThread "C2 CompilerThread1" daemon [_thread_in_native, id=4872, stack(0x00000000177f0000,0x00000000178f0000)]
=>0x00000000160ad800 JavaThread "C2 CompilerThread0" daemon [_thread_in_native, id=6308, stack(0x00000000176f0000,0x00000000177f0000)]
  0x00000000160ab800 JavaThread "Attach Listener" daemon [_thread_blocked, id=6264, stack(0x00000000175f0000,0x00000000176f0000)]
  0x00000000160aa000 JavaThread "Signal Dispatcher" daemon [_thread_blocked, id=7920, stack(0x00000000174f0000,0x00000000175f0000)]
  0x000000000273c800 JavaThread "Finalizer" daemon [_thread_blocked, id=6184, stack(0x0000000017310000,0x0000000017410000)]
  0x0000000002731800 JavaThread "Reference Handler" daemon [_thread_blocked, id=7248, stack(0x0000000017210000,0x0000000017310000)]

Other Threads:
  0x0000000016075800 VMThread [stack: 0x0000000017110000,0x0000000017210000] [id=2660]
  0x0000000017a1a000 WatcherThread [stack: 0x0000000017ef0000,0x0000000017ff0000] [id=7144]

VM state:not at safepoint (normal execution)

VM Mutex/Monitor currently owned by a thread: None

Heap:
 PSYoungGen      total 115712K, used 64872K [0x00000000e0000000, 0x00000000ed580000, 0x0000000100000000)
  eden space 101376K, 49% used [0x00000000e0000000,0x00000000e315db70,0x00000000e6300000)
  from space 14336K, 99% used [0x00000000e6300000,0x00000000e70fc5b0,0x00000000e7100000)
  to   space 19456K, 0% used [0x00000000ec280000,0x00000000ec280000,0x00000000ed580000)
 ParOldGen       total 47616K, used 22420K [0x00000000a0000000, 0x00000000a2e80000, 0x00000000e0000000)
  object space 47616K, 47% used [0x00000000a0000000,0x00000000a15e5200,0x00000000a2e80000)
 Metaspace       used 44340K, capacity 45073K, committed 45352K, reserved 1089536K
  class space    used 5477K, capacity 5660K, committed 5680K, reserved 1048576K

Card table byte_map: [0x0000000011b00000,0x0000000011e10000] byte_map_base: 0x0000000011600000

Marking Bits: (ParMarkBitMap*) 0x0000000071f04970
 Begin Bits: [0x0000000012410000, 0x0000000013c10000)
 End Bits:   [0x0000000013c10000, 0x0000000015410000)

Polling page: 0x0000000000c40000

CodeCache: size=245760Kb used=16133Kb max_used=16133Kb free=229627Kb
 bounds [0x0000000002740000, 0x0000000003730000, 0x0000000011740000]
 total_blobs=5678 nmethods=5192 adapters=398
 compilation: enabled

Compilation events (10 events):
Event: 8.971 Thread 0x00000000160b8000 5393       2       org.jetbrains.kotlin.com.intellij.util.containers.ConcurrentIntObjectHashMap::addCount (290 bytes)
Event: 8.972 Thread 0x00000000160b8000 nmethod 5393 0x000000000296d9d0 code [0x000000000296db80, 0x000000000296e0a8]
Event: 8.972 Thread 0x00000000160b8000 5392   !   2       org.jetbrains.kotlin.com.intellij.util.containers.ConcurrentIntObjectHashMap::putVal (324 bytes)
Event: 8.973 Thread 0x00000000160b8000 nmethod 5392 0x00000000028ea350 code [0x00000000028ea540, 0x00000000028eafb8]
Event: 8.974 Thread 0x00000000160b8000 5394       2       java.lang.invoke.MethodHandles::access$000 (4 bytes)
Event: 8.974 Thread 0x00000000160b8000 nmethod 5394 0x00000000028ea050 code [0x00000000028ea1a0, 0x00000000028ea2d0]
Event: 8.974 Thread 0x00000000160b8000 5395       2       sun.reflect.ReflectionFactory::newConstructorAccessor (132 bytes)
Event: 8.976 Thread 0x00000000160b8000 nmethod 5395 0x00000000028a5650 code [0x00000000028a5880, 0x00000000028a6118]
Event: 8.976 Thread 0x00000000160b8000 5396       2       org.jetbrains.kotlin.cli.jvm.compiler.KotlinCliJavaFileManagerImpl$knownClassNamesInPackage$1::invoke (89 bytes)
Event: 8.977 Thread 0x00000000160b8000 nmethod 5396 0x0000000002b07750 code [0x0000000002b079c0, 0x0000000002b07fd8]

GC Heap History (10 events):
Event: 5.382 GC heap before
{Heap before GC invocations=8 (full 2):
 PSYoungGen      total 35328K, used 32768K [0x00000000e0000000, 0x00000000e4500000, 0x0000000100000000)
  eden space 32768K, 100% used [0x00000000e0000000,0x00000000e2000000,0x00000000e2000000)
  from space 2560K, 0% used [0x00000000e2000000,0x00000000e2000000,0x00000000e2280000)
  to   space 2560K, 0% used [0x00000000e4280000,0x00000000e4280000,0x00000000e4500000)
 ParOldGen       total 32768K, used 7671K [0x00000000a0000000, 0x00000000a2000000, 0x00000000e0000000)
  object space 32768K, 23% used [0x00000000a0000000,0x00000000a077dca0,0x00000000a2000000)
 Metaspace       used 25410K, capacity 25874K, committed 26160K, reserved 1073152K
  class space    used 3215K, capacity 3343K, committed 3376K, reserved 1048576K
Event: 5.392 GC heap after
Heap after GC invocations=8 (full 2):
 PSYoungGen      total 60416K, used 2557K [0x00000000e0000000, 0x00000000e4880000, 0x0000000100000000)
  eden space 57856K, 0% used [0x00000000e0000000,0x00000000e0000000,0x00000000e3880000)
  from space 2560K, 99% used [0x00000000e4280000,0x00000000e44ff508,0x00000000e4500000)
  to   space 8192K, 0% used [0x00000000e3880000,0x00000000e3880000,0x00000000e4080000)
 ParOldGen       total 32768K, used 11926K [0x00000000a0000000, 0x00000000a2000000, 0x00000000e0000000)
  object space 32768K, 36% used [0x00000000a0000000,0x00000000a0ba5830,0x00000000a2000000)
 Metaspace       used 25410K, capacity 25874K, committed 26160K, reserved 1073152K
  class space    used 3215K, capacity 3343K, committed 3376K, reserved 1048576K
}
Event: 6.573 GC heap before
{Heap before GC invocations=9 (full 2):
 PSYoungGen      total 60416K, used 60413K [0x00000000e0000000, 0x00000000e4880000, 0x0000000100000000)
  eden space 57856K, 100% used [0x00000000e0000000,0x00000000e3880000,0x00000000e3880000)
  from space 2560K, 99% used [0x00000000e4280000,0x00000000e44ff508,0x00000000e4500000)
  to   space 8192K, 0% used [0x00000000e3880000,0x00000000e3880000,0x00000000e4080000)
 ParOldGen       total 32768K, used 11926K [0x00000000a0000000, 0x00000000a2000000, 0x00000000e0000000)
  object space 32768K, 36% used [0x00000000a0000000,0x00000000a0ba5830,0x00000000a2000000)
 Metaspace       used 34429K, capacity 34988K, committed 35248K, reserved 1079296K
  class space    used 4307K, capacity 4460K, committed 4528K, reserved 1048576K
Event: 6.592 GC heap after
Heap after GC invocations=9 (full 2):
 PSYoungGen      total 66048K, used 8177K [0x00000000e0000000, 0x00000000e7f00000, 0x0000000100000000)
  eden space 57856K, 0% used [0x00000000e0000000,0x00000000e0000000,0x00000000e3880000)
  from space 8192K, 99% used [0x00000000e3880000,0x00000000e407c518,0x00000000e4080000)
  to   space 14336K, 0% used [0x00000000e7100000,0x00000000e7100000,0x00000000e7f00000)
 ParOldGen       total 32768K, used 21721K [0x00000000a0000000, 0x00000000a2000000, 0x00000000e0000000)
  object space 32768K, 66% used [0x00000000a0000000,0x00000000a1536400,0x00000000a2000000)
 Metaspace       used 34429K, capacity 34988K, committed 35248K, reserved 1079296K
  class space    used 4307K, capacity 4460K, committed 4528K, reserved 1048576K
}
Event: 6.617 GC heap before
{Heap before GC invocations=10 (full 2):
 PSYoungGen      total 66048K, used 10315K [0x00000000e0000000, 0x00000000e7f00000, 0x0000000100000000)
  eden space 57856K, 3% used [0x00000000e0000000,0x00000000e02167e8,0x00000000e3880000)
  from space 8192K, 99% used [0x00000000e3880000,0x00000000e407c518,0x00000000e4080000)
  to   space 14336K, 0% used [0x00000000e7100000,0x00000000e7100000,0x00000000e7f00000)
 ParOldGen       total 32768K, used 21721K [0x00000000a0000000, 0x00000000a2000000, 0x00000000e0000000)
  object space 32768K, 66% used [0x00000000a0000000,0x00000000a1536400,0x00000000a2000000)
 Metaspace       used 34687K, capacity 35220K, committed 35496K, reserved 1081344K
  class space    used 4336K, capacity 4494K, committed 4528K, reserved 1048576K
Event: 6.630 GC heap after
Heap after GC invocations=10 (full 2):
 PSYoungGen      total 115712K, used 8460K [0x00000000e0000000, 0x00000000e8980000, 0x0000000100000000)
  eden space 101376K, 0% used [0x00000000e0000000,0x00000000e0000000,0x00000000e6300000)
  from space 14336K, 59% used [0x00000000e7100000,0x00000000e7943228,0x00000000e7f00000)
  to   space 14336K, 0% used [0x00000000e6300000,0x00000000e6300000,0x00000000e7100000)
 ParOldGen       total 32768K, used 21729K [0x00000000a0000000, 0x00000000a2000000, 0x00000000e0000000)
  object space 32768K, 66% used [0x00000000a0000000,0x00000000a1538400,0x00000000a2000000)
 Metaspace       used 34687K, capacity 35220K, committed 35496K, reserved 1081344K
  class space    used 4336K, capacity 4494K, committed 4528K, reserved 1048576K
}
Event: 6.630 GC heap before
{Heap before GC invocations=11 (full 3):
 PSYoungGen      total 115712K, used 8460K [0x00000000e0000000, 0x00000000e8980000, 0x0000000100000000)
  eden space 101376K, 0% used [0x00000000e0000000,0x00000000e0000000,0x00000000e6300000)
  from space 14336K, 59% used [0x00000000e7100000,0x00000000e7943228,0x00000000e7f00000)
  to   space 14336K, 0% used [0x00000000e6300000,0x00000000e6300000,0x00000000e7100000)
 ParOldGen       total 32768K, used 21729K [0x00000000a0000000, 0x00000000a2000000, 0x00000000e0000000)
  object space 32768K, 66% used [0x00000000a0000000,0x00000000a1538400,0x00000000a2000000)
 Metaspace       used 34687K, capacity 35220K, committed 35496K, reserved 1081344K
  class space    used 4336K, capacity 4494K, committed 4528K, reserved 1048576K
Event: 6.709 GC heap after
Heap after GC invocations=11 (full 3):
 PSYoungGen      total 115712K, used 0K [0x00000000e0000000, 0x00000000e8980000, 0x0000000100000000)
  eden space 101376K, 0% used [0x00000000e0000000,0x00000000e0000000,0x00000000e6300000)
  from space 14336K, 0% used [0x00000000e7100000,0x00000000e7100000,0x00000000e7f00000)
  to   space 14336K, 0% used [0x00000000e6300000,0x00000000e6300000,0x00000000e7100000)
 ParOldGen       total 47616K, used 14045K [0x00000000a0000000, 0x00000000a2e80000, 0x00000000e0000000)
  object space 47616K, 29% used [0x00000000a0000000,0x00000000a0db7658,0x00000000a2e80000)
 Metaspace       used 34687K, capacity 35220K, committed 35496K, reserved 1081344K
  class space    used 4336K, capacity 4494K, committed 4528K, reserved 1048576K
}
Event: 8.149 GC heap before
{Heap before GC invocations=12 (full 3):
 PSYoungGen      total 115712K, used 101376K [0x00000000e0000000, 0x00000000e8980000, 0x0000000100000000)
  eden space 101376K, 100% used [0x00000000e0000000,0x00000000e6300000,0x00000000e6300000)
  from space 14336K, 0% used [0x00000000e7100000,0x00000000e7100000,0x00000000e7f00000)
  to   space 14336K, 0% used [0x00000000e6300000,0x00000000e6300000,0x00000000e7100000)
 ParOldGen       total 47616K, used 14045K [0x00000000a0000000, 0x00000000a2e80000, 0x00000000e0000000)
  object space 47616K, 29% used [0x00000000a0000000,0x00000000a0db7658,0x00000000a2e80000)
 Metaspace       used 40348K, capacity 40933K, committed 41256K, reserved 1085440K
  class space    used 4911K, capacity 5074K, committed 5168K, reserved 1048576K
Event: 8.172 GC heap after
Heap after GC invocations=12 (full 3):
 PSYoungGen      total 115712K, used 14321K [0x00000000e0000000, 0x00000000ed580000, 0x0000000100000000)
  eden space 101376K, 0% used [0x00000000e0000000,0x00000000e0000000,0x00000000e6300000)
  from space 14336K, 99% used [0x00000000e6300000,0x00000000e70fc5b0,0x00000000e7100000)
  to   space 19456K, 0% used [0x00000000ec280000,0x00000000ec280000,0x00000000ed580000)
 ParOldGen       total 47616K, used 22420K [0x00000000a0000000, 0x00000000a2e80000, 0x00000000e0000000)
  object space 47616K, 47% used [0x00000000a0000000,0x00000000a15e5200,0x00000000a2e80000)
 Metaspace       used 40348K, capacity 40933K, committed 41256K, reserved 1085440K
  class space    used 4911K, capacity 5074K, committed 5168K, reserved 1048576K
}

Deoptimization events (10 events):
Event: 8.906 Thread 0x0000000018276000 Uncommon trap: reason=bimorphic action=maybe_recompile pc=0x00000000032c08a4 method=org.jetbrains.kotlin.com.intellij.psi.impl.source.tree.CompositeElement.findChildByType(Lorg/jetbrains/kotlin/com/intellij/psi/tree/IElementType;)Lorg/jetbrains/kotlin/com
Event: 8.906 Thread 0x0000000018276000 Uncommon trap: reason=speculate_class_check action=maybe_recompile pc=0x0000000003271164 method=org.jetbrains.kotlin.com.intellij.psi.impl.source.tree.AstPath.getNodePath(Lorg/jetbrains/kotlin/com/intellij/psi/impl/source/tree/CompositeElement;)Lorg/jetbr
Event: 8.907 Thread 0x0000000018276000 Uncommon trap: reason=speculate_class_check action=maybe_recompile pc=0x0000000003271164 method=org.jetbrains.kotlin.com.intellij.psi.impl.source.tree.AstPath.getNodePath(Lorg/jetbrains/kotlin/com/intellij/psi/impl/source/tree/CompositeElement;)Lorg/jetbr
Event: 8.910 Thread 0x0000000018276000 Uncommon trap: reason=class_check action=maybe_recompile pc=0x00000000033808ac method=java.util.AbstractList.hashCode()I @ 36
Event: 8.910 Thread 0x0000000018276000 Uncommon trap: reason=class_check action=maybe_recompile pc=0x00000000033808ac method=java.util.AbstractList.hashCode()I @ 36
Event: 8.921 Thread 0x0000000018276000 Uncommon trap: reason=unstable_if action=reinterpret pc=0x0000000002859430 method=org.jetbrains.kotlin.com.intellij.lang.java.lexer.JavaLexer.getWhitespaces(I)I @ 5
Event: 8.922 Thread 0x0000000018276000 Uncommon trap: reason=unstable_if action=reinterpret pc=0x000000000296fdf0 method=org.jetbrains.kotlin.gnu.trove.TIntObjectHashMap.insertionIndex(I)I @ 79
Event: 8.922 Thread 0x0000000018276000 Uncommon trap: reason=speculate_class_check action=maybe_recompile pc=0x0000000003271164 method=org.jetbrains.kotlin.com.intellij.psi.impl.source.tree.AstPath.getNodePath(Lorg/jetbrains/kotlin/com/intellij/psi/impl/source/tree/CompositeElement;)Lorg/jetbr
Event: 8.922 Thread 0x0000000018276000 Uncommon trap: reason=class_check action=maybe_recompile pc=0x00000000033808ac method=java.util.AbstractList.hashCode()I @ 36
Event: 8.939 Thread 0x0000000018276000 Uncommon trap: reason=class_check action=maybe_recompile pc=0x00000000033808ac method=java.util.AbstractList.hashCode()I @ 36

Classes redefined (0 events):
No events

Internal exceptions (10 events):
Event: 6.561 Thread 0x0000000018276000 Exception <a 'java/lang/NoSuchMethodError': java.lang.Object.lambda$static$0(I)[Lorg/jetbrains/kotlin/psi/KtDeclaration;> (0x00000000e381c118) thrown at [D:\src\AOSP-openjdk-cygwin\jdk8u\hotspot\src\share\vm\interpreter\linkResolver.cpp, line 584]
Event: 6.570 Thread 0x0000000018276000 Exception <a 'java/lang/NoSuchMethodError': java.lang.Object.lambda$static$0(I)[Lorg/jetbrains/kotlin/com/intellij/psi/PsiElement;> (0x00000000e385a708) thrown at [D:\src\AOSP-openjdk-cygwin\jdk8u\hotspot\src\share\vm\interpreter\linkResolver.cpp, line 58
Event: 6.615 Thread 0x0000000018276000 Exception <a 'java/lang/NoSuchMethodError': java.lang.Object.lambda$static$0(I)[Lorg/jetbrains/kotlin/psi/KtTypeElement;> (0x00000000e0101c88) thrown at [D:\src\AOSP-openjdk-cygwin\jdk8u\hotspot\src\share\vm\interpreter\linkResolver.cpp, line 584]
Event: 6.974 Thread 0x0000000018276000 Exception <a 'java/lang/NoSuchMethodError': java.lang.Object.lambda$static$0(I)[Lorg/jetbrains/kotlin/com/intellij/psi/PsiClass;> (0x00000000e0f5d2f0) thrown at [D:\src\AOSP-openjdk-cygwin\jdk8u\hotspot\src\share\vm\interpreter\linkResolver.cpp, line 584]
Event: 8.719 Thread 0x0000000018276000 Implicit null exception at 0x0000000002df6150 to 0x0000000002df6219
Event: 8.840 Thread 0x0000000018276000 Exception <a 'java/lang/NoSuchMethodError': java.lang.Object.lambda$static$0(I)[Lorg/jetbrains/kotlin/com/intellij/psi/PsiTypeElement;> (0x00000000e28ae958) thrown at [D:\src\AOSP-openjdk-cygwin\jdk8u\hotspot\src\share\vm\interpreter\linkResolver.cpp, lin
Event: 8.907 Thread 0x0000000018276000 Exception <a 'java/lang/NoSuchMethodError': java.lang.Object.lambda$static$0(I)[Lorg/jetbrains/kotlin/com/intellij/psi/PsiTypeParameter;> (0x00000000e2cabba8) thrown at [D:\src\AOSP-openjdk-cygwin\jdk8u\hotspot\src\share\vm\interpreter\linkResolver.cpp, l
Event: 8.943 Thread 0x0000000018276000 Exception <a 'java/lang/NoSuchMethodError': java.lang.Object.lambda$static$0(I)[Lorg/jetbrains/kotlin/com/intellij/psi/PsiMethod;> (0x00000000e2dbc3d0) thrown at [D:\src\AOSP-openjdk-cygwin\jdk8u\hotspot\src\share\vm\interpreter\linkResolver.cpp, line 584
Event: 8.945 Thread 0x0000000018276000 Exception <a 'java/lang/NoSuchMethodError': java.lang.Object.lambda$static$0(I)[Lorg/jetbrains/kotlin/com/intellij/psi/PsiField;> (0x00000000e2dc71a8) thrown at [D:\src\AOSP-openjdk-cygwin\jdk8u\hotspot\src\share\vm\interpreter\linkResolver.cpp, line 584]
Event: 8.972 Thread 0x0000000018276000 Exception <a 'java/lang/NoSuchMethodError': java.lang.Object.lambda$static$0(I)[Lorg/jetbrains/kotlin/com/intellij/psi/PsiJavaCodeReferenceElement;> (0x00000000e2ea69e8) thrown at [D:\src\AOSP-openjdk-cygwin\jdk8u\hotspot\src\share\vm\interpreter\linkReso

Events (10 events):
Event: 8.995 loading class org/jetbrains/kotlin/com/intellij/psi/impl/compiled/ClsParsingUtil$1
Event: 8.995 loading class org/jetbrains/kotlin/com/intellij/psi/impl/compiled/ClsParsingUtil$1 done
Event: 8.995 loading class org/jetbrains/kotlin/com/intellij/psi/impl/java/stubs/impl/PsiJavaFileStubImpl
Event: 8.995 loading class org/jetbrains/kotlin/com/intellij/psi/impl/java/stubs/impl/PsiJavaFileStubImpl done
Event: 8.995 loading class org/jetbrains/kotlin/com/intellij/psi/stubs/PsiFileStubImpl
Event: 8.995 loading class org/jetbrains/kotlin/com/intellij/psi/stubs/PsiFileStubImpl done
Event: 8.996 loading class org/jetbrains/kotlin/com/intellij/psi/stubs/StubBase
Event: 8.996 loading class org/jetbrains/kotlin/com/intellij/psi/stubs/StubBase done
Event: 8.996 loading class org/jetbrains/kotlin/com/intellij/psi/stubs/ObjectStubBase
Event: 8.996 loading class org/jetbrains/kotlin/com/intellij/psi/stubs/ObjectStubBase done


Dynamic libraries:
0x00007ff72d7a0000 - 0x00007ff72d7d1000 	E:\Android\jre\jre\bin\java.exe
0x00007ffa723c0000 - 0x00007ffa7256d000 	C:\Windows\SYSTEM32\ntdll.dll
0x00007ffa6fea0000 - 0x00007ffa6ffde000 	C:\Windows\system32\KERNEL32.DLL
0x00007ffa4f1f0000 - 0x00007ffa4f224000 	C:\Program Files\AVAST Software\Avast\x64\aswhooka.dll
0x00007ffa6f7b0000 - 0x00007ffa6f8c5000 	C:\Windows\system32\KERNELBASE.dll
0x00007ffa6ffe0000 - 0x00007ffa7008a000 	C:\Windows\system32\ADVAPI32.dll
0x00007ffa71a80000 - 0x00007ffa71bf7000 	C:\Windows\system32\USER32.dll
0x00007ffa6d430000 - 0x00007ffa6d6aa000 	C:\Windows\WinSxS\amd64_microsoft.windows.common-controls_6595b64144ccf1df_6.0.9600.17810_none_6240b9c7ecbd0bda\COMCTL32.dll
0x00007ffa6fdf0000 - 0x00007ffa6fe9a000 	C:\Windows\system32\msvcrt.dll
0x00007ffa701f0000 - 0x00007ffa70249000 	C:\Windows\SYSTEM32\sechost.dll
0x00007ffa70250000 - 0x00007ffa70391000 	C:\Windows\system32\RPCRT4.dll
0x00007ffa71c00000 - 0x00007ffa71d4f000 	C:\Windows\system32\GDI32.dll
0x00007ffa72380000 - 0x00007ffa723b6000 	C:\Windows\system32\IMM32.DLL
0x00007ffa70090000 - 0x00007ffa701e2000 	C:\Windows\system32\MSCTF.dll
0x00000000715e0000 - 0x00000000716b2000 	E:\Android\jre\jre\bin\msvcr100.dll
0x0000000071740000 - 0x0000000071f7f000 	E:\Android\jre\jre\bin\server\jvm.dll
0x00007ffa61820000 - 0x00007ffa61829000 	C:\Windows\SYSTEM32\WSOCK32.dll
0x00007ffa673b0000 - 0x00007ffa673d2000 	C:\Windows\SYSTEM32\WINMM.dll
0x00007ffa65aa0000 - 0x00007ffa65aaa000 	C:\Windows\SYSTEM32\VERSION.dll
0x00007ffa71e80000 - 0x00007ffa71e87000 	C:\Windows\system32\PSAPI.DLL
0x00007ffa72320000 - 0x00007ffa7237a000 	C:\Windows\system32\WS2_32.dll
0x00007ffa67380000 - 0x00007ffa673aa000 	C:\Windows\SYSTEM32\WINMMBASE.dll
0x00007ffa71a70000 - 0x00007ffa71a79000 	C:\Windows\system32\NSI.dll
0x00007ffa6f8d0000 - 0x00007ffa6f91f000 	C:\Windows\SYSTEM32\cfgmgr32.dll
0x00007ffa6e2e0000 - 0x00007ffa6e308000 	C:\Windows\SYSTEM32\DEVOBJ.dll
0x00007ffa4eca0000 - 0x00007ffa4ecaf000 	E:\Android\jre\jre\bin\verify.dll
0x00007ffa4ec70000 - 0x00007ffa4ec99000 	E:\Android\jre\jre\bin\java.dll
0x00007ffa4ec50000 - 0x00007ffa4ec66000 	E:\Android\jre\jre\bin\zip.dll
0x00007ffa703a0000 - 0x00007ffa718c8000 	C:\Windows\system32\SHELL32.dll
0x00007ffa6fa30000 - 0x00007ffa6fc42000 	C:\Windows\SYSTEM32\combase.dll
0x00007ffa6fd20000 - 0x00007ffa6fd74000 	C:\Windows\system32\SHLWAPI.dll
0x00007ffa6dd20000 - 0x00007ffa6ddd2000 	C:\Windows\SYSTEM32\SHCORE.dll
0x00007ffa6f500000 - 0x00007ffa6f515000 	C:\Windows\SYSTEM32\profapi.dll
0x00007ffa43fe0000 - 0x00007ffa43fed000 	E:\Android\jre\jre\bin\management.dll
0x00007ffa4ec30000 - 0x00007ffa4ec4a000 	E:\Android\jre\jre\bin\net.dll
0x00007ffa6edd0000 - 0x00007ffa6ee29000 	C:\Windows\system32\mswsock.dll
0x00007ffa4ec10000 - 0x00007ffa4ec21000 	E:\Android\jre\jre\bin\nio.dll
0x00007ffa6ee30000 - 0x00007ffa6ee50000 	C:\Windows\SYSTEM32\CRYPTSP.dll
0x00007ffa6ea00000 - 0x00007ffa6ea36000 	C:\Windows\system32\rsaenh.dll
0x00007ffa6f080000 - 0x00007ffa6f0a6000 	C:\Windows\SYSTEM32\bcrypt.dll
0x00007ffa6eb10000 - 0x00007ffa6eb31000 	C:\Windows\SYSTEM32\USERENV.dll
0x00007ffa6f3d0000 - 0x00007ffa6f433000 	C:\Windows\system32\bcryptprimitives.dll
0x00007ffa6f440000 - 0x00007ffa6f44b000 	C:\Windows\SYSTEM32\CRYPTBASE.dll
0x00007ffa69e10000 - 0x00007ffa69e3a000 	C:\Windows\SYSTEM32\IPHLPAPI.DLL
0x00007ffa69e00000 - 0x00007ffa69e0a000 	C:\Windows\SYSTEM32\WINNSI.DLL
0x00007ffa698d0000 - 0x00007ffa698e6000 	C:\Windows\SYSTEM32\dhcpcsvc6.DLL
0x00007ffa69ad0000 - 0x00007ffa69aea000 	C:\Windows\SYSTEM32\dhcpcsvc.DLL

VM Arguments:
jvm_args: -Djava.awt.headless=true -Djava.rmi.server.hostname=localhost -Xmx1536m -Dkotlin.environment.keepalive 
java_command: org.jetbrains.kotlin.daemon.KotlinCompileDaemon --daemon-runFilesPath C:\Users\Bilal Idrees\AppData\Local\kotlin\daemon --daemon-autoshutdownIdleSeconds=7200 --daemon-compilerClasspath C:\Users\Bilal Idrees\.gradle\caches\modules-2\files-2.1\org.jetbrains.kotlin\kotlin-compiler-embeddable\1.2.30\9b3f10d4717b9ac238b287e9b6eb2b4eadd8e870\kotlin-compiler-embeddable-1.2.30.jar;C:\Users\Bilal Idrees\.gradle\caches\modules-2\files-2.1\org.jetbrains.kotlin\kotlin-stdlib\1.2.30\2dfac33f8b4e92c9dd1422cd286834701a6f6d6\kotlin-stdlib-1.2.30.jar;C:\Users\Bilal Idrees\.gradle\caches\modules-2\files-2.1\org.jetbrains.kotlin\kotlin-script-runtime\1.2.30\37ee7531a636e99b639f8b1544cdda27d0ee30b0\kotlin-script-runtime-1.2.30.jar;C:\Users\Bilal Idrees\.gradle\caches\modules-2\files-2.1\org.jetbrains.kotlin\kotlin-reflect\1.2.30\9758025a415ee400e1f90ff222bcfec247779133\kotlin-reflect-1.2.30.jar;E:\Android\jre\lib\tools.jar
java_class_path (initial): C:\Users\Bilal Idrees\.gradle\caches\modules-2\files-2.1\org.jetbrains.kotlin\kotlin-compiler-embeddable\1.2.30\9b3f10d4717b9ac238b287e9b6eb2b4eadd8e870\kotlin-compiler-embeddable-1.2.30.jar;C:\Users\Bilal Idrees\.gradle\caches\modules-2\files-2.1\org.jetbrains.kotlin\kotlin-stdlib\1.2.30\2dfac33f8b4e92c9dd1422cd286834701a6f6d6\kotlin-stdlib-1.2.30.jar;C:\Users\Bilal Idrees\.gradle\caches\modules-2\files-2.1\org.jetbrains.kotlin\kotlin-script-runtime\1.2.30\37ee7531a636e99b639f8b1544cdda27d0ee30b0\kotlin-script-runtime-1.2.30.jar;C:\Users\Bilal Idrees\.gradle\caches\modules-2\files-2.1\org.jetbrains.kotlin\kotlin-reflect\1.2.30\9758025a415ee400e1f90ff222bcfec247779133\kotlin-reflect-1.2.30.jar;E:\Android\jre\lib\tools.jar
Launcher Type: SUN_STANDARD

Environment Variables:
JAVA_HOME=C:\Program Files\Java\jdk1.8.0_131
PATH=C:\ProgramData\Oracle\Java\javapath;C:\Windows\system32;C:\Windows;C:\Windows\System32\Wbem;C:\Windows\System32\WindowsPowerShell\v1.0\;C:\Program Files (x86)\Windows Kits\8.1\Windows Performance Toolkit\;C:\Program Files\Microsoft SQL Server\110\Tools\Binn\;C:\Program Files (x86)\Microsoft SQL Server\100\Tools\Binn\;C:\Program Files\Microsoft SQL Server\100\Tools\Binn\;C:\Program Files\Microsoft SQL Server\100\DTS\Binn\;C:\Program Files (x86)\Microsoft SQL Server\100\Tools\Binn\VSShell\Common7\IDE\;C:\Program Files (x86)\Microsoft SQL Server\100\DTS\Binn\;C:\Program Files (x86)\GtkSharp\2.12\bin;C:\Program Files\Git\cmd;;C:\Program Files\Microsoft VS Code\bin
USERNAME=Bilal Idrees
OS=Windows_NT
PROCESSOR_IDENTIFIER=Intel64 Family 6 Model 69 Stepping 1, GenuineIntel



---------------  S Y S T E M  ---------------

OS: Windows 8.1 , 64 bit Build 9600 (6.3.9600.17415)

CPU:total 4 (initial active 4) (2 cores per cpu, 2 threads per core) family 6 model 69 stepping 1, cmov, cx8, fxsr, mmx, sse, sse2, sse3, ssse3, sse4.1, sse4.2, popcnt, avx, avx2, aes, clmul, erms, rtm, lzcnt, ht, tsc, tscinvbit, bmi1, bmi2

Memory: 4k page, physical 4097580k(209648k free), swap 6711484k(6636k free)

vm_info: OpenJDK 64-Bit Server VM (25.152-b02) for windows-amd64 JRE (1.8.0_152-release-1024-b02), built by "builder" with MS VC++ 10.0 (VS2010)

time: Mon Oct 01 17:35:22 2018
elapsed time: 9 seconds (0d 0h 0m 9s)

