#
# There is insufficient memory for the Java Runtime Environment to continue.
# Native memory allocation (malloc) failed to allocate 636976 bytes for Chunk::new
# Possible reasons:
#   The system is out of physical RAM or swap space
#   In 32 bit mode, the process size limit was hit
# Possible solutions:
#   Reduce memory load on the system
#   Increase physical memory or swap space
#   Check if swap backing store is full
#   Use 64 bit Java on a 64 bit OS
#   Decrease Java heap size (-Xmx/-Xms)
#   Decrease number of Java threads
#   Decrease Java thread stack sizes (-Xss)
#   Set larger code cache with -XX:ReservedCodeCacheSize=
# This output file may be truncated or incomplete.
#
#  Out of Memory Error (allocation.cpp:390), pid=472, tid=0x0000000000000a3c
#
# JRE version: OpenJDK Runtime Environment (8.0_152-b02) (build 1.8.0_152-release-1024-b02)
# Java VM: OpenJDK 64-Bit Server VM (25.152-b02 mixed mode windows-amd64 compressed oops)
# Failed to write core dump. Minidumps are not enabled by default on client versions of Windows
#

---------------  T H R E A D  ---------------

Current thread (0x0000000014cd8000):  JavaThread "C2 CompilerThread1" daemon [_thread_in_native, id=2620, stack(0x0000000016400000,0x0000000016500000)]

Stack: [0x0000000016400000,0x0000000016500000]
[error occurred during error reporting (printing stack bounds), id 0xc0000005]

Native frames: (J=compiled Java code, j=interpreted, Vv=VM code, C=native code)


Current CompileTask:
C2:   4171 3299   !   4       org.jetbrains.kotlin.serialization.ProtoBuf$Type::<init> (875 bytes)


---------------  P R O C E S S  ---------------

Java Threads: ( => current thread )
  0x000000001662b800 JavaThread "Service Thread" daemon [_thread_blocked, id=1528, stack(0x0000000016a00000,0x0000000016b00000)]
  0x0000000014cdc800 JavaThread "C1 CompilerThread2" daemon [_thread_in_vm, id=3020, stack(0x0000000016500000,0x0000000016600000)]
=>0x0000000014cd8000 JavaThread "C2 CompilerThread1" daemon [_thread_in_native, id=2620, stack(0x0000000016400000,0x0000000016500000)]
  0x0000000014cd0800 JavaThread "C2 CompilerThread0" daemon [_thread_in_native, id=3764, stack(0x0000000016300000,0x0000000016400000)]
  0x0000000014ccf000 JavaThread "Attach Listener" daemon [_thread_blocked, id=2940, stack(0x0000000016200000,0x0000000016300000)]
  0x0000000014ccd800 JavaThread "Signal Dispatcher" daemon [_thread_blocked, id=7192, stack(0x0000000016100000,0x0000000016200000)]
  0x00000000026ce800 JavaThread "Finalizer" daemon [_thread_blocked, id=492, stack(0x0000000015f20000,0x0000000016020000)]
  0x00000000026c5000 JavaThread "Reference Handler" daemon [_thread_blocked, id=3176, stack(0x0000000015e20000,0x0000000015f20000)]
  0x00000000025d4800 JavaThread "main" [_thread_in_vm, id=2908, stack(0x00000000024d0000,0x00000000025d0000)]

Other Threads:
  0x0000000014c95800 VMThread [stack: 0x0000000015d20000,0x0000000015e20000] [id=328]
  0x0000000014d2e800 WatcherThread [stack: 0x0000000016b00000,0x0000000016c00000] [id=5420]

VM state:not at safepoint (normal execution)

VM Mutex/Monitor currently owned by a thread: None

Heap:
 PSYoungGen      total 50176K, used 36233K [0x00000000eb200000, 0x00000000efd80000, 0x0000000100000000)
  eden space 49664K, 72% used [0x00000000eb200000,0x00000000ed5624b0,0x00000000ee280000)
  from space 512K, 0% used [0x00000000eef00000,0x00000000eef00000,0x00000000eef80000)
  to   space 13824K, 0% used [0x00000000ef000000,0x00000000ef000000,0x00000000efd80000)
 ParOldGen       total 43008K, used 10269K [0x00000000c1600000, 0x00000000c4000000, 0x00000000eb200000)
  object space 43008K, 23% used [0x00000000c1600000,0x00000000c2007470,0x00000000c4000000)
 Metaspace       used 33441K, capacity 33902K, committed 34304K, reserved 1083392K
  class space    used 4152K, capacity 4275K, committed 4352K, reserved 1048576K

Card table byte_map: [0x0000000011a90000,0x0000000011c90000] byte_map_base: 0x0000000011485000

Marking Bits: (ParMarkBitMap*) 0x0000000071f04970
 Begin Bits: [0x00000000121e0000, 0x0000000013188000)
 End Bits:   [0x0000000013188000, 0x0000000014130000)

Polling page: 0x00000000022d0000

CodeCache: size=245760Kb used=10504Kb max_used=10504Kb free=235255Kb
 bounds [0x00000000026d0000, 0x0000000003120000, 0x00000000116d0000]
 total_blobs=3839 nmethods=3427 adapters=325
 compilation: enabled

Compilation events (10 events):
Event: 4.166 Thread 0x0000000014cdc800 3441       2       org.jetbrains.kotlin.com.intellij.psi.impl.source.tree.LeafElement::getText (92 bytes)
Event: 4.167 Thread 0x0000000014cdc800 nmethod 3441 0x00000000031168d0 code [0x0000000003116ac0, 0x0000000003116f68]
Event: 4.167 Thread 0x0000000014cdc800 3442       1       org.jetbrains.kotlin.com.intellij.psi.search.SearchScope::hashCode (5 bytes)
Event: 4.167 Thread 0x0000000014cdc800 nmethod 3442 0x0000000003117210 code [0x0000000003117360, 0x0000000003117470]
Event: 4.167 Thread 0x0000000014cdc800 3443       1       org.jetbrains.kotlin.descriptors.impl.LazyPackageViewDescriptorImpl::getFqName (5 bytes)
Event: 4.167 Thread 0x0000000014cdc800 nmethod 3443 0x00000000031174d0 code [0x0000000003117620, 0x0000000003117730]
Event: 4.167 Thread 0x0000000014cdc800 3444       2       kotlin.sequences.SequencesKt__SequencesKt::generateSequence (42 bytes)
Event: 4.167 Thread 0x0000000014cdc800 nmethod 3444 0x0000000003117790 code [0x0000000003117900, 0x0000000003117bf8]
Event: 4.167 Thread 0x0000000014cdc800 3445       2       kotlin.sequences.SequencesKt__SequencesKt$generateSequence$2::<init> (11 bytes)
Event: 4.167 Thread 0x0000000014cdc800 nmethod 3445 0x0000000003117d10 code [0x0000000003117e60, 0x0000000003117fd0]

GC Heap History (10 events):
Event: 3.517 GC heap before
{Heap before GC invocations=9 (full 2):
 PSYoungGen      total 58368K, used 10725K [0x00000000eb200000, 0x00000000f0400000, 0x0000000100000000)
  eden space 47616K, 0% used [0x00000000eb200000,0x00000000eb200000,0x00000000ee080000)
  from space 10752K, 99% used [0x00000000eef00000,0x00000000ef979560,0x00000000ef980000)
  to   space 9216K, 0% used [0x00000000efb00000,0x00000000efb00000,0x00000000f0400000)
 ParOldGen       total 43008K, used 11411K [0x00000000c1600000, 0x00000000c4000000, 0x00000000eb200000)
  object space 43008K, 26% used [0x00000000c1600000,0x00000000c2124c28,0x00000000c4000000)
 Metaspace       used 31564K, capacity 32018K, committed 32256K, reserved 1081344K
  class space    used 3933K, capacity 4051K, committed 4096K, reserved 1048576K
Event: 3.590 GC heap after
Heap after GC invocations=9 (full 2):
 PSYoungGen      total 58368K, used 0K [0x00000000eb200000, 0x00000000f0400000, 0x0000000100000000)
  eden space 47616K, 0% used [0x00000000eb200000,0x00000000eb200000,0x00000000ee080000)
  from space 10752K, 0% used [0x00000000eef00000,0x00000000eef00000,0x00000000ef980000)
  to   space 9216K, 0% used [0x00000000efb00000,0x00000000efb00000,0x00000000f0400000)
 ParOldGen       total 43008K, used 19176K [0x00000000c1600000, 0x00000000c4000000, 0x00000000eb200000)
  object space 43008K, 44% used [0x00000000c1600000,0x00000000c28ba230,0x00000000c4000000)
 Metaspace       used 31564K, capacity 32018K, committed 32256K, reserved 1079296K
  class space    used 3933K, capacity 4051K, committed 4096K, reserved 1048576K
}
Event: 3.656 GC heap before
{Heap before GC invocations=10 (full 2):
 PSYoungGen      total 58368K, used 4683K [0x00000000eb200000, 0x00000000f0400000, 0x0000000100000000)
  eden space 47616K, 9% used [0x00000000eb200000,0x00000000eb692e00,0x00000000ee080000)
  from space 10752K, 0% used [0x00000000eef00000,0x00000000eef00000,0x00000000ef980000)
  to   space 9216K, 0% used [0x00000000efb00000,0x00000000efb00000,0x00000000f0400000)
 ParOldGen       total 43008K, used 19176K [0x00000000c1600000, 0x00000000c4000000, 0x00000000eb200000)
  object space 43008K, 44% used [0x00000000c1600000,0x00000000c28ba230,0x00000000c4000000)
 Metaspace       used 32154K, capacity 32594K, committed 32896K, reserved 1087488K
  class space    used 3994K, capacity 4115K, committed 4224K, reserved 1048576K
Event: 3.658 GC heap after
Heap after GC invocations=10 (full 2):
 PSYoungGen      total 56832K, used 1139K [0x00000000eb200000, 0x00000000f0400000, 0x0000000100000000)
  eden space 47616K, 0% used [0x00000000eb200000,0x00000000eb200000,0x00000000ee080000)
  from space 9216K, 12% used [0x00000000efb00000,0x00000000efc1cc60,0x00000000f0400000)
  to   space 10752K, 0% used [0x00000000eef00000,0x00000000eef00000,0x00000000ef980000)
 ParOldGen       total 43008K, used 19176K [0x00000000c1600000, 0x00000000c4000000, 0x00000000eb200000)
  object space 43008K, 44% used [0x00000000c1600000,0x00000000c28ba230,0x00000000c4000000)
 Metaspace       used 32154K, capacity 32594K, committed 32896K, reserved 1087488K
  class space    used 3994K, capacity 4115K, committed 4224K, reserved 1048576K
}
Event: 3.658 GC heap before
{Heap before GC invocations=11 (full 3):
 PSYoungGen      total 56832K, used 1139K [0x00000000eb200000, 0x00000000f0400000, 0x0000000100000000)
  eden space 47616K, 0% used [0x00000000eb200000,0x00000000eb200000,0x00000000ee080000)
  from space 9216K, 12% used [0x00000000efb00000,0x00000000efc1cc60,0x00000000f0400000)
  to   space 10752K, 0% used [0x00000000eef00000,0x00000000eef00000,0x00000000ef980000)
 ParOldGen       total 43008K, used 19176K [0x00000000c1600000, 0x00000000c4000000, 0x00000000eb200000)
  object space 43008K, 44% used [0x00000000c1600000,0x00000000c28ba230,0x00000000c4000000)
 Metaspace       used 32154K, capacity 32594K, committed 32896K, reserved 1087488K
  class space    used 3994K, capacity 4115K, committed 4224K, reserved 1048576K
Event: 3.766 GC heap after
Heap after GC invocations=11 (full 3):
 PSYoungGen      total 56832K, used 0K [0x00000000eb200000, 0x00000000f0400000, 0x0000000100000000)
  eden space 47616K, 0% used [0x00000000eb200000,0x00000000eb200000,0x00000000ee080000)
  from space 9216K, 0% used [0x00000000efb00000,0x00000000efb00000,0x00000000f0400000)
  to   space 10752K, 0% used [0x00000000eef00000,0x00000000eef00000,0x00000000ef980000)
 ParOldGen       total 43008K, used 15363K [0x00000000c1600000, 0x00000000c4000000, 0x00000000eb200000)
  object space 43008K, 35% used [0x00000000c1600000,0x00000000c2500d18,0x00000000c4000000)
 Metaspace       used 32154K, capacity 32594K, committed 32896K, reserved 1083392K
  class space    used 3994K, capacity 4115K, committed 4224K, reserved 1048576K
}
Event: 3.766 GC heap before
{Heap before GC invocations=12 (full 3):
 PSYoungGen      total 56832K, used 0K [0x00000000eb200000, 0x00000000f0400000, 0x0000000100000000)
  eden space 47616K, 0% used [0x00000000eb200000,0x00000000eb200000,0x00000000ee080000)
  from space 9216K, 0% used [0x00000000efb00000,0x00000000efb00000,0x00000000f0400000)
  to   space 10752K, 0% used [0x00000000eef00000,0x00000000eef00000,0x00000000ef980000)
 ParOldGen       total 43008K, used 15363K [0x00000000c1600000, 0x00000000c4000000, 0x00000000eb200000)
  object space 43008K, 35% used [0x00000000c1600000,0x00000000c2500d18,0x00000000c4000000)
 Metaspace       used 32154K, capacity 32594K, committed 32896K, reserved 1087488K
  class space    used 3994K, capacity 4115K, committed 4224K, reserved 1048576K
Event: 3.768 GC heap after
Heap after GC invocations=12 (full 3):
 PSYoungGen      total 50176K, used 0K [0x00000000eb200000, 0x00000000efd80000, 0x0000000100000000)
  eden space 49664K, 0% used [0x00000000eb200000,0x00000000eb200000,0x00000000ee280000)
  from space 512K, 0% used [0x00000000eef00000,0x00000000eef00000,0x00000000eef80000)
  to   space 13824K, 0% used [0x00000000ef000000,0x00000000ef000000,0x00000000efd80000)
 ParOldGen       total 43008K, used 15363K [0x00000000c1600000, 0x00000000c4000000, 0x00000000eb200000)
  object space 43008K, 35% used [0x00000000c1600000,0x00000000c2500d18,0x00000000c4000000)
 Metaspace       used 32154K, capacity 32594K, committed 32896K, reserved 1087488K
  class space    used 3994K, capacity 4115K, committed 4224K, reserved 1048576K
}
Event: 3.768 GC heap before
{Heap before GC invocations=13 (full 4):
 PSYoungGen      total 50176K, used 0K [0x00000000eb200000, 0x00000000efd80000, 0x0000000100000000)
  eden space 49664K, 0% used [0x00000000eb200000,0x00000000eb200000,0x00000000ee280000)
  from space 512K, 0% used [0x00000000eef00000,0x00000000eef00000,0x00000000eef80000)
  to   space 13824K, 0% used [0x00000000ef000000,0x00000000ef000000,0x00000000efd80000)
 ParOldGen       total 43008K, used 15363K [0x00000000c1600000, 0x00000000c4000000, 0x00000000eb200000)
  object space 43008K, 35% used [0x00000000c1600000,0x00000000c2500d18,0x00000000c4000000)
 Metaspace       used 32154K, capacity 32594K, committed 32896K, reserved 1087488K
  class space    used 3994K, capacity 4115K, committed 4224K, reserved 1048576K
Event: 3.835 GC heap after
Heap after GC invocations=13 (full 4):
 PSYoungGen      total 50176K, used 0K [0x00000000eb200000, 0x00000000efd80000, 0x0000000100000000)
  eden space 49664K, 0% used [0x00000000eb200000,0x00000000eb200000,0x00000000ee280000)
  from space 512K, 0% used [0x00000000eef00000,0x00000000eef00000,0x00000000eef80000)
  to   space 13824K, 0% used [0x00000000ef000000,0x00000000ef000000,0x00000000efd80000)
 ParOldGen       total 43008K, used 10269K [0x00000000c1600000, 0x00000000c4000000, 0x00000000eb200000)
  object space 43008K, 23% used [0x00000000c1600000,0x00000000c2007470,0x00000000c4000000)
 Metaspace       used 32125K, capacity 32548K, committed 32896K, reserved 1083392K
  class space    used 3987K, capacity 4102K, committed 4224K, reserved 1048576K
}

Deoptimization events (10 events):
Event: 3.417 Thread 0x00000000025d4800 Uncommon trap: reason=predicate action=maybe_recompile pc=0x0000000002e065dc method=org.jetbrains.kotlin.com.intellij.psi.impl.source.CharTableImpl$StringHashToCharSequencesMap.charSequenceSubSequenceEquals(Ljava/lang/CharSequence;Ljava/lang/CharSequence;
Event: 3.422 Thread 0x00000000025d4800 Uncommon trap: reason=unstable_if action=reinterpret pc=0x0000000002e2c8bc method=org.jetbrains.kotlin.gnu.trove.TIntArrayList.ensureCapacity(I)V @ 4
Event: 3.442 Thread 0x00000000025d4800 Uncommon trap: reason=bimorphic action=maybe_recompile pc=0x0000000002e7fa54 method=org.jetbrains.kotlin.protobuf.CodedInputStream.tryRefillBuffer(I)Z @ 177
Event: 3.445 Thread 0x00000000025d4800 Uncommon trap: reason=bimorphic action=maybe_recompile pc=0x0000000002e7fa54 method=org.jetbrains.kotlin.protobuf.CodedInputStream.tryRefillBuffer(I)Z @ 177
Event: 3.447 Thread 0x00000000025d4800 Uncommon trap: reason=bimorphic action=maybe_recompile pc=0x0000000002e7fa54 method=org.jetbrains.kotlin.protobuf.CodedInputStream.tryRefillBuffer(I)Z @ 177
Event: 3.472 Thread 0x00000000025d4800 Uncommon trap: reason=bimorphic action=maybe_recompile pc=0x0000000002e7fa54 method=org.jetbrains.kotlin.protobuf.CodedInputStream.tryRefillBuffer(I)Z @ 177
Event: 3.835 Thread 0x00000000025d4800 Uncommon trap: reason=null_check action=make_not_entrant pc=0x0000000002ddd58c method=java.util.jar.JarFile.getManifestFromReference()Ljava/util/jar/Manifest; @ 14
Event: 3.995 Thread 0x00000000025d4800 Uncommon trap: reason=null_check action=make_not_entrant pc=0x0000000002d74d5c method=java.util.jar.JarFile.getManifestFromReference()Ljava/util/jar/Manifest; @ 14
Event: 4.158 Thread 0x00000000025d4800 Uncommon trap: reason=unstable_if action=reinterpret pc=0x0000000002bb05d4 method=org.jetbrains.kotlin.protobuf.CodedInputStream.readRawVarint32()I @ 69
Event: 4.158 Thread 0x00000000025d4800 Uncommon trap: reason=unstable_if action=reinterpret pc=0x0000000002eccf88 method=org.jetbrains.kotlin.protobuf.CodedOutputStream.computeRawVarint32Size(I)I @ 14

Classes redefined (0 events):
No events

Internal exceptions (10 events):
Event: 1.504 Thread 0x00000000025d4800 Exception <a 'java/lang/NoSuchMethodError': java.lang.Object.lambda$static$0(I)[Lorg/jetbrains/kotlin/com/intellij/openapi/editor/event/DocumentListener;> (0x00000000eb4704a0) thrown at [D:\src\AOSP-openjdk-cygwin\jdk8u\hotspot\src\share\vm\interpreter\li
Event: 1.528 Thread 0x00000000025d4800 Exception <a 'java/lang/NoSuchMethodError': java.lang.Object.lambda$static$0(I)[Lorg/jetbrains/kotlin/com/intellij/psi/PsiAnnotation;> (0x00000000eb653ac8) thrown at [D:\src\AOSP-openjdk-cygwin\jdk8u\hotspot\src\share\vm\interpreter\linkResolver.cpp, line
Event: 2.935 Thread 0x00000000025d4800 Exception <a 'java/lang/NoSuchMethodError': java.lang.Object.lambda$static$0(I)[Lorg/jetbrains/kotlin/psi/KtExpression;> (0x00000000ebee42e0) thrown at [D:\src\AOSP-openjdk-cygwin\jdk8u\hotspot\src\share\vm\interpreter\linkResolver.cpp, line 584]
Event: 3.278 Thread 0x00000000025d4800 Exception <a 'java/lang/NoSuchMethodError': java.lang.Object.lambda$static$0(I)[Lorg/jetbrains/kotlin/psi/KtDeclaration;> (0x00000000ec7c7e10) thrown at [D:\src\AOSP-openjdk-cygwin\jdk8u\hotspot\src\share\vm\interpreter\linkResolver.cpp, line 584]
Event: 3.289 Thread 0x00000000025d4800 Exception <a 'java/lang/NoSuchMethodError': java.lang.Object.lambda$static$0(I)[Lorg/jetbrains/kotlin/com/intellij/psi/PsiElement;> (0x00000000ec84e780) thrown at [D:\src\AOSP-openjdk-cygwin\jdk8u\hotspot\src\share\vm\interpreter\linkResolver.cpp, line 58
Event: 3.307 Thread 0x00000000025d4800 Exception <a 'java/lang/NoSuchMethodError': java.lang.Object.lambda$static$0(I)[Lorg/jetbrains/kotlin/psi/KtTypeElement;> (0x00000000ec90d648) thrown at [D:\src\AOSP-openjdk-cygwin\jdk8u\hotspot\src\share\vm\interpreter\linkResolver.cpp, line 584]
Event: 3.422 Thread 0x00000000025d4800 Implicit null exception at 0x0000000002e2c6d4 to 0x0000000002e2c8ac
Event: 3.835 Thread 0x00000000025d4800 Implicit null exception at 0x0000000002dd507c to 0x0000000002ddd569
Event: 3.853 Thread 0x00000000025d4800 Exception <a 'java/lang/NoSuchMethodError': java.lang.Object.lambda$static$0(I)[Lorg/jetbrains/kotlin/com/intellij/psi/PsiClass;> (0x00000000eb3060f0) thrown at [D:\src\AOSP-openjdk-cygwin\jdk8u\hotspot\src\share\vm\interpreter\linkResolver.cpp, line 584]
Event: 3.995 Thread 0x00000000025d4800 Implicit null exception at 0x0000000002d6e7fc to 0x0000000002d74d25

Events (10 events):
Event: 4.158 Thread 0x00000000025d4800 DEOPT UNPACKING pc=0x000000000271557b sp=0x00000000025cb3b0 mode 2
Event: 4.158 Thread 0x00000000025d4800 Uncommon trap: trap_request=0xffffff65 fr.pc=0x0000000002eccf88
Event: 4.158 Thread 0x00000000025d4800 DEOPT PACKING pc=0x0000000002eccf88 sp=0x00000000025cb660
Event: 4.158 Thread 0x00000000025d4800 DEOPT UNPACKING pc=0x000000000271557b sp=0x00000000025cb600 mode 2
Event: 4.167 loading class org/jetbrains/kotlin/com/intellij/psi/PsiFile
Event: 4.167 loading class org/jetbrains/kotlin/com/intellij/psi/PsiFile done
Event: 4.167 loading class org/jetbrains/kotlin/com/intellij/psi/PsiFile
Event: 4.167 loading class org/jetbrains/kotlin/com/intellij/psi/PsiFile done
Event: 4.167 loading class org/jetbrains/kotlin/com/intellij/openapi/util/Condition
Event: 4.167 loading class org/jetbrains/kotlin/com/intellij/openapi/util/Condition done


Dynamic libraries:
0x00007ff6a6f20000 - 0x00007ff6a6f51000 	E:\Android\jre\jre\bin\java.exe
0x00007ffa723c0000 - 0x00007ffa7256d000 	C:\Windows\SYSTEM32\ntdll.dll
0x00007ffa6fea0000 - 0x00007ffa6ffde000 	C:\Windows\system32\KERNEL32.DLL
0x00007ffa4f1f0000 - 0x00007ffa4f224000 	C:\Program Files\AVAST Software\Avast\x64\aswhooka.dll
0x00007ffa6f7b0000 - 0x00007ffa6f8c5000 	C:\Windows\system32\KERNELBASE.dll
0x00007ffa6ffe0000 - 0x00007ffa7008a000 	C:\Windows\system32\ADVAPI32.dll
0x00007ffa71a80000 - 0x00007ffa71bf7000 	C:\Windows\system32\USER32.dll
0x00007ffa6d430000 - 0x00007ffa6d6aa000 	C:\Windows\WinSxS\amd64_microsoft.windows.common-controls_6595b64144ccf1df_6.0.9600.17810_none_6240b9c7ecbd0bda\COMCTL32.dll
0x00007ffa6fdf0000 - 0x00007ffa6fe9a000 	C:\Windows\system32\msvcrt.dll
0x00007ffa701f0000 - 0x00007ffa70249000 	C:\Windows\SYSTEM32\sechost.dll
0x00007ffa70250000 - 0x00007ffa70391000 	C:\Windows\system32\RPCRT4.dll
0x00007ffa71c00000 - 0x00007ffa71d4f000 	C:\Windows\system32\GDI32.dll
0x00007ffa72380000 - 0x00007ffa723b6000 	C:\Windows\system32\IMM32.DLL
0x00007ffa70090000 - 0x00007ffa701e2000 	C:\Windows\system32\MSCTF.dll
0x00000000715e0000 - 0x00000000716b2000 	E:\Android\jre\jre\bin\msvcr100.dll
0x0000000071740000 - 0x0000000071f7f000 	E:\Android\jre\jre\bin\server\jvm.dll
0x00007ffa61820000 - 0x00007ffa61829000 	C:\Windows\SYSTEM32\WSOCK32.dll
0x00007ffa673b0000 - 0x00007ffa673d2000 	C:\Windows\SYSTEM32\WINMM.dll
0x00007ffa65aa0000 - 0x00007ffa65aaa000 	C:\Windows\SYSTEM32\VERSION.dll
0x00007ffa71e80000 - 0x00007ffa71e87000 	C:\Windows\system32\PSAPI.DLL
0x00007ffa72320000 - 0x00007ffa7237a000 	C:\Windows\system32\WS2_32.dll
0x00007ffa67380000 - 0x00007ffa673aa000 	C:\Windows\SYSTEM32\WINMMBASE.dll
0x00007ffa71a70000 - 0x00007ffa71a79000 	C:\Windows\system32\NSI.dll
0x00007ffa6f8d0000 - 0x00007ffa6f91f000 	C:\Windows\SYSTEM32\cfgmgr32.dll
0x00007ffa6e2e0000 - 0x00007ffa6e308000 	C:\Windows\SYSTEM32\DEVOBJ.dll
0x00007ffa4eca0000 - 0x00007ffa4ecaf000 	E:\Android\jre\jre\bin\verify.dll
0x00007ffa4ec70000 - 0x00007ffa4ec99000 	E:\Android\jre\jre\bin\java.dll
0x00007ffa4ec50000 - 0x00007ffa4ec66000 	E:\Android\jre\jre\bin\zip.dll
0x00007ffa703a0000 - 0x00007ffa718c8000 	C:\Windows\system32\SHELL32.dll
0x00007ffa6fa30000 - 0x00007ffa6fc42000 	C:\Windows\SYSTEM32\combase.dll
0x00007ffa6fd20000 - 0x00007ffa6fd74000 	C:\Windows\system32\SHLWAPI.dll
0x00007ffa6dd20000 - 0x00007ffa6ddd2000 	C:\Windows\SYSTEM32\SHCORE.dll
0x00007ffa6f500000 - 0x00007ffa6f515000 	C:\Windows\SYSTEM32\profapi.dll
0x00007ffa4ec30000 - 0x00007ffa4ec4a000 	E:\Android\jre\jre\bin\net.dll
0x00007ffa6edd0000 - 0x00007ffa6ee29000 	C:\Windows\system32\mswsock.dll
0x00007ffa4ec10000 - 0x00007ffa4ec21000 	E:\Android\jre\jre\bin\nio.dll

VM Arguments:
java_command: org.jetbrains.kotlin.cli.jvm.K2JVMCompiler -Xadd-compiler-builtins -Xbuild-file=C:\Users\BILALI~1\AppData\Local\Temp\kjps1388573312997479739app_debug.script.xml -classpath C:\Users\Bilal Idrees\.gradle\caches\modules-2\files-2.1\org.jetbrains.kotlin\kotlin-stdlib-jre7\1.2.30\b38fc19e670ebef931fef3ccdcb94eac2b65bb7d\kotlin-stdlib-jre7-1.2.30.jar;C:\Users\Bilal Idrees\.gradle\caches\transforms-1\files-1.1\appcompat-v7-27.1.1.aar\bd01ed5e84a1a8fea46b8b0683a59a0f\jars\classes.jar;C:\Users\Bilal Idrees\.gradle\caches\transforms-1\files-1.1\constraint-layout-1.1.3.aar\628a0c9fb6ecc2b86dce116a8734f79e\jars\classes.jar;C:\Users\Bilal Idrees\.gradle\caches\transforms-1\files-1.1\recyclerview-v7-27.1.1.aar\f4a06f19b14c1a9266b25cab6e62af96\jars\classes.jar;C:\Users\Bilal Idrees\.gradle\caches\transforms-1\files-1.1\cardview-v7-27.1.1.aar\e8c75a925ccd4b5eb1d7fe537e130265\jars\classes.jar;C:\Users\Bilal Idrees\.gradle\caches\modules-2\files-2.1\com.squareup.picasso\picasso\2.5.2\7446d06ec8d4f7ffcc53f1da37c95f200dcb9387\picasso-2.5.2.jar;C:\Users\Bilal Idrees\.gradle\caches\transforms-1\files-1.1\firebase-core-16.0.3.aar\b3fda79f3c29b62645cc16f6a1e361e5\jars\classes.jar;C:\Users\Bilal Idrees\.gradle\caches\transforms-1\files-1.1\firebase-database-16.0.1.aar\ba7710fc6661e7c96aaeb3d52aeb2ad0\jars\classes.jar;C:\Users\Bilal Idrees\.gradle\caches\transforms-1\files-1.1\firebase-storage-16.0.1.aar\f592471b97058c79f4508d7de12c3754\jars\classes.jar;C:\Users\Bilal Idrees\.gradle\caches\transforms-1\files-1.1\firebase-auth-16.0.3.aar\80a7a740c3beca25d246535992c991f7\jars\classes.jar;C:\Users\Bilal Idrees\.gradle\caches\modules-2\files-2.1\org.jetbrains.kotlin\kotlin-stdlib\1.2.30\2dfac33f8b4e92c9dd1422cd286834701a6f6d6\kotlin-stdlib-1.2.30.jar;C:\Users\Bilal Idrees\.gradle\caches\transforms-1\files-1.1\animated-vector-drawable-27.1.1.aar\3e9408be25d452976302c272c64ca27b\jars\classes.jar;C:\Users\Bilal Idrees\.gradle\caches\transforms-1\files-1.1\support-vector-drawable-27.
java_class_path (initial): C:\Users\Bilal Idrees\.gradle\caches\modules-2\files-2.1\org.jetbrains.kotlin\kotlin-compiler-embeddable\1.2.30\9b3f10d4717b9ac238b287e9b6eb2b4eadd8e870\kotlin-compiler-embeddable-1.2.30.jar;C:\Users\Bilal Idrees\.gradle\caches\modules-2\files-2.1\org.jetbrains.kotlin\kotlin-stdlib\1.2.30\2dfac33f8b4e92c9dd1422cd286834701a6f6d6\kotlin-stdlib-1.2.30.jar;C:\Users\Bilal Idrees\.gradle\caches\modules-2\files-2.1\org.jetbrains.kotlin\kotlin-script-runtime\1.2.30\37ee7531a636e99b639f8b1544cdda27d0ee30b0\kotlin-script-runtime-1.2.30.jar;C:\Users\Bilal Idrees\.gradle\caches\modules-2\files-2.1\org.jetbrains.kotlin\kotlin-reflect\1.2.30\9758025a415ee400e1f90ff222bcfec247779133\kotlin-reflect-1.2.30.jar;E:\Android\jre\lib\tools.jar
Launcher Type: SUN_STANDARD

Environment Variables:
JAVA_HOME=C:\Program Files\Java\jdk1.8.0_131
PATH=C:\ProgramData\Oracle\Java\javapath;C:\Windows\system32;C:\Windows;C:\Windows\System32\Wbem;C:\Windows\System32\WindowsPowerShell\v1.0\;C:\Program Files (x86)\Windows Kits\8.1\Windows Performance Toolkit\;C:\Program Files\Microsoft SQL Server\110\Tools\Binn\;C:\Program Files (x86)\Microsoft SQL Server\100\Tools\Binn\;C:\Program Files\Microsoft SQL Server\100\Tools\Binn\;C:\Program Files\Microsoft SQL Server\100\DTS\Binn\;C:\Program Files (x86)\Microsoft SQL Server\100\Tools\Binn\VSShell\Common7\IDE\;C:\Program Files (x86)\Microsoft SQL Server\100\DTS\Binn\;C:\Program Files (x86)\GtkSharp\2.12\bin;C:\Program Files\Git\cmd;;C:\Program Files\Microsoft VS Code\bin
USERNAME=Bilal Idrees
OS=Windows_NT
PROCESSOR_IDENTIFIER=Intel64 Family 6 Model 69 Stepping 1, GenuineIntel



---------------  S Y S T E M  ---------------

OS: Windows 8.1 , 64 bit Build 9600 (6.3.9600.17415)

CPU:total 4 (initial active 4) (2 cores per cpu, 2 threads per core) family 6 model 69 stepping 1, cmov, cx8, fxsr, mmx, sse, sse2, sse3, ssse3, sse4.1, sse4.2, popcnt, avx, avx2, aes, clmul, erms, rtm, lzcnt, ht, tsc, tscinvbit, bmi1, bmi2

Memory: 4k page, physical 4097580k(287000k free), swap 6711484k(5052k free)

vm_info: OpenJDK 64-Bit Server VM (25.152-b02) for windows-amd64 JRE (1.8.0_152-release-1024-b02), built by "builder" with MS VC++ 10.0 (VS2010)

time: Mon Oct 01 18:06:31 2018
elapsed time: 4 seconds (0d 0h 0m 4s)

