#
# There is insufficient memory for the Java Runtime Environment to continue.
# Native memory allocation (malloc) failed to allocate 32744 bytes for ChunkPool::allocate
# Possible reasons:
#   The system is out of physical RAM or swap space
#   In 32 bit mode, the process size limit was hit
# Possible solutions:
#   Reduce memory load on the system
#   Increase physical memory or swap space
#   Check if swap backing store is full
#   Use 64 bit Java on a 64 bit OS
#   Decrease Java heap size (-Xmx/-Xms)
#   Decrease number of Java threads
#   Decrease Java thread stack sizes (-Xss)
#   Set larger code cache with -XX:ReservedCodeCacheSize=
# This output file may be truncated or incomplete.
#
#  Out of Memory Error (allocation.cpp:273), pid=2168, tid=0x0000000000000bd0
#
# JRE version: OpenJDK Runtime Environment (8.0_152-b02) (build 1.8.0_152-release-1024-b02)
# Java VM: OpenJDK 64-Bit Server VM (25.152-b02 mixed mode windows-amd64 compressed oops)
# Failed to write core dump. Minidumps are not enabled by default on client versions of Windows
#

---------------  T H R E A D  ---------------

Current thread (0x0000000014892000):  JavaThread "C2 CompilerThread0" daemon [_thread_in_native, id=3024, stack(0x0000000015ef0000,0x0000000015ff0000)]

Stack: [0x0000000015ef0000,0x0000000015ff0000]
[error occurred during error reporting (printing stack bounds), id 0xc0000005]

Native frames: (J=compiled Java code, j=interpreted, Vv=VM code, C=native code)


Current CompileTask:
C2:   2389 1743   !   4       java.net.URLClassLoader$1::run (63 bytes)


---------------  P R O C E S S  ---------------

Java Threads: ( => current thread )
  0x0000000016221000 JavaThread "Service Thread" daemon [_thread_blocked, id=6904, stack(0x00000000165f0000,0x00000000166f0000)]
  0x00000000148a4800 JavaThread "C1 CompilerThread2" daemon [_thread_in_native, id=7904, stack(0x00000000160f0000,0x00000000161f0000)]
  0x00000000148a0800 JavaThread "C2 CompilerThread1" daemon [_thread_in_native, id=1608, stack(0x0000000015ff0000,0x00000000160f0000)]
=>0x0000000014892000 JavaThread "C2 CompilerThread0" daemon [_thread_in_native, id=3024, stack(0x0000000015ef0000,0x0000000015ff0000)]
  0x0000000014891000 JavaThread "Attach Listener" daemon [_thread_blocked, id=4948, stack(0x0000000015df0000,0x0000000015ef0000)]
  0x000000001488f800 JavaThread "Signal Dispatcher" daemon [_thread_blocked, id=2200, stack(0x0000000015cf0000,0x0000000015df0000)]
  0x000000001487e000 JavaThread "Finalizer" daemon [_thread_blocked, id=6928, stack(0x0000000015b10000,0x0000000015c10000)]
  0x0000000002287000 JavaThread "Reference Handler" daemon [_thread_blocked, id=3880, stack(0x0000000015a10000,0x0000000015b10000)]
  0x0000000002194800 JavaThread "main" [_thread_in_Java, id=6736, stack(0x0000000002090000,0x0000000002190000)]

Other Threads:
  0x0000000014855800 VMThread [stack: 0x0000000015910000,0x0000000015a10000] [id=4272]
  0x0000000016222800 WatcherThread [stack: 0x00000000166f0000,0x00000000167f0000] [id=1468]

VM state:not at safepoint (normal execution)

VM Mutex/Monitor currently owned by a thread: None

Heap:
 PSYoungGen      total 68096K, used 54224K [0x00000000eb200000, 0x00000000ef700000, 0x0000000100000000)
  eden space 65536K, 82% used [0x00000000eb200000,0x00000000ee6f4130,0x00000000ef200000)
  from space 2560K, 0% used [0x00000000ef480000,0x00000000ef480000,0x00000000ef700000)
  to   space 2560K, 0% used [0x00000000ef200000,0x00000000ef200000,0x00000000ef480000)
 ParOldGen       total 39936K, used 7497K [0x00000000c1600000, 0x00000000c3d00000, 0x00000000eb200000)
  object space 39936K, 18% used [0x00000000c1600000,0x00000000c1d527e0,0x00000000c3d00000)
 Metaspace       used 27733K, capacity 28096K, committed 28288K, reserved 1073152K
  class space    used 3535K, capacity 3674K, committed 3712K, reserved 1048576K

Card table byte_map: [0x0000000011650000,0x0000000011850000] byte_map_base: 0x0000000011045000

Marking Bits: (ParMarkBitMap*) 0x0000000071f04970
 Begin Bits: [0x0000000011da0000, 0x0000000012d48000)
 End Bits:   [0x0000000012d48000, 0x0000000013cf0000)

Polling page: 0x0000000001ee0000

CodeCache: size=245760Kb used=5840Kb max_used=5840Kb free=239919Kb
 bounds [0x0000000002290000, 0x0000000002850000, 0x0000000011290000]
 total_blobs=2361 nmethods=1971 adapters=303
 compilation: enabled

Compilation events (10 events):
Event: 2.383 Thread 0x00000000148a4800 nmethod 1981 0x0000000002843a90 code [0x0000000002843d00, 0x0000000002844ba8]
Event: 2.383 Thread 0x00000000148a4800 1983       3       com.sun.org.apache.xerces.internal.util.PropertyState::<init> (15 bytes)
Event: 2.383 Thread 0x00000000148a4800 nmethod 1983 0x0000000002845210 code [0x0000000002845360, 0x0000000002845530]
Event: 2.383 Thread 0x00000000148a4800 1984       3       com.sun.org.apache.xerces.internal.util.PropertyState::is (12 bytes)
Event: 2.383 Thread 0x00000000148a4800 nmethod 1984 0x00000000028455d0 code [0x0000000002845740, 0x00000000028459b0]
Event: 2.383 Thread 0x00000000148a4800 1982       3       java.lang.Character::getType (9 bytes)
Event: 2.383 Thread 0x00000000148a4800 nmethod 1982 0x0000000002845ad0 code [0x0000000002845c40, 0x0000000002845e78]
Event: 2.383 Thread 0x00000000148a4800 1977       3       com.sun.org.apache.xerces.internal.impl.XMLDocumentFragmentScannerImpl::getString (76 bytes)
Event: 2.384 Thread 0x00000000148a4800 nmethod 1977 0x0000000002845f50 code [0x0000000002846160, 0x0000000002846e08]
Event: 2.384 Thread 0x00000000148a4800 1978       3       com.sun.org.apache.xerces.internal.impl.XMLScanner::scanAttributeValue (991 bytes)

GC Heap History (10 events):
Event: 0.327 GC heap before
{Heap before GC invocations=1 (full 0):
 PSYoungGen      total 18944K, used 16384K [0x00000000eb200000, 0x00000000ec700000, 0x0000000100000000)
  eden space 16384K, 100% used [0x00000000eb200000,0x00000000ec200000,0x00000000ec200000)
  from space 2560K, 0% used [0x00000000ec480000,0x00000000ec480000,0x00000000ec700000)
  to   space 2560K, 0% used [0x00000000ec200000,0x00000000ec200000,0x00000000ec480000)
 ParOldGen       total 44032K, used 0K [0x00000000c1600000, 0x00000000c4100000, 0x00000000eb200000)
  object space 44032K, 0% used [0x00000000c1600000,0x00000000c1600000,0x00000000c4100000)
 Metaspace       used 6632K, capacity 7724K, committed 7936K, reserved 1056768K
  class space    used 706K, capacity 744K, committed 768K, reserved 1048576K
Event: 0.330 GC heap after
Heap after GC invocations=1 (full 0):
 PSYoungGen      total 18944K, used 2538K [0x00000000eb200000, 0x00000000ed700000, 0x0000000100000000)
  eden space 16384K, 0% used [0x00000000eb200000,0x00000000eb200000,0x00000000ec200000)
  from space 2560K, 99% used [0x00000000ec200000,0x00000000ec47ab78,0x00000000ec480000)
  to   space 2560K, 0% used [0x00000000ed480000,0x00000000ed480000,0x00000000ed700000)
 ParOldGen       total 44032K, used 1448K [0x00000000c1600000, 0x00000000c4100000, 0x00000000eb200000)
  object space 44032K, 3% used [0x00000000c1600000,0x00000000c176a0c8,0x00000000c4100000)
 Metaspace       used 6632K, capacity 7724K, committed 7936K, reserved 1056768K
  class space    used 706K, capacity 744K, committed 768K, reserved 1048576K
}
Event: 0.553 GC heap before
{Heap before GC invocations=2 (full 0):
 PSYoungGen      total 18944K, used 18922K [0x00000000eb200000, 0x00000000ed700000, 0x0000000100000000)
  eden space 16384K, 100% used [0x00000000eb200000,0x00000000ec200000,0x00000000ec200000)
  from space 2560K, 99% used [0x00000000ec200000,0x00000000ec47ab78,0x00000000ec480000)
  to   space 2560K, 0% used [0x00000000ed480000,0x00000000ed480000,0x00000000ed700000)
 ParOldGen       total 44032K, used 1448K [0x00000000c1600000, 0x00000000c4100000, 0x00000000eb200000)
  object space 44032K, 3% used [0x00000000c1600000,0x00000000c176a0c8,0x00000000c4100000)
 Metaspace       used 9120K, capacity 9844K, committed 10112K, reserved 1058816K
  class space    used 1030K, capacity 1072K, committed 1152K, reserved 1048576K
Event: 0.558 GC heap after
Heap after GC invocations=2 (full 0):
 PSYoungGen      total 35328K, used 2544K [0x00000000eb200000, 0x00000000ed700000, 0x0000000100000000)
  eden space 32768K, 0% used [0x00000000eb200000,0x00000000eb200000,0x00000000ed200000)
  from space 2560K, 99% used [0x00000000ed480000,0x00000000ed6fc010,0x00000000ed700000)
  to   space 2560K, 0% used [0x00000000ed200000,0x00000000ed200000,0x00000000ed480000)
 ParOldGen       total 44032K, used 3806K [0x00000000c1600000, 0x00000000c4100000, 0x00000000eb200000)
  object space 44032K, 8% used [0x00000000c1600000,0x00000000c19b79f8,0x00000000c4100000)
 Metaspace       used 9120K, capacity 9844K, committed 10112K, reserved 1058816K
  class space    used 1030K, capacity 1072K, committed 1152K, reserved 1048576K
}
Event: 1.095 GC heap before
{Heap before GC invocations=3 (full 0):
 PSYoungGen      total 35328K, used 35312K [0x00000000eb200000, 0x00000000ed700000, 0x0000000100000000)
  eden space 32768K, 100% used [0x00000000eb200000,0x00000000ed200000,0x00000000ed200000)
  from space 2560K, 99% used [0x00000000ed480000,0x00000000ed6fc010,0x00000000ed700000)
  to   space 2560K, 0% used [0x00000000ed200000,0x00000000ed200000,0x00000000ed480000)
 ParOldGen       total 44032K, used 3806K [0x00000000c1600000, 0x00000000c4100000, 0x00000000eb200000)
  object space 44032K, 8% used [0x00000000c1600000,0x00000000c19b79f8,0x00000000c4100000)
 Metaspace       used 17764K, capacity 18084K, committed 18304K, reserved 1064960K
  class space    used 2227K, capacity 2338K, committed 2432K, reserved 1048576K
Event: 1.108 GC heap after
Heap after GC invocations=3 (full 0):
 PSYoungGen      total 35328K, used 2544K [0x00000000eb200000, 0x00000000ef700000, 0x0000000100000000)
  eden space 32768K, 0% used [0x00000000eb200000,0x00000000eb200000,0x00000000ed200000)
  from space 2560K, 99% used [0x00000000ed200000,0x00000000ed47c010,0x00000000ed480000)
  to   space 2560K, 0% used [0x00000000ef480000,0x00000000ef480000,0x00000000ef700000)
 ParOldGen       total 44032K, used 10871K [0x00000000c1600000, 0x00000000c4100000, 0x00000000eb200000)
  object space 44032K, 24% used [0x00000000c1600000,0x00000000c209dff8,0x00000000c4100000)
 Metaspace       used 17764K, capacity 18084K, committed 18304K, reserved 1064960K
  class space    used 2227K, capacity 2338K, committed 2432K, reserved 1048576K
}
Event: 1.380 GC heap before
{Heap before GC invocations=4 (full 0):
 PSYoungGen      total 35328K, used 17843K [0x00000000eb200000, 0x00000000ef700000, 0x0000000100000000)
  eden space 32768K, 46% used [0x00000000eb200000,0x00000000ec0f0fa8,0x00000000ed200000)
  from space 2560K, 99% used [0x00000000ed200000,0x00000000ed47c010,0x00000000ed480000)
  to   space 2560K, 0% used [0x00000000ef480000,0x00000000ef480000,0x00000000ef700000)
 ParOldGen       total 44032K, used 10871K [0x00000000c1600000, 0x00000000c4100000, 0x00000000eb200000)
  object space 44032K, 24% used [0x00000000c1600000,0x00000000c209dff8,0x00000000c4100000)
 Metaspace       used 20778K, capacity 21166K, committed 21248K, reserved 1067008K
  class space    used 2650K, capacity 2801K, committed 2816K, reserved 1048576K
Event: 1.387 GC heap after
Heap after GC invocations=4 (full 0):
 PSYoungGen      total 68096K, used 2560K [0x00000000eb200000, 0x00000000ef700000, 0x0000000100000000)
  eden space 65536K, 0% used [0x00000000eb200000,0x00000000eb200000,0x00000000ef200000)
  from space 2560K, 100% used [0x00000000ef480000,0x00000000ef700000,0x00000000ef700000)
  to   space 2560K, 0% used [0x00000000ef200000,0x00000000ef200000,0x00000000ef480000)
 ParOldGen       total 44032K, used 14290K [0x00000000c1600000, 0x00000000c4100000, 0x00000000eb200000)
  object space 44032K, 32% used [0x00000000c1600000,0x00000000c23f48b8,0x00000000c4100000)
 Metaspace       used 20778K, capacity 21166K, committed 21248K, reserved 1067008K
  class space    used 2650K, capacity 2801K, committed 2816K, reserved 1048576K
}
Event: 1.388 GC heap before
{Heap before GC invocations=5 (full 1):
 PSYoungGen      total 68096K, used 2560K [0x00000000eb200000, 0x00000000ef700000, 0x0000000100000000)
  eden space 65536K, 0% used [0x00000000eb200000,0x00000000eb200000,0x00000000ef200000)
  from space 2560K, 100% used [0x00000000ef480000,0x00000000ef700000,0x00000000ef700000)
  to   space 2560K, 0% used [0x00000000ef200000,0x00000000ef200000,0x00000000ef480000)
 ParOldGen       total 44032K, used 14290K [0x00000000c1600000, 0x00000000c4100000, 0x00000000eb200000)
  object space 44032K, 32% used [0x00000000c1600000,0x00000000c23f48b8,0x00000000c4100000)
 Metaspace       used 20778K, capacity 21166K, committed 21248K, reserved 1067008K
  class space    used 2650K, capacity 2801K, committed 2816K, reserved 1048576K
Event: 1.425 GC heap after
Heap after GC invocations=5 (full 1):
 PSYoungGen      total 68096K, used 0K [0x00000000eb200000, 0x00000000ef700000, 0x0000000100000000)
  eden space 65536K, 0% used [0x00000000eb200000,0x00000000eb200000,0x00000000ef200000)
  from space 2560K, 0% used [0x00000000ef480000,0x00000000ef480000,0x00000000ef700000)
  to   space 2560K, 0% used [0x00000000ef200000,0x00000000ef200000,0x00000000ef480000)
 ParOldGen       total 39936K, used 7497K [0x00000000c1600000, 0x00000000c3d00000, 0x00000000eb200000)
  object space 39936K, 18% used [0x00000000c1600000,0x00000000c1d527e0,0x00000000c3d00000)
 Metaspace       used 20778K, capacity 21166K, committed 21248K, reserved 1067008K
  class space    used 2650K, capacity 2801K, committed 2816K, reserved 1048576K
}

Deoptimization events (10 events):
Event: 1.334 Thread 0x0000000002194800 Uncommon trap: reason=unstable_if action=reinterpret pc=0x000000000257b8a4 method=java.lang.String.<init>([CII)V @ 18
Event: 1.449 Thread 0x0000000002194800 Uncommon trap: reason=unstable_if action=reinterpret pc=0x00000000026e4a3c method=org.jetbrains.kotlin.com.intellij.openapi.vfs.impl.ZipEntryMap.isTheOne(Lorg/jetbrains/kotlin/com/intellij/openapi/vfs/impl/ArchiveHandler$EntryInfo;Ljava/lang/CharSequence;
Event: 1.819 Thread 0x0000000002194800 Uncommon trap: reason=class_check action=maybe_recompile pc=0x0000000002766a4c method=org.jetbrains.kotlin.protobuf.CodedInputStream.tryRefillBuffer(I)Z @ 177
Event: 1.821 Thread 0x0000000002194800 Uncommon trap: reason=class_check action=maybe_recompile pc=0x0000000002766a4c method=org.jetbrains.kotlin.protobuf.CodedInputStream.tryRefillBuffer(I)Z @ 177
Event: 1.823 Thread 0x0000000002194800 Uncommon trap: reason=unstable_if action=reinterpret pc=0x00000000023f2678 method=java.lang.String.startsWith(Ljava/lang/String;I)Z @ 25
Event: 1.824 Thread 0x0000000002194800 Uncommon trap: reason=class_check action=maybe_recompile pc=0x0000000002766a4c method=org.jetbrains.kotlin.protobuf.CodedInputStream.tryRefillBuffer(I)Z @ 177
Event: 1.824 Thread 0x0000000002194800 Uncommon trap: reason=class_check action=maybe_recompile pc=0x0000000002766a4c method=org.jetbrains.kotlin.protobuf.CodedInputStream.tryRefillBuffer(I)Z @ 177
Event: 1.903 Thread 0x0000000002194800 Uncommon trap: reason=unstable_if action=reinterpret pc=0x00000000026f7a18 method=org.jetbrains.kotlin.com.intellij.util.SmartList.get(I)Ljava/lang/Object; @ 56
Event: 2.142 Thread 0x0000000002194800 Uncommon trap: reason=bimorphic action=maybe_recompile pc=0x000000000263b854 method=java.util.HashMap.putVal(ILjava/lang/Object;Ljava/lang/Object;ZZ)Ljava/lang/Object; @ 203
Event: 2.307 Thread 0x0000000002194800 Uncommon trap: reason=bimorphic action=maybe_recompile pc=0x000000000263b854 method=java.util.HashMap.putVal(ILjava/lang/Object;Ljava/lang/Object;ZZ)Ljava/lang/Object; @ 203

Classes redefined (0 events):
No events

Internal exceptions (10 events):
Event: 0.229 Thread 0x0000000002194800 Exception <a 'java/security/PrivilegedActionException'> (0x00000000ebbb7088) thrown at [D:\src\AOSP-openjdk-cygwin\jdk8u\hotspot\src\share\vm\prims\jvm.cpp, line 1390]
Event: 0.229 Thread 0x0000000002194800 Exception <a 'java/security/PrivilegedActionException'> (0x00000000ebbb7480) thrown at [D:\src\AOSP-openjdk-cygwin\jdk8u\hotspot\src\share\vm\prims\jvm.cpp, line 1390]
Event: 0.469 Thread 0x0000000002194800 Exception <a 'java/lang/ArrayIndexOutOfBoundsException'> (0x00000000ebc14ce0) thrown at [D:\src\AOSP-openjdk-cygwin\jdk8u\hotspot\src\share\vm\runtime\sharedRuntime.cpp, line 605]
Event: 0.720 Thread 0x0000000002194800 Exception <a 'java/lang/NoSuchFieldError': method resolution failed> (0x00000000ebac2c48) thrown at [D:\src\AOSP-openjdk-cygwin\jdk8u\hotspot\src\share\vm\prims\methodHandles.cpp, line 1167]
Event: 0.721 Thread 0x0000000002194800 Exception <a 'java/lang/NoSuchFieldError': method resolution failed> (0x00000000ebad0150) thrown at [D:\src\AOSP-openjdk-cygwin\jdk8u\hotspot\src\share\vm\prims\methodHandles.cpp, line 1167]
Event: 0.864 Thread 0x0000000002194800 Implicit null exception at 0x000000000251c36f to 0x000000000251c3d9
Event: 0.910 Thread 0x0000000002194800 Exception <a 'java/lang/NoSuchMethodError': java.lang.Object.lambda$comparing$77a9974f$1(Ljava/util/function/Function;Ljava/lang/Object;Ljava/lang/Object;)I> (0x00000000ec6d94f0) thrown at [D:\src\AOSP-openjdk-cygwin\jdk8u\hotspot\src\share\vm\interpreter
Event: 1.006 Thread 0x0000000002194800 Exception <a 'java/lang/ArrayIndexOutOfBoundsException': 60> (0x00000000eccca6e0) thrown at [D:\src\AOSP-openjdk-cygwin\jdk8u\hotspot\src\share\vm\interpreter\interpreterRuntime.cpp, line 366]
Event: 1.160 Thread 0x0000000002194800 Exception <a 'java/lang/NoSuchMethodError': java.lang.Object.lambda$static$0(I)[Lorg/jetbrains/kotlin/com/intellij/openapi/editor/event/DocumentListener;> (0x00000000eb4e7358) thrown at [D:\src\AOSP-openjdk-cygwin\jdk8u\hotspot\src\share\vm\interpreter\li
Event: 1.202 Thread 0x0000000002194800 Exception <a 'java/lang/NoSuchMethodError': java.lang.Object.lambda$static$0(I)[Lorg/jetbrains/kotlin/com/intellij/psi/PsiAnnotation;> (0x00000000eb6c9718) thrown at [D:\src\AOSP-openjdk-cygwin\jdk8u\hotspot\src\share\vm\interpreter\linkResolver.cpp, line

Events (10 events):
Event: 2.370 loading class org/jetbrains/kotlin/android/synthetic/descriptors/AndroidSyntheticPackageFragmentDescriptor
Event: 2.370 loading class org/jetbrains/kotlin/android/synthetic/descriptors/AndroidSyntheticPackageFragmentDescriptor done
Event: 2.370 loading class org/jetbrains/kotlin/descriptors/impl/PackageFragmentDescriptorImpl
Event: 2.370 loading class org/jetbrains/kotlin/descriptors/impl/PackageFragmentDescriptorImpl done
Event: 2.370 loading class org/jetbrains/kotlin/android/synthetic/descriptors/AndroidSyntheticPackageFragmentDescriptor$AndroidExtensionPropertiesScope
Event: 2.370 loading class org/jetbrains/kotlin/android/synthetic/descriptors/AndroidSyntheticPackageFragmentDescriptor$AndroidExtensionPropertiesScope done
Event: 2.371 loading class org/jetbrains/kotlin/resolve/scopes/MemberScopeImpl
Event: 2.371 loading class org/jetbrains/kotlin/resolve/scopes/MemberScopeImpl done
Event: 2.371 loading class org/jetbrains/kotlin/android/synthetic/descriptors/AndroidSyntheticPackageFragmentDescriptor$AndroidExtensionPropertiesScope$properties$1
Event: 2.371 loading class org/jetbrains/kotlin/android/synthetic/descriptors/AndroidSyntheticPackageFragmentDescriptor$AndroidExtensionPropertiesScope$properties$1 done


Dynamic libraries:
0x00007ff72d7a0000 - 0x00007ff72d7d1000 	E:\Android\jre\jre\bin\java.exe
0x00007ffa723c0000 - 0x00007ffa7256d000 	C:\Windows\SYSTEM32\ntdll.dll
0x00007ffa6fea0000 - 0x00007ffa6ffde000 	C:\Windows\system32\KERNEL32.DLL
0x00007ffa4f1f0000 - 0x00007ffa4f224000 	C:\Program Files\AVAST Software\Avast\x64\aswhooka.dll
0x00007ffa6f7b0000 - 0x00007ffa6f8c5000 	C:\Windows\system32\KERNELBASE.dll
0x00007ffa6ffe0000 - 0x00007ffa7008a000 	C:\Windows\system32\ADVAPI32.dll
0x00007ffa71a80000 - 0x00007ffa71bf7000 	C:\Windows\system32\USER32.dll
0x00007ffa6d430000 - 0x00007ffa6d6aa000 	C:\Windows\WinSxS\amd64_microsoft.windows.common-controls_6595b64144ccf1df_6.0.9600.17810_none_6240b9c7ecbd0bda\COMCTL32.dll
0x00007ffa6fdf0000 - 0x00007ffa6fe9a000 	C:\Windows\system32\msvcrt.dll
0x00007ffa701f0000 - 0x00007ffa70249000 	C:\Windows\SYSTEM32\sechost.dll
0x00007ffa70250000 - 0x00007ffa70391000 	C:\Windows\system32\RPCRT4.dll
0x00007ffa71c00000 - 0x00007ffa71d4f000 	C:\Windows\system32\GDI32.dll
0x00007ffa72380000 - 0x00007ffa723b6000 	C:\Windows\system32\IMM32.DLL
0x00007ffa70090000 - 0x00007ffa701e2000 	C:\Windows\system32\MSCTF.dll
0x00000000715e0000 - 0x00000000716b2000 	E:\Android\jre\jre\bin\msvcr100.dll
0x0000000071740000 - 0x0000000071f7f000 	E:\Android\jre\jre\bin\server\jvm.dll
0x00007ffa61820000 - 0x00007ffa61829000 	C:\Windows\SYSTEM32\WSOCK32.dll
0x00007ffa673b0000 - 0x00007ffa673d2000 	C:\Windows\SYSTEM32\WINMM.dll
0x00007ffa65aa0000 - 0x00007ffa65aaa000 	C:\Windows\SYSTEM32\VERSION.dll
0x00007ffa71e80000 - 0x00007ffa71e87000 	C:\Windows\system32\PSAPI.DLL
0x00007ffa72320000 - 0x00007ffa7237a000 	C:\Windows\system32\WS2_32.dll
0x00007ffa67380000 - 0x00007ffa673aa000 	C:\Windows\SYSTEM32\WINMMBASE.dll
0x00007ffa71a70000 - 0x00007ffa71a79000 	C:\Windows\system32\NSI.dll
0x00007ffa6f8d0000 - 0x00007ffa6f91f000 	C:\Windows\SYSTEM32\cfgmgr32.dll
0x00007ffa6e2e0000 - 0x00007ffa6e308000 	C:\Windows\SYSTEM32\DEVOBJ.dll
0x00007ffa4eca0000 - 0x00007ffa4ecaf000 	E:\Android\jre\jre\bin\verify.dll
0x00007ffa4ec70000 - 0x00007ffa4ec99000 	E:\Android\jre\jre\bin\java.dll
0x00007ffa4ec50000 - 0x00007ffa4ec66000 	E:\Android\jre\jre\bin\zip.dll
0x00007ffa703a0000 - 0x00007ffa718c8000 	C:\Windows\system32\SHELL32.dll
0x00007ffa6fa30000 - 0x00007ffa6fc42000 	C:\Windows\SYSTEM32\combase.dll
0x00007ffa6fd20000 - 0x00007ffa6fd74000 	C:\Windows\system32\SHLWAPI.dll
0x00007ffa6dd20000 - 0x00007ffa6ddd2000 	C:\Windows\SYSTEM32\SHCORE.dll
0x00007ffa6f500000 - 0x00007ffa6f515000 	C:\Windows\SYSTEM32\profapi.dll
0x00007ffa4ec30000 - 0x00007ffa4ec4a000 	E:\Android\jre\jre\bin\net.dll
0x00007ffa6edd0000 - 0x00007ffa6ee29000 	C:\Windows\system32\mswsock.dll
0x00007ffa4ec10000 - 0x00007ffa4ec21000 	E:\Android\jre\jre\bin\nio.dll

VM Arguments:
java_command: org.jetbrains.kotlin.cli.jvm.K2JVMCompiler -Xadd-compiler-builtins -Xbuild-file=C:\Users\BILALI~1\AppData\Local\Temp\kjps3166809020646330381app_debug.script.xml -classpath C:\Users\Bilal Idrees\.gradle\caches\modules-2\files-2.1\org.jetbrains.kotlin\kotlin-stdlib-jre7\1.2.30\b38fc19e670ebef931fef3ccdcb94eac2b65bb7d\kotlin-stdlib-jre7-1.2.30.jar;C:\Users\Bilal Idrees\.gradle\caches\transforms-1\files-1.1\appcompat-v7-27.1.1.aar\bd01ed5e84a1a8fea46b8b0683a59a0f\jars\classes.jar;C:\Users\Bilal Idrees\.gradle\caches\transforms-1\files-1.1\constraint-layout-1.1.3.aar\628a0c9fb6ecc2b86dce116a8734f79e\jars\classes.jar;C:\Users\Bilal Idrees\.gradle\caches\transforms-1\files-1.1\recyclerview-v7-27.1.1.aar\f4a06f19b14c1a9266b25cab6e62af96\jars\classes.jar;C:\Users\Bilal Idrees\.gradle\caches\transforms-1\files-1.1\cardview-v7-27.1.1.aar\e8c75a925ccd4b5eb1d7fe537e130265\jars\classes.jar;C:\Users\Bilal Idrees\.gradle\caches\modules-2\files-2.1\com.squareup.picasso\picasso\2.5.2\7446d06ec8d4f7ffcc53f1da37c95f200dcb9387\picasso-2.5.2.jar;C:\Users\Bilal Idrees\.gradle\caches\transforms-1\files-1.1\firebase-core-16.0.3.aar\b3fda79f3c29b62645cc16f6a1e361e5\jars\classes.jar;C:\Users\Bilal Idrees\.gradle\caches\transforms-1\files-1.1\firebase-database-16.0.1.aar\ba7710fc6661e7c96aaeb3d52aeb2ad0\jars\classes.jar;C:\Users\Bilal Idrees\.gradle\caches\transforms-1\files-1.1\firebase-storage-16.0.1.aar\f592471b97058c79f4508d7de12c3754\jars\classes.jar;C:\Users\Bilal Idrees\.gradle\caches\transforms-1\files-1.1\firebase-auth-16.0.3.aar\80a7a740c3beca25d246535992c991f7\jars\classes.jar;C:\Users\Bilal Idrees\.gradle\caches\modules-2\files-2.1\org.jetbrains.kotlin\kotlin-stdlib\1.2.30\2dfac33f8b4e92c9dd1422cd286834701a6f6d6\kotlin-stdlib-1.2.30.jar;C:\Users\Bilal Idrees\.gradle\caches\transforms-1\files-1.1\animated-vector-drawable-27.1.1.aar\3e9408be25d452976302c272c64ca27b\jars\classes.jar;C:\Users\Bilal Idrees\.gradle\caches\transforms-1\files-1.1\support-vector-drawable-27.
java_class_path (initial): C:\Users\Bilal Idrees\.gradle\caches\modules-2\files-2.1\org.jetbrains.kotlin\kotlin-compiler-embeddable\1.2.30\9b3f10d4717b9ac238b287e9b6eb2b4eadd8e870\kotlin-compiler-embeddable-1.2.30.jar;C:\Users\Bilal Idrees\.gradle\caches\modules-2\files-2.1\org.jetbrains.kotlin\kotlin-stdlib\1.2.30\2dfac33f8b4e92c9dd1422cd286834701a6f6d6\kotlin-stdlib-1.2.30.jar;C:\Users\Bilal Idrees\.gradle\caches\modules-2\files-2.1\org.jetbrains.kotlin\kotlin-script-runtime\1.2.30\37ee7531a636e99b639f8b1544cdda27d0ee30b0\kotlin-script-runtime-1.2.30.jar;C:\Users\Bilal Idrees\.gradle\caches\modules-2\files-2.1\org.jetbrains.kotlin\kotlin-reflect\1.2.30\9758025a415ee400e1f90ff222bcfec247779133\kotlin-reflect-1.2.30.jar;E:\Android\jre\lib\tools.jar
Launcher Type: SUN_STANDARD

Environment Variables:
JAVA_HOME=C:\Program Files\Java\jdk1.8.0_131
PATH=C:\ProgramData\Oracle\Java\javapath;C:\Windows\system32;C:\Windows;C:\Windows\System32\Wbem;C:\Windows\System32\WindowsPowerShell\v1.0\;C:\Program Files (x86)\Windows Kits\8.1\Windows Performance Toolkit\;C:\Program Files\Microsoft SQL Server\110\Tools\Binn\;C:\Program Files (x86)\Microsoft SQL Server\100\Tools\Binn\;C:\Program Files\Microsoft SQL Server\100\Tools\Binn\;C:\Program Files\Microsoft SQL Server\100\DTS\Binn\;C:\Program Files (x86)\Microsoft SQL Server\100\Tools\Binn\VSShell\Common7\IDE\;C:\Program Files (x86)\Microsoft SQL Server\100\DTS\Binn\;C:\Program Files (x86)\GtkSharp\2.12\bin;C:\Program Files\Git\cmd;;C:\Program Files\Microsoft VS Code\bin
USERNAME=Bilal Idrees
OS=Windows_NT
PROCESSOR_IDENTIFIER=Intel64 Family 6 Model 69 Stepping 1, GenuineIntel



---------------  S Y S T E M  ---------------

OS: Windows 8.1 , 64 bit Build 9600 (6.3.9600.17415)

CPU:total 4 (initial active 4) (2 cores per cpu, 2 threads per core) family 6 model 69 stepping 1, cmov, cx8, fxsr, mmx, sse, sse2, sse3, ssse3, sse4.1, sse4.2, popcnt, avx, avx2, aes, clmul, erms, rtm, lzcnt, ht, tsc, tscinvbit, bmi1, bmi2

Memory: 4k page, physical 4097580k(357516k free), swap 6711484k(4808k free)

vm_info: OpenJDK 64-Bit Server VM (25.152-b02) for windows-amd64 JRE (1.8.0_152-release-1024-b02), built by "builder" with MS VC++ 10.0 (VS2010)

time: Mon Oct 01 17:36:58 2018
elapsed time: 2 seconds (0d 0h 0m 2s)

